#
# There is insufficient memory for the Java Runtime Environment to continue.
# Native memory allocation (malloc) failed to allocate 1741776 bytes for Chunk::new
# Possible reasons:
#   The system is out of physical RAM or swap space
#   In 32 bit mode, the process size limit was hit
# Possible solutions:
#   Reduce memory load on the system
#   Increase physical memory or swap space
#   Check if swap backing store is full
#   Use 64 bit Java on a 64 bit OS
#   Decrease Java heap size (-Xmx/-Xms)
#   Decrease number of Java threads
#   Decrease Java thread stack sizes (-Xss)
#   Set larger code cache with -XX:ReservedCodeCacheSize=
# This output file may be truncated or incomplete.
#
#  Out of Memory Error (allocation.cpp:390), pid=24332, tid=24664
#
# JRE version: Java(TM) SE Runtime Environment (8.0_45-b14) (build 1.8.0_45-b14)
# Java VM: Java HotSpot(TM) 64-Bit Server VM (25.45-b02 mixed mode windows-amd64 compressed oops)
# Failed to write core dump. Minidumps are not enabled by default on client versions of Windows
#

---------------  T H R E A D  ---------------

Current thread (0x0000000056567000):  JavaThread "C2 CompilerThread0" daemon [_thread_in_native, id=24664, stack(0x0000000056ce0000,0x0000000056de0000)]

Stack: [0x0000000056ce0000,0x0000000056de0000]
Native frames: (J=compiled Java code, j=interpreted, Vv=VM code, C=native code)
V  [jvm.dll+0x32b57a]
V  [jvm.dll+0x279873]
V  [jvm.dll+0x27a509]
V  [jvm.dll+0x271825]
V  [jvm.dll+0xcb9e2]
V  [jvm.dll+0xcbeac]
V  [jvm.dll+0x476ef2]
V  [jvm.dll+0x4b955f]
V  [jvm.dll+0x46baa8]
V  [jvm.dll+0x46ccbe]
V  [jvm.dll+0x4500f2]
V  [jvm.dll+0xa4352]
V  [jvm.dll+0xa4c8f]
V  [jvm.dll+0x241984]
V  [jvm.dll+0x29853a]
C  [msvcr100.dll+0x21d9f]
C  [msvcr100.dll+0x21e3b]
C  [kernel32.dll+0x159bd]
C  [ntdll.dll+0x2a2e1]


Current CompileTask:
C2:    815 1038   !   4       com.android.dx.cf.code.BytecodeArray::parseInstruction (2764 bytes)


---------------  P R O C E S S  ---------------

Java Threads: ( => current thread )
  0x0000000056829000 JavaThread "pool-2-thread-4" [_thread_in_Java, id=16404, stack(0x00000000579b0000,0x0000000057ab0000)]
  0x0000000056824000 JavaThread "pool-2-thread-3" [_thread_in_Java, id=24248, stack(0x0000000056950000,0x0000000056a50000)]
  0x0000000056815800 JavaThread "pool-2-thread-2" [_thread_in_vm, id=25884, stack(0x0000000057840000,0x0000000057940000)]
  0x0000000056771000 JavaThread "pool-3-thread-1" [_thread_blocked, id=25220, stack(0x00000000576a0000,0x00000000577a0000)]
  0x000000005676d000 JavaThread "pool-2-thread-1" [_thread_blocked, id=24412, stack(0x0000000057560000,0x0000000057660000)]
  0x00000000565f5000 JavaThread "Service Thread" daemon [_thread_blocked, id=26200, stack(0x0000000057240000,0x0000000057340000)]
  0x000000005656b800 JavaThread "C1 CompilerThread2" daemon [_thread_in_native, id=26056, stack(0x00000000570a0000,0x00000000571a0000)]
  0x000000005656a800 JavaThread "C2 CompilerThread1" daemon [_thread_in_native, id=24932, stack(0x0000000056e60000,0x0000000056f60000)]
=>0x0000000056567000 JavaThread "C2 CompilerThread0" daemon [_thread_in_native, id=24664, stack(0x0000000056ce0000,0x0000000056de0000)]
  0x0000000055321800 JavaThread "Attach Listener" daemon [_thread_blocked, id=26512, stack(0x0000000056bc0000,0x0000000056cc0000)]
  0x0000000055320800 JavaThread "Signal Dispatcher" daemon [_thread_blocked, id=26236, stack(0x0000000056a70000,0x0000000056b70000)]
  0x00000000552c5000 JavaThread "Finalizer" daemon [_thread_blocked, id=24692, stack(0x0000000056450000,0x0000000056550000)]
  0x00000000552c3800 JavaThread "Reference Handler" daemon [_thread_blocked, id=24064, stack(0x0000000056300000,0x0000000056400000)]
  0x00000000026fe000 JavaThread "main" [_thread_blocked, id=19804, stack(0x00000000028f0000,0x00000000029f0000)]

Other Threads:
  0x00000000552be800 VMThread [stack: 0x0000000056160000,0x0000000056260000] [id=24924]
  0x0000000056610000 WatcherThread [stack: 0x0000000057420000,0x0000000057520000] [id=18632]

VM state:not at safepoint (normal execution)

VM Mutex/Monitor currently owned by a thread: None

Heap:
 PSYoungGen      total 36864K, used 36738K [0x00000000eab00000, 0x00000000ef300000, 0x0000000100000000)
  eden space 31744K, 99% used [0x00000000eab00000,0x00000000ec9e8260,0x00000000eca00000)
  from space 5120K, 99% used [0x00000000eca00000,0x00000000ecef8870,0x00000000ecf00000)
  to   space 5120K, 0% used [0x00000000eee00000,0x00000000eee00000,0x00000000ef300000)
 ParOldGen       total 84992K, used 4110K [0x00000000c0000000, 0x00000000c5300000, 0x00000000eab00000)
  object space 84992K, 4% used [0x00000000c0000000,0x00000000c04038d8,0x00000000c5300000)
 Metaspace       used 5842K, capacity 6832K, committed 7040K, reserved 1056768K
  class space    used 590K, capacity 616K, committed 640K, reserved 1048576K

Card table byte_map: [0x0000000011db0000,0x0000000011fc0000] byte_map_base: 0x00000000117b0000

Marking Bits: (ParMarkBitMap*) 0x000000005d324040
 Begin Bits: [0x0000000012730000, 0x0000000013730000)
 End Bits:   [0x0000000013730000, 0x0000000014730000)

Polling page: 0x0000000000130000

CodeCache: size=245760Kb used=4210Kb max_used=4210Kb free=241550Kb
 bounds [0x00000000029f0000, 0x0000000002e10000, 0x00000000119f0000]
 total_blobs=1312 nmethods=1041 adapters=184
 compilation: enabled

Compilation events (10 events):
Event: 0.741 Thread 0x0000000056567000 nmethod 1043 0x0000000002dfbe10 code [0x0000000002dfbf60, 0x0000000002dfc1d8]
Event: 0.741 Thread 0x0000000056567000  995       4       java.lang.Integer::numberOfTrailingZeros (79 bytes)
Event: 0.741 Thread 0x0000000056567000 nmethod 995 0x0000000002db4c90 code [0x0000000002db4dc0, 0x0000000002db4e78]
Event: 0.741 Thread 0x0000000056567000  933       4       com.android.dx.rop.type.Type::equals (31 bytes)
Event: 0.742 Thread 0x0000000056567000 nmethod 933 0x0000000002dfba90 code [0x0000000002dfbbe0, 0x0000000002dfbd58]
Event: 0.742 Thread 0x0000000056567000 1041       4       com.android.dx.cf.code.BasicBlocker::addWorkIfNecessary (32 bytes)
Event: 0.743 Thread 0x0000000056567000 nmethod 1041 0x0000000002dfef50 code [0x0000000002dff0a0, 0x0000000002dff1d8]
Event: 0.743 Thread 0x0000000056567000  939       4       com.android.dx.rop.code.Insn::<init> (69 bytes)
Event: 0.743 Thread 0x0000000056567000 nmethod 939 0x0000000002e00cd0 code [0x0000000002e00e00, 0x0000000002e00ef8]
Event: 0.743 Thread 0x0000000056567000 1038   !   4       com.android.dx.cf.code.BytecodeArray::parseInstruction (2764 bytes)

GC Heap History (2 events):
Event: 0.692 GC heap before
{Heap before GC invocations=1 (full 0):
 PSYoungGen      total 36864K, used 31744K [0x00000000eab00000, 0x00000000ed400000, 0x0000000100000000)
  eden space 31744K, 100% used [0x00000000eab00000,0x00000000eca00000,0x00000000eca00000)
  from space 5120K, 0% used [0x00000000ecf00000,0x00000000ecf00000,0x00000000ed400000)
  to   space 5120K, 0% used [0x00000000eca00000,0x00000000eca00000,0x00000000ecf00000)
 ParOldGen       total 84992K, used 0K [0x00000000c0000000, 0x00000000c5300000, 0x00000000eab00000)
  object space 84992K, 0% used [0x00000000c0000000,0x00000000c0000000,0x00000000c5300000)
 Metaspace       used 5821K, capacity 6832K, committed 7040K, reserved 1056768K
  class space    used 589K, capacity 616K, committed 640K, reserved 1048576K
Event: 0.705 GC heap after
Heap after GC invocations=1 (full 0):
 PSYoungGen      total 36864K, used 5090K [0x00000000eab00000, 0x00000000ef300000, 0x0000000100000000)
  eden space 31744K, 0% used [0x00000000eab00000,0x00000000eab00000,0x00000000eca00000)
  from space 5120K, 99% used [0x00000000eca00000,0x00000000ecef8870,0x00000000ecf00000)
  to   space 5120K, 0% used [0x00000000eee00000,0x00000000eee00000,0x00000000ef300000)
 ParOldGen       total 84992K, used 4110K [0x00000000c0000000, 0x00000000c5300000, 0x00000000eab00000)
  object space 84992K, 4% used [0x00000000c0000000,0x00000000c04038d8,0x00000000c5300000)
 Metaspace       used 5821K, capacity 6832K, committed 7040K, reserved 1056768K
  class space    used 589K, capacity 616K, committed 640K, reserved 1048576K
}

Deoptimization events (10 events):
Event: 0.427 Thread 0x0000000056824000 Uncommon trap: reason=unstable_if action=reinterpret pc=0x0000000002c52ba0 method=java.util.BitSet.nextSetBit(I)I @ 87
Event: 0.570 Thread 0x0000000056829000 Uncommon trap: reason=null_check action=make_not_entrant pc=0x0000000002d04a98 method=com.android.dx.ssa.SsaRenamer.getLocalForNewReg(I)Lcom/android/dx/rop/code/LocalItem; @ 19
Event: 0.622 Thread 0x00000000026fe000 Uncommon trap: reason=class_check action=maybe_recompile pc=0x0000000002db1ad0 method=com.android.dx.ssa.NormalSsaInsn.accept(Lcom/android/dx/ssa/SsaInsn$Visitor;)V @ 9
Event: 0.627 Thread 0x00000000026fe000 Uncommon trap: reason=class_check action=maybe_recompile pc=0x0000000002db1ad0 method=com.android.dx.ssa.NormalSsaInsn.accept(Lcom/android/dx/ssa/SsaInsn$Visitor;)V @ 9
Event: 0.631 Thread 0x00000000026fe000 Uncommon trap: reason=bimorphic action=maybe_recompile pc=0x0000000002d1564c method=java.util.HashMap.getNode(ILjava/lang/Object;)Ljava/util/HashMap$Node; @ 126
Event: 0.644 Thread 0x0000000056829000 Uncommon trap: reason=bimorphic action=maybe_recompile pc=0x0000000002d1564c method=java.util.HashMap.getNode(ILjava/lang/Object;)Ljava/util/HashMap$Node; @ 126
Event: 0.645 Thread 0x0000000056829000 Uncommon trap: reason=class_check action=maybe_recompile pc=0x0000000002db1ad0 method=com.android.dx.ssa.NormalSsaInsn.accept(Lcom/android/dx/ssa/SsaInsn$Visitor;)V @ 9
Event: 0.645 Thread 0x0000000056829000 Uncommon trap: reason=class_check action=maybe_recompile pc=0x0000000002db1ad0 method=com.android.dx.ssa.NormalSsaInsn.accept(Lcom/android/dx/ssa/SsaInsn$Visitor;)V @ 9
Event: 0.720 Thread 0x0000000056824000 Uncommon trap: reason=bimorphic action=maybe_recompile pc=0x0000000002d1564c method=java.util.HashMap.getNode(ILjava/lang/Object;)Ljava/util/HashMap$Node; @ 126
Event: 0.720 Thread 0x0000000056824000 Uncommon trap: reason=bimorphic action=maybe_recompile pc=0x0000000002d1564c method=java.util.HashMap.getNode(ILjava/lang/Object;)Ljava/util/HashMap$Node; @ 126

Internal exceptions (3 events):
Event: 0.108 Thread 0x00000000026fe000 Exception <a 'java/lang/NoSuchMethodError': Method sun.misc.Unsafe.defineClass(Ljava/lang/String;[BII)Ljava/lang/Class; name or signature does not match> (0x00000000eab12f08) thrown at [C:\re\workspace\8-2-build-windows-amd64-cygwin\jdk8u45\3457\hotspot\sr‰óÒ—™»?
Event: 0.108 Thread 0x00000000026fe000 Exception <a 'java/lang/NoSuchMethodError': Method sun.misc.Unsafe.prefetchRead(Ljava/lang/Object;J)V name or signature does not match> (0x00000000eab13198) thrown at [C:\re\workspace\8-2-build-windows-amd64-cygwin\jdk8u45\3457\hotspot\src\share\vm\prims\jE÷îd“;â?
Event: 0.570 Thread 0x0000000056829000 Implicit null exception at 0x0000000002d023fa to 0x0000000002d04a79

Events (10 events):
Event: 0.740 Thread 0x00000000026fe000 DEOPT PACKING pc=0x0000000002c5c83a sp=0x00000000029ee240
Event: 0.740 Thread 0x00000000026fe000 DEOPT UNPACKING pc=0x0000000002a3787f sp=0x00000000029edfa8 mode 0
Event: 0.740 Thread 0x00000000026fe000 DEOPT PACKING pc=0x0000000002c5c83a sp=0x00000000029ee240
Event: 0.740 Thread 0x00000000026fe000 DEOPT UNPACKING pc=0x0000000002a3787f sp=0x00000000029edfa8 mode 0
Event: 0.740 Thread 0x00000000026fe000 DEOPT PACKING pc=0x0000000002c5c83a sp=0x00000000029ee240
Event: 0.740 Thread 0x00000000026fe000 DEOPT UNPACKING pc=0x0000000002a3787f sp=0x00000000029edfa8 mode 0
Event: 0.741 Thread 0x00000000026fe000 DEOPT PACKING pc=0x0000000002c5c83a sp=0x00000000029ee240
Event: 0.741 Thread 0x00000000026fe000 DEOPT UNPACKING pc=0x0000000002a3787f sp=0x00000000029edfa8 mode 0
Event: 0.738 Thread 0x0000000056824000 DEOPT PACKING pc=0x0000000002c5c83a sp=0x0000000056a4e410
Event: 0.744 Thread 0x0000000056824000 DEOPT UNPACKING pc=0x0000000002a3787f sp=0x0000000056a4e178 mode 0


Dynamic libraries:
0x000000013ff30000 - 0x000000013ff67000 	C:\Program Files\Java\jdk1.8.0_45\bin\java.exe
0x0000000077370000 - 0x000000007751a000 	C:\Windows\SYSTEM32\ntdll.dll
0x0000000077150000 - 0x000000007726f000 	C:\Windows\system32\kernel32.dll
0x000007fefd5d0000 - 0x000007fefd63a000 	C:\Windows\system32\KERNELBASE.dll
0x000007fefe020000 - 0x000007fefe0fb000 	C:\Windows\system32\ADVAPI32.dll
0x000007fefdd20000 - 0x000007fefddbf000 	C:\Windows\system32\msvcrt.dll
0x000007fefe290000 - 0x000007fefe2af000 	C:\Windows\SYSTEM32\sechost.dll
0x000007feff550000 - 0x000007feff67d000 	C:\Windows\system32\RPCRT4.dll
0x0000000077270000 - 0x000000007736a000 	C:\Windows\system32\USER32.dll
0x000007fefdbe0000 - 0x000007fefdc47000 	C:\Windows\system32\GDI32.dll
0x000007fefd910000 - 0x000007fefd91e000 	C:\Windows\system32\LPK.dll
0x000007fefdc50000 - 0x000007fefdd1a000 	C:\Windows\system32\USP10.dll
0x000007fefbc60000 - 0x000007fefbe54000 	C:\Windows\WinSxS\amd64_microsoft.windows.common-controls_6595b64144ccf1df_6.0.7601.18837_none_fa3b1e3d17594757\COMCTL32.dll
0x000007fefd980000 - 0x000007fefd9f1000 	C:\Windows\system32\SHLWAPI.dll
0x000007fefd8e0000 - 0x000007fefd90e000 	C:\Windows\system32\IMM32.DLL
0x000007fefe180000 - 0x000007fefe289000 	C:\Windows\system32\MSCTF.dll
0x00000000654f0000 - 0x00000000655c2000 	C:\Program Files\Java\jdk1.8.0_45\jre\bin\msvcr100.dll
0x000000005cb20000 - 0x000000005d3a3000 	C:\Program Files\Java\jdk1.8.0_45\jre\bin\server\jvm.dll
0x000007fef9e90000 - 0x000007fef9e99000 	C:\Windows\system32\WSOCK32.dll
0x000007fefddc0000 - 0x000007fefde0d000 	C:\Windows\system32\WS2_32.dll
0x000007feff3a0000 - 0x000007feff3a8000 	C:\Windows\system32\NSI.dll
0x000007fefb260000 - 0x000007fefb29b000 	C:\Windows\system32\WINMM.dll
0x000007fefc3d0000 - 0x000007fefc3dc000 	C:\Windows\system32\VERSION.dll
0x0000000077530000 - 0x0000000077537000 	C:\Windows\system32\PSAPI.DLL
0x0000000070430000 - 0x000000007043f000 	C:\Program Files\Java\jdk1.8.0_45\jre\bin\verify.dll
0x0000000068db0000 - 0x0000000068dd9000 	C:\Program Files\Java\jdk1.8.0_45\jre\bin\java.dll
0x000000006c2d0000 - 0x000000006c2e6000 	C:\Program Files\Java\jdk1.8.0_45\jre\bin\zip.dll
0x000007fefe350000 - 0x000007feff0d9000 	C:\Windows\system32\SHELL32.dll
0x000007fefde10000 - 0x000007fefe013000 	C:\Windows\system32\ole32.dll
0x000007fefd270000 - 0x000007fefd27f000 	C:\Windows\system32\profapi.dll
0x000007feecb60000 - 0x000007feecc85000 	C:\Windows\system32\dbghelp.dll

VM Arguments:
jvm_args: -Djava.awt.headless=true -Xmx1024M -Dfile.encoding=GBK -Duser.country=CN -Duser.language=zh -Duser.variant 
java_command: com.android.dx.command.Main --dex --force-jumbo --num-threads=4 --multi-dex --output E:\Download\Demo\xiaobai\app\build\intermediates\transforms\dex\debug\folders\1000\5\slice_9 E:\Download\Demo\xiaobai\app\build\intermediates\transforms\instantRunSlicer\debug\folders\1\5\slice_9
java_class_path (initial): C:\Users\wangc\AppData\Local\Android\sdk\build-tools\23.0.3\lib\dx.jar
Launcher Type: SUN_STANDARD

Environment Variables:
JAVA_HOME=C:\Program Files\Java\jdk1.8.0_45
CLASSPATH=.;C:\Program Files\Java\jdk1.8.0_45\lib;C:\Program Files\Java\jdk1.8.0_45\lib\tools.jar;D:\H5\apache-ant-1.8.1\apache-ant-1.8.1\lib
PATH=C:\ProgramData\Oracle\Java\javapath;C:\Windows\system32;C:\Windows;C:\Windows\System32\Wbem;C:\Windows\System32\WindowsPowerShell\v1.0\; C:\Program Files\Java\jdk1.8.0_45\bin;C:\Program Files\Java\jdk1.8.0_45\jre\bin;C:\Program Files\TortoiseSVN\bin;D:\adt-bundle-windows-x86_64-20140624\adt-bundle-windows-x86_64-20140624\sdk\sdk\platform-tools;D:\adt-bundle-windows-x86_64-20140624\adt-bundle-windows-x86_64-20140624\sdk\sdk\tools;C:\Program Files\nodejs;C:\ProgramData\chocolatey\bin;C:\Program Files\nodejs\;C:\Program Files\Git\cmd;C:\Users\wangc\AppData\Local\Android\sdk\tools;C:\Users\wangc\AppData\Local\Android\sdk\platform-tools;C:\Users\wangc\AppData\Roaming\npm
USERNAME=wangc
OS=Windows_NT
PROCESSOR_IDENTIFIER=Intel64 Family 6 Model 60 Stepping 3, GenuineIntel



---------------  S Y S T E M  ---------------

OS: Windows 7 , 64 bit Build 7601 (6.1.7601.23392)

CPU:total 4 (4 cores per cpu, 1 threads per core) family 6 model 60 stepping 3, cmov, cx8, fxsr, mmx, sse, sse2, sse3, ssse3, sse4.1, sse4.2, popcnt, avx, avx2, aes, clmul, erms, rtm, lzcnt, tsc, tscinvbit, bmi1, bmi2

Memory: 4k page, physical 8060540k(92008k free), swap 12252988k(4768k free)

vm_info: Java HotSpot(TM) 64-Bit Server VM (25.45-b02) for windows-amd64 JRE (1.8.0_45-b14), built on Apr 10 2015 10:34:15 by "java_re" with MS VC++ 10.0 (VS2010)

time: Fri Jun 03 17:12:22 2016
elapsed time: 0 seconds (0d 0h 0m 0s)

