#
# There is insufficient memory for the Java Runtime Environment to continue.
# Native memory allocation (malloc) failed to allocate 215696 bytes for Chunk::new
# Possible reasons:
#   The system is out of physical RAM or swap space
#   In 32 bit mode, the process size limit was hit
# Possible solutions:
#   Reduce memory load on the system
#   Increase physical memory or swap space
#   Check if swap backing store is full
#   Use 64 bit Java on a 64 bit OS
#   Decrease Java heap size (-Xmx/-Xms)
#   Decrease number of Java threads
#   Decrease Java thread stack sizes (-Xss)
#   Set larger code cache with -XX:ReservedCodeCacheSize=
# This output file may be truncated or incomplete.
#
#  Out of Memory Error (allocation.cpp:390), pid=29324, tid=29548
#
# JRE version: Java(TM) SE Runtime Environment (8.0_45-b14) (build 1.8.0_45-b14)
# Java VM: Java HotSpot(TM) 64-Bit Server VM (25.45-b02 mixed mode windows-amd64 compressed oops)
# Failed to write core dump. Minidumps are not enabled by default on client versions of Windows
#

---------------  T H R E A D  ---------------

Current thread (0x000000005647b000):  JavaThread "C2 CompilerThread0" daemon [_thread_in_native, id=29548, stack(0x0000000056c50000,0x0000000056d50000)]

Stack: [0x0000000056c50000,0x0000000056d50000]
Native frames: (J=compiled Java code, j=interpreted, Vv=VM code, C=native code)
V  [jvm.dll+0x32b57a]


Current CompileTask:
C2:    741  989       4       com.android.dx.ssa.NormalSsaInsn::accept (25 bytes)


---------------  P R O C E S S  ---------------

Java Threads: ( => current thread )
  0x000000005674d000 JavaThread "pool-2-thread-4" [_thread_in_Java, id=29644, stack(0x00000000571e0000,0x00000000572e0000)]
  0x000000005671a000 JavaThread "pool-2-thread-3" [_thread_in_Java, id=29636, stack(0x0000000057980000,0x0000000057a80000)]
  0x00000000565ed800 JavaThread "pool-3-thread-1" [_thread_blocked, id=29608, stack(0x0000000057610000,0x0000000057710000)]
  0x00000000564fd000 JavaThread "Service Thread" daemon [_thread_blocked, id=29572, stack(0x0000000057050000,0x0000000057150000)]
  0x00000000564a6800 JavaThread "C1 CompilerThread2" daemon [_thread_in_vm, id=29560, stack(0x0000000056e50000,0x0000000056f50000)]
  0x0000000056485000 JavaThread "C2 CompilerThread1" daemon [_thread_in_native, id=29552, stack(0x0000000056a20000,0x0000000056b20000)]
=>0x000000005647b000 JavaThread "C2 CompilerThread0" daemon [_thread_in_native, id=29548, stack(0x0000000056c50000,0x0000000056d50000)]
  0x0000000056479800 JavaThread "Attach Listener" daemon [_thread_blocked, id=29544, stack(0x0000000056b20000,0x0000000056c20000)]
  0x0000000056478800 JavaThread "Signal Dispatcher" daemon [_thread_blocked, id=29540, stack(0x00000000568e0000,0x00000000569e0000)]
  0x0000000055227000 JavaThread "Finalizer" daemon [_thread_blocked, id=29508, stack(0x0000000056370000,0x0000000056470000)]
  0x0000000055220000 JavaThread "Reference Handler" daemon [_thread_blocked, id=29504, stack(0x0000000056240000,0x0000000056340000)]
  0x000000000260e000 JavaThread "main" [_thread_blocked, id=29440, stack(0x0000000002700000,0x0000000002800000)]

Other Threads:
  0x000000005521a800 VMThread [stack: 0x0000000056080000,0x0000000056180000] [id=29492]
  0x000000005650e000 WatcherThread [stack: 0x00000000572e0000,0x00000000573e0000] [id=29584]

VM state:not at safepoint (normal execution)

VM Mutex/Monitor currently owned by a thread: None

Heap:
 PSYoungGen      total 36864K, used 13459K [0x00000000eab00000, 0x00000000ed400000, 0x0000000100000000)
  eden space 31744K, 26% used [0x00000000eab00000,0x00000000eb325680,0x00000000eca00000)
  from space 5120K, 99% used [0x00000000eca00000,0x00000000eceff5d8,0x00000000ecf00000)
  to   space 5120K, 0% used [0x00000000ecf00000,0x00000000ecf00000,0x00000000ed400000)
 ParOldGen       total 84992K, used 4281K [0x00000000c0000000, 0x00000000c5300000, 0x00000000eab00000)
  object space 84992K, 5% used [0x00000000c0000000,0x00000000c042e6a0,0x00000000c5300000)
 Metaspace       used 5810K, capacity 6832K, committed 7040K, reserved 1056768K
  class space    used 589K, capacity 616K, committed 640K, reserved 1048576K

Card table byte_map: [0x0000000011bc0000,0x0000000011dd0000] byte_map_base: 0x00000000115c0000

Marking Bits: (ParMarkBitMap*) 0x00000000611b4040
 Begin Bits: [0x0000000012690000, 0x0000000013690000)
 End Bits:   [0x0000000013690000, 0x0000000014690000)

Polling page: 0x0000000000130000

CodeCache: size=245760Kb used=4120Kb max_used=4120Kb free=241639Kb
 bounds [0x0000000002800000, 0x0000000002c10000, 0x0000000011800000]
 total_blobs=1354 nmethods=1084 adapters=183
 compilation: enabled

Compilation events (10 events):
Event: 0.735 Thread 0x00000000564a6800 1111       2       com.android.dx.ssa.SsaBasicBlock::addPhiInsnForReg (18 bytes)
Event: 0.735 Thread 0x00000000564a6800 nmethod 1111 0x0000000002c04ed0 code [0x0000000002c05060, 0x0000000002c05408]
Event: 0.735 Thread 0x00000000564a6800 1112       2       com.android.dx.ssa.PhiInsn::<init> (29 bytes)
Event: 0.735 Thread 0x00000000564a6800 nmethod 1112 0x0000000002c05650 code [0x0000000002c057e0, 0x0000000002c05ad8]
Event: 0.735 Thread 0x00000000564a6800 1113       2       com.android.dx.rop.code.RegisterSpec::<init> (8 bytes)
Event: 0.735 Thread 0x00000000564a6800 nmethod 1113 0x0000000002c05c50 code [0x0000000002c05dc0, 0x0000000002c05f28]
Event: 0.736 Thread 0x00000000564a6800 1114       2       com.android.dx.rop.cst.CstKnownNull::equals (5 bytes)
Event: 0.736 Thread 0x00000000564a6800 nmethod 1114 0x0000000002c05fd0 code [0x0000000002c06120, 0x0000000002c062b0]
Event: 0.738 Thread 0x00000000564a6800 1115       2       com.android.dx.ssa.SsaMethod::buildUseList (112 bytes)
Event: 0.739 Thread 0x00000000564a6800 nmethod 1115 0x0000000002c06350 code [0x0000000002c06540, 0x0000000002c06e98]

GC Heap History (2 events):
Event: 0.648 GC heap before
{Heap before GC invocations=1 (full 0):
 PSYoungGen      total 36864K, used 31744K [0x00000000eab00000, 0x00000000ed400000, 0x0000000100000000)
  eden space 31744K, 100% used [0x00000000eab00000,0x00000000eca00000,0x00000000eca00000)
  from space 5120K, 0% used [0x00000000ecf00000,0x00000000ecf00000,0x00000000ed400000)
  to   space 5120K, 0% used [0x00000000eca00000,0x00000000eca00000,0x00000000ecf00000)
 ParOldGen       total 84992K, used 0K [0x00000000c0000000, 0x00000000c5300000, 0x00000000eab00000)
  object space 84992K, 0% used [0x00000000c0000000,0x00000000c0000000,0x00000000c5300000)
 Metaspace       used 5766K, capacity 6768K, committed 7040K, reserved 1056768K
  class space    used 587K, capacity 616K, committed 640K, reserved 1048576K
Event: 0.690 GC heap after
Heap after GC invocations=1 (full 0):
 PSYoungGen      total 36864K, used 5117K [0x00000000eab00000, 0x00000000ed400000, 0x0000000100000000)
  eden space 31744K, 0% used [0x00000000eab00000,0x00000000eab00000,0x00000000eca00000)
  from space 5120K, 99% used [0x00000000eca00000,0x00000000eceff5d8,0x00000000ecf00000)
  to   space 5120K, 0% used [0x00000000ecf00000,0x00000000ecf00000,0x00000000ed400000)
 ParOldGen       total 84992K, used 4281K [0x00000000c0000000, 0x00000000c5300000, 0x00000000eab00000)
  object space 84992K, 5% used [0x00000000c0000000,0x00000000c042e6a0,0x00000000c5300000)
 Metaspace       used 5766K, capacity 6768K, committed 7040K, reserved 1056768K
  class space    used 587K, capacity 616K, committed 640K, reserved 1048576K
}

Deoptimization events (10 events):
Event: 0.589 Thread 0x000000005666d000 Uncommon trap: reason=unstable_if action=reinterpret pc=0x0000000002a5cb38 method=java.util.HashMap.getNode(ILjava/lang/Object;)Ljava/util/HashMap$Node; @ 129
Event: 0.589 Thread 0x000000005666d000 Uncommon trap: reason=unstable_if action=reinterpret pc=0x0000000002a69e98 method=java.util.HashMap.getNode(ILjava/lang/Object;)Ljava/util/HashMap$Node; @ 129
Event: 0.590 Thread 0x000000005666d000 Uncommon trap: reason=unstable_if action=reinterpret pc=0x0000000002ac0358 method=com.android.dx.ssa.NormalSsaInsn.getLocalAssignment()Lcom/android/dx/rop/code/RegisterSpec; @ 12
Event: 0.590 Thread 0x000000005666d000 Uncommon trap: reason=unstable_if action=reinterpret pc=0x0000000002a7bea0 method=com.android.dx.ssa.NormalSsaInsn.getLocalAssignment()Lcom/android/dx/rop/code/RegisterSpec; @ 12
Event: 0.590 Thread 0x000000005674d000 Uncommon trap: reason=unstable_if action=reinterpret pc=0x0000000002a7dcbc method=com.android.dx.rop.code.RegisterSpec.equals(ILcom/android/dx/rop/type/TypeBearer;Lcom/android/dx/rop/code/LocalItem;)Z @ 24
Event: 0.595 Thread 0x000000005674d000 Uncommon trap: reason=unstable_if action=reinterpret pc=0x0000000002abfee8 method=com.android.dx.cf.code.Ropper.labelToResultIndex(I)I @ 34
Event: 0.595 Thread 0x000000005674d000 Uncommon trap: reason=class_check action=maybe_recompile pc=0x0000000002a8d3a0 method=com.android.dx.rop.type.Type.equals(Ljava/lang/Object;)Z @ 8
Event: 0.599 Thread 0x000000005674d000 Uncommon trap: reason=class_check action=maybe_recompile pc=0x0000000002a8d3a0 method=com.android.dx.rop.type.Type.equals(Ljava/lang/Object;)Z @ 8
Event: 0.600 Thread 0x000000005666d000 Uncommon trap: reason=class_check action=maybe_recompile pc=0x0000000002a8d3a0 method=com.android.dx.rop.type.Type.equals(Ljava/lang/Object;)Z @ 8
Event: 0.605 Thread 0x000000005674d000 Uncommon trap: reason=class_check action=maybe_recompile pc=0x0000000002a8d3a0 method=com.android.dx.rop.type.Type.equals(Ljava/lang/Object;)Z @ 8

Internal exceptions (2 events):
Event: 0.031 Thread 0x000000000260e000 Exception <a 'java/lang/NoSuchMethodError': Method sun.misc.Unsafe.defineClass(Ljava/lang/String;[BII)Ljava/lang/Class; name or signature does not match> (0x00000000eab12f08) thrown at [C:\re\workspace\8-2-build-windows-amd64-cygwin\jdk8u45\3457\hotspot\srç£Ï8×Ÿ?
Event: 0.031 Thread 0x000000000260e000 Exception <a 'java/lang/NoSuchMethodError': Method sun.misc.Unsafe.prefetchRead(Ljava/lang/Object;J)V name or signature does not match> (0x00000000eab13198) thrown at [C:\re\workspace\8-2-build-windows-amd64-cygwin\jdk8u45\3457\hotspot\src\share\vm\prims\j

Events (10 events):
Event: 0.634 Thread 0x000000005666d000 DEOPT UNPACKING pc=0x000000000284787f sp=0x00000000578be888 mode 0
Event: 0.635 Thread 0x000000005674d000 DEOPT PACKING pc=0x0000000002b411ba sp=0x00000000572deaa0
Event: 0.635 Thread 0x000000005674d000 DEOPT UNPACKING pc=0x000000000284787f sp=0x00000000572de808 mode 0
Event: 0.648 Executing VM operation: ParallelGCFailedAllocation
Event: 0.690 Executing VM operation: ParallelGCFailedAllocation done
Event: 0.711 loading class java/util/TreeMap$EntrySet
Event: 0.711 loading class java/util/TreeMap$EntrySet done
Event: 0.711 loading class java/util/TreeMap$EntryIterator
Event: 0.711 loading class java/util/TreeMap$EntryIterator done
Event: 0.727 Thread 0x000000005666d000 Thread exited: 0x000000005666d000


Dynamic libraries:
0x000000013f720000 - 0x000000013f757000 	C:\Program Files\Java\jdk1.8.0_45\bin\java.exe
0x0000000077590000 - 0x000000007773a000 	C:\Windows\SYSTEM32\ntdll.dll
0x0000000077470000 - 0x000000007758f000 	C:\Windows\system32\kernel32.dll
0x000007fefd810000 - 0x000007fefd87a000 	C:\Windows\system32\KERNELBASE.dll
0x000007fefdd50000 - 0x000007fefde2b000 	C:\Windows\system32\ADVAPI32.dll
0x000007fefdb60000 - 0x000007fefdbff000 	C:\Windows\system32\msvcrt.dll
0x000007fefefd0000 - 0x000007fefefef000 	C:\Windows\SYSTEM32\sechost.dll
0x000007feff3b0000 - 0x000007feff4dd000 	C:\Windows\system32\RPCRT4.dll
0x0000000077370000 - 0x000000007746a000 	C:\Windows\system32\USER32.dll
0x000007feff790000 - 0x000007feff7f7000 	C:\Windows\system32\GDI32.dll
0x000007fefda30000 - 0x000007fefda3e000 	C:\Windows\system32\LPK.dll
0x000007fefef00000 - 0x000007fefefca000 	C:\Windows\system32\USP10.dll
0x000007fefbf00000 - 0x000007fefc0f4000 	C:\Windows\WinSxS\amd64_microsoft.windows.common-controls_6595b64144ccf1df_6.0.7601.18837_none_fa3b1e3d17594757\COMCTL32.dll
0x000007fefebc0000 - 0x000007fefec31000 	C:\Windows\system32\SHLWAPI.dll
0x000007fefda50000 - 0x000007fefda7e000 	C:\Windows\system32\IMM32.DLL
0x000007fefeff0000 - 0x000007feff0f9000 	C:\Windows\system32\MSCTF.dll
0x0000000068e20000 - 0x0000000068ef2000 	C:\Program Files\Java\jdk1.8.0_45\jre\bin\msvcr100.dll
0x00000000609b0000 - 0x0000000061233000 	C:\Program Files\Java\jdk1.8.0_45\jre\bin\server\jvm.dll
0x000007fef9d50000 - 0x000007fef9d59000 	C:\Windows\system32\WSOCK32.dll
0x000007feff740000 - 0x000007feff78d000 	C:\Windows\system32\WS2_32.dll
0x000007fefda40000 - 0x000007fefda48000 	C:\Windows\system32\NSI.dll
0x000007fefb4c0000 - 0x000007fefb4fb000 	C:\Windows\system32\WINMM.dll
0x000007fefc5f0000 - 0x000007fefc5fc000 	C:\Windows\system32\VERSION.dll
0x0000000077750000 - 0x0000000077757000 	C:\Windows\system32\PSAPI.DLL
0x000000006a770000 - 0x000000006a77f000 	C:\Program Files\Java\jdk1.8.0_45\jre\bin\verify.dll
0x000000006a740000 - 0x000000006a769000 	C:\Program Files\Java\jdk1.8.0_45\jre\bin\java.dll
0x000000006a720000 - 0x000000006a736000 	C:\Program Files\Java\jdk1.8.0_45\jre\bin\zip.dll
0x000007fefde30000 - 0x000007fefebb9000 	C:\Windows\system32\SHELL32.dll
0x000007feff1a0000 - 0x000007feff3a3000 	C:\Windows\system32\ole32.dll
0x000007fefd490000 - 0x000007fefd49f000 	C:\Windows\system32\profapi.dll

VM Arguments:
jvm_args: -Djava.awt.headless=true -Xmx1024M -Dfile.encoding=GBK -Duser.country=CN -Duser.language=zh -Duser.variant 
java_command: com.android.dx.command.Main --dex --force-jumbo --num-threads=4 --multi-dex --output E:\Download\Demo\xiaobai\app\build\intermediates\transforms\dex\debug\folders\1000\5\slice_2 E:\Download\Demo\xiaobai\app\build\intermediates\transforms\instantRunSlicer\debug\folders\1\5\slice_2
java_class_path (initial): C:\Users\wangc\AppData\Local\Android\sdk\build-tools\23.0.3\lib\dx.jar
Launcher Type: SUN_STANDARD

Environment Variables:
JAVA_HOME=C:\Program Files\Java\jdk1.8.0_45
CLASSPATH=.;C:\Program Files\Java\jdk1.8.0_45\lib;C:\Program Files\Java\jdk1.8.0_45\lib\tools.jar;D:\H5\apache-ant-1.8.1\apache-ant-1.8.1\lib
PATH=C:\ProgramData\Oracle\Java\javapath;C:\Windows\system32;C:\Windows;C:\Windows\System32\Wbem;C:\Windows\System32\WindowsPowerShell\v1.0\; C:\Program Files\Java\jdk1.8.0_45\bin;C:\Program Files\Java\jdk1.8.0_45\jre\bin;C:\Program Files\TortoiseSVN\bin;D:\adt-bundle-windows-x86_64-20140624\adt-bundle-windows-x86_64-20140624\sdk\sdk\platform-tools;D:\adt-bundle-windows-x86_64-20140624\adt-bundle-windows-x86_64-20140624\sdk\sdk\tools;C:\Program Files\nodejs;C:\ProgramData\chocolatey\bin;C:\Program Files\nodejs\;C:\Program Files\Git\cmd;C:\Users\wangc\AppData\Local\Android\sdk\tools;C:\Users\wangc\AppData\Local\Android\sdk\platform-tools;C:\Users\wangc\AppData\Roaming\npm
USERNAME=wangc
OS=Windows_NT
PROCESSOR_IDENTIFIER=Intel64 Family 6 Model 60 Stepping 3, GenuineIntel



---------------  S Y S T E M  ---------------

OS: Windows 7 , 64 bit Build 7601 (6.1.7601.23392)

CPU:total 4 (4 cores per cpu, 1 threads per core) family 6 model 60 stepping 3, cmov, cx8, fxsr, mmx, sse, sse2, sse3, ssse3, sse4.1, sse4.2, popcnt, avx, avx2, aes, clmul, erms, rtm, lzcnt, tsc, tscinvbit, bmi1, bmi2

Memory: 4k page, physical 8060540k(112272k free), swap 12252988k(5120k free)

vm_info: Java HotSpot(TM) 64-Bit Server VM (25.45-b02) for windows-amd64 JRE (1.8.0_45-b14), built on Apr 10 2015 10:34:15 by "java_re" with MS VC++ 10.0 (VS2010)

time: Wed Jun 08 15:30:47 2016
elapsed time: 0 seconds (0d 0h 0m 0s)

