#
# There is insufficient memory for the Java Runtime Environment to continue.
# Native memory allocation (malloc) failed to allocate 998736 bytes for Chunk::new
# Possible reasons:
#   The system is out of physical RAM or swap space
#   In 32 bit mode, the process size limit was hit
# Possible solutions:
#   Reduce memory load on the system
#   Increase physical memory or swap space
#   Check if swap backing store is full
#   Use 64 bit Java on a 64 bit OS
#   Decrease Java heap size (-Xmx/-Xms)
#   Decrease number of Java threads
#   Decrease Java thread stack sizes (-Xss)
#   Set larger code cache with -XX:ReservedCodeCacheSize=
# This output file may be truncated or incomplete.
#
#  Out of Memory Error (allocation.cpp:390), pid=19628, tid=19984
#
# JRE version: Java(TM) SE Runtime Environment (8.0_45-b14) (build 1.8.0_45-b14)
# Java VM: Java HotSpot(TM) 64-Bit Server VM (25.45-b02 mixed mode windows-amd64 compressed oops)
# Failed to write core dump. Minidumps are not enabled by default on client versions of Windows
#

---------------  T H R E A D  ---------------

Current thread (0x000000005519e000):  JavaThread "C2 CompilerThread1" daemon [_thread_in_native, id=19984, stack(0x0000000056270000,0x0000000056370000)]

Stack: [0x0000000056270000,0x0000000056370000]
Native frames: (J=compiled Java code, j=interpreted, Vv=VM code, C=native code)
V  [jvm.dll+0x32b57a]


Current CompileTask:
C2:  11827 2074       4       com.android.dx.ssa.ConstCollector::getConstsSortedByCountUse (386 bytes)


---------------  P R O C E S S  ---------------

Java Threads: ( => current thread )
  0x000000005691a800 JavaThread "pool-2-thread-4" [_thread_blocked, id=20432, stack(0x0000000058070000,0x0000000058170000)]
  0x0000000056916800 JavaThread "pool-2-thread-3" [_thread_blocked, id=19672, stack(0x00000000581a0000,0x00000000582a0000)]
  0x000000005693f800 JavaThread "pool-2-thread-2" [_thread_blocked, id=19428, stack(0x0000000057f20000,0x0000000058020000)]
  0x000000005693e800 JavaThread "pool-3-thread-1" [_thread_blocked, id=18784, stack(0x0000000057d10000,0x0000000057e10000)]
  0x000000005693e000 JavaThread "pool-2-thread-1" [_thread_blocked, id=18416, stack(0x0000000057210000,0x0000000057310000)]
  0x000000005660f800 JavaThread "Service Thread" daemon [_thread_blocked, id=19412, stack(0x00000000570f0000,0x00000000571f0000)]
  0x000000005519f000 JavaThread "C1 CompilerThread2" daemon [_thread_blocked, id=19484, stack(0x0000000056fa0000,0x00000000570a0000)]
=>0x000000005519e000 JavaThread "C2 CompilerThread1" daemon [_thread_in_native, id=19984, stack(0x0000000056270000,0x0000000056370000)]
  0x000000005519a000 JavaThread "C2 CompilerThread0" daemon [_thread_in_native, id=20032, stack(0x0000000056d80000,0x0000000056e80000)]
  0x00000000565f9000 JavaThread "Attach Listener" daemon [_thread_blocked, id=18880, stack(0x0000000056be0000,0x0000000056ce0000)]
  0x00000000565f8800 JavaThread "Signal Dispatcher" daemon [_thread_blocked, id=20440, stack(0x0000000056ac0000,0x0000000056bc0000)]
  0x0000000055137000 JavaThread "Finalizer" daemon [_thread_blocked, id=20276, stack(0x00000000564f0000,0x00000000565f0000)]
  0x0000000055130000 JavaThread "Reference Handler" daemon [_thread_blocked, id=20388, stack(0x00000000563b0000,0x00000000564b0000)]
  0x000000000256e000 JavaThread "main" [_thread_blocked, id=20296, stack(0x0000000002590000,0x0000000002690000)]

Other Threads:
  0x000000005512a800 VMThread [stack: 0x00000000560f0000,0x00000000561f0000] [id=19780]
  0x0000000056613800 WatcherThread [stack: 0x0000000057320000,0x0000000057420000] [id=20288]

VM state:not at safepoint (normal execution)

VM Mutex/Monitor currently owned by a thread: None

Heap:
 PSYoungGen      total 68608K, used 56192K [0x00000000eab00000, 0x00000000f3100000, 0x0000000100000000)
  eden space 63488K, 80% used [0x00000000eab00000,0x00000000edce02c0,0x00000000ee900000)
  from space 5120K, 100% used [0x00000000ee900000,0x00000000eee00000,0x00000000eee00000)
  to   space 5120K, 0% used [0x00000000f2c00000,0x00000000f2c00000,0x00000000f3100000)
 ParOldGen       total 84992K, used 12825K [0x00000000c0000000, 0x00000000c5300000, 0x00000000eab00000)
  object space 84992K, 15% used [0x00000000c0000000,0x00000000c0c86440,0x00000000c5300000)
 Metaspace       used 6302K, capacity 7152K, committed 7296K, reserved 1056768K
  class space    used 591K, capacity 616K, committed 640K, reserved 1048576K

Card table byte_map: [0x0000000011b70000,0x0000000011d80000] byte_map_base: 0x0000000011570000

Marking Bits: (ParMarkBitMap*) 0x0000000060404040
 Begin Bits: [0x00000000125a0000, 0x00000000135a0000)
 End Bits:   [0x00000000135a0000, 0x00000000145a0000)

Polling page: 0x0000000000330000

CodeCache: size=245760Kb used=10192Kb max_used=10192Kb free=235567Kb
 bounds [0x00000000027b0000, 0x00000000031b0000, 0x00000000117b0000]
 total_blobs=2358 nmethods=2086 adapters=184
 compilation: enabled

Compilation events (10 events):
Event: 11.626 Thread 0x000000005519f000 2093       3       com.android.dx.cf.code.ExecutionStack::peekLocal (46 bytes)
Event: 11.630 Thread 0x000000005519f000 nmethod 2093 0x0000000003176250 code [0x00000000031763e0, 0x0000000003176758]
Event: 11.630 Thread 0x000000005519f000 2094       3       com.android.dx.cf.code.BaseMachine::popArgs (204 bytes)
Event: 11.631 Thread 0x000000005519f000 nmethod 2094 0x00000000031a7310 code [0x00000000031a7780, 0x00000000031a9cc8]
Event: 11.631 Thread 0x000000005519f000 2095       3       com.android.dx.ssa.ConstCollector$1::compare (13 bytes)
Event: 11.631 Thread 0x000000005519f000 nmethod 2095 0x00000000031ab150 code [0x00000000031ab2c0, 0x00000000031ab628]
Event: 11.667 Thread 0x000000005519f000 2097   !   3       java.util.concurrent.locks.AbstractQueuedSynchronizer::doAcquireInterruptibly (97 bytes)
Event: 11.667 Thread 0x000000005519f000 nmethod 2097 0x00000000031ab710 code [0x00000000031ab960, 0x00000000031ac538]
Event: 11.670 Thread 0x000000005519f000 2098   !   3       java.util.concurrent.locks.AbstractQueuedSynchronizer::fullyRelease (54 bytes)
Event: 11.670 Thread 0x000000005519f000 nmethod 2098 0x00000000031acc90 code [0x00000000031ace40, 0x00000000031ad408]

GC Heap History (6 events):
Event: 0.721 GC heap before
{Heap before GC invocations=1 (full 0):
 PSYoungGen      total 36864K, used 31744K [0x00000000eab00000, 0x00000000ed400000, 0x0000000100000000)
  eden space 31744K, 100% used [0x00000000eab00000,0x00000000eca00000,0x00000000eca00000)
  from space 5120K, 0% used [0x00000000ecf00000,0x00000000ecf00000,0x00000000ed400000)
  to   space 5120K, 0% used [0x00000000eca00000,0x00000000eca00000,0x00000000ecf00000)
 ParOldGen       total 84992K, used 0K [0x00000000c0000000, 0x00000000c5300000, 0x00000000eab00000)
  object space 84992K, 0% used [0x00000000c0000000,0x00000000c0000000,0x00000000c5300000)
 Metaspace       used 5706K, capacity 6704K, committed 6784K, reserved 1056768K
  class space    used 589K, capacity 616K, committed 640K, reserved 1048576K
Event: 1.317 GC heap after
Heap after GC invocations=1 (full 0):
 PSYoungGen      total 36864K, used 4697K [0x00000000eab00000, 0x00000000ef300000, 0x0000000100000000)
  eden space 31744K, 0% used [0x00000000eab00000,0x00000000eab00000,0x00000000eca00000)
  from space 5120K, 91% used [0x00000000eca00000,0x00000000ece967c0,0x00000000ecf00000)
  to   space 5120K, 0% used [0x00000000eee00000,0x00000000eee00000,0x00000000ef300000)
 ParOldGen       total 84992K, used 8K [0x00000000c0000000, 0x00000000c5300000, 0x00000000eab00000)
  object space 84992K, 0% used [0x00000000c0000000,0x00000000c0002000,0x00000000c5300000)
 Metaspace       used 5706K, capacity 6704K, committed 6784K, reserved 1056768K
  class space    used 589K, capacity 616K, committed 640K, reserved 1048576K
}
Event: 4.802 GC heap before
{Heap before GC invocations=2 (full 0):
 PSYoungGen      total 36864K, used 36441K [0x00000000eab00000, 0x00000000ef300000, 0x0000000100000000)
  eden space 31744K, 100% used [0x00000000eab00000,0x00000000eca00000,0x00000000eca00000)
  from space 5120K, 91% used [0x00000000eca00000,0x00000000ece967c0,0x00000000ecf00000)
  to   space 5120K, 0% used [0x00000000eee00000,0x00000000eee00000,0x00000000ef300000)
 ParOldGen       total 84992K, used 8K [0x00000000c0000000, 0x00000000c5300000, 0x00000000eab00000)
  object space 84992K, 0% used [0x00000000c0000000,0x00000000c0002000,0x00000000c5300000)
 Metaspace       used 6103K, capacity 7024K, committed 7296K, reserved 1056768K
  class space    used 590K, capacity 616K, committed 640K, reserved 1048576K
Event: 4.824 GC heap after
Heap after GC invocations=2 (full 0):
 PSYoungGen      total 68608K, used 5106K [0x00000000eab00000, 0x00000000ef300000, 0x0000000100000000)
  eden space 63488K, 0% used [0x00000000eab00000,0x00000000eab00000,0x00000000ee900000)
  from space 5120K, 99% used [0x00000000eee00000,0x00000000ef2fcab8,0x00000000ef300000)
  to   space 5120K, 0% used [0x00000000ee900000,0x00000000ee900000,0x00000000eee00000)
 ParOldGen       total 84992K, used 2561K [0x00000000c0000000, 0x00000000c5300000, 0x00000000eab00000)
  object space 84992K, 3% used [0x00000000c0000000,0x00000000c02804b0,0x00000000c5300000)
 Metaspace       used 6103K, capacity 7024K, committed 7296K, reserved 1056768K
  class space    used 590K, capacity 616K, committed 640K, reserved 1048576K
}
Event: 10.089 GC heap before
{Heap before GC invocations=3 (full 0):
 PSYoungGen      total 68608K, used 68594K [0x00000000eab00000, 0x00000000ef300000, 0x0000000100000000)
  eden space 63488K, 100% used [0x00000000eab00000,0x00000000ee900000,0x00000000ee900000)
  from space 5120K, 99% used [0x00000000eee00000,0x00000000ef2fcab8,0x00000000ef300000)
  to   space 5120K, 0% used [0x00000000ee900000,0x00000000ee900000,0x00000000eee00000)
 ParOldGen       total 84992K, used 2561K [0x00000000c0000000, 0x00000000c5300000, 0x00000000eab00000)
  object space 84992K, 3% used [0x00000000c0000000,0x00000000c02804b0,0x00000000c5300000)
 Metaspace       used 6259K, capacity 7088K, committed 7296K, reserved 1056768K
  class space    used 591K, capacity 616K, committed 640K, reserved 1048576K
Event: 10.175 GC heap after
Heap after GC invocations=3 (full 0):
 PSYoungGen      total 68608K, used 5120K [0x00000000eab00000, 0x00000000f3100000, 0x0000000100000000)
  eden space 63488K, 0% used [0x00000000eab00000,0x00000000eab00000,0x00000000ee900000)
  from space 5120K, 100% used [0x00000000ee900000,0x00000000eee00000,0x00000000eee00000)
  to   space 5120K, 0% used [0x00000000f2c00000,0x00000000f2c00000,0x00000000f3100000)
 ParOldGen       total 84992K, used 12825K [0x00000000c0000000, 0x00000000c5300000, 0x00000000eab00000)
  object space 84992K, 15% used [0x00000000c0000000,0x00000000c0c86440,0x00000000c5300000)
 Metaspace       used 6259K, capacity 7088K, committed 7296K, reserved 1056768K
  class space    used 591K, capacity 616K, committed 640K, reserved 1048576K
}

Deoptimization events (10 events):
Event: 11.317 Thread 0x000000005693e000 Uncommon trap: reason=unstable_if action=reinterpret pc=0x0000000003035f48 method=com.android.dx.ssa.SCCP.run()V @ 179
Event: 11.514 Thread 0x000000005693e000 Uncommon trap: reason=unstable_if action=reinterpret pc=0x000000000313ec54 method=com.android.dx.cf.code.Merger.mergeType(Lcom/android/dx/rop/type/TypeBearer;Lcom/android/dx/rop/type/TypeBearer;)Lcom/android/dx/rop/type/TypeBearer; @ 52
Event: 11.562 Thread 0x0000000056916800 Uncommon trap: reason=unstable_if action=reinterpret pc=0x0000000002f500e8 method=com.android.dx.util.BitIntSet.has(I)Z @ 8
Event: 11.562 Thread 0x0000000056916800 Uncommon trap: reason=unstable_if action=reinterpret pc=0x0000000002d647e8 method=com.android.dx.util.BitIntSet.has(I)Z @ 8
Event: 11.599 Thread 0x000000005693f800 Uncommon trap: reason=unstable_if action=reinterpret pc=0x0000000002da1eb8 method=com.android.dx.ssa.SCCP.simulateStmt(Lcom/android/dx/ssa/SsaInsn;)V @ 53
Event: 11.602 Thread 0x0000000056916800 Uncommon trap: reason=uninitialized action=reinterpret pc=0x0000000002fe5a48 method=com.android.dx.cf.code.BytecodeArray.parseInstruction(ILcom/android/dx/cf/code/BytecodeArray$Visitor;)I @ 1031
Event: 11.683 Thread 0x0000000056916800 Uncommon trap: reason=class_check action=maybe_recompile pc=0x000000000301da04 method=com.android.dx.rop.cst.CstLiteral32.equals(Ljava/lang/Object;)Z @ 20
Event: 11.683 Thread 0x0000000056916800 Uncommon trap: reason=class_check action=maybe_recompile pc=0x000000000301da04 method=com.android.dx.rop.cst.CstLiteral32.equals(Ljava/lang/Object;)Z @ 20
Event: 11.684 Thread 0x0000000056916800 Uncommon trap: reason=class_check action=maybe_recompile pc=0x000000000301da04 method=com.android.dx.rop.cst.CstLiteral32.equals(Ljava/lang/Object;)Z @ 20
Event: 11.684 Thread 0x0000000056916800 Uncommon trap: reason=class_check action=maybe_recompile pc=0x000000000301da04 method=com.android.dx.rop.cst.CstLiteral32.equals(Ljava/lang/Object;)Z @ 20

Internal exceptions (3 events):
Event: 0.054 Thread 0x000000000256e000 Exception <a 'java/lang/NoSuchMethodError': Method sun.misc.Unsafe.defineClass(Ljava/lang/String;[BII)Ljava/lang/Class; name or signature does not match> (0x00000000eab12f08) thrown at [C:\re\workspace\8-2-build-windows-amd64-cygwin\jdk8u45\3457\hotspot\sröF&x”«?
Event: 0.054 Thread 0x000000000256e000 Exception <a 'java/lang/NoSuchMethodError': Method sun.misc.Unsafe.prefetchRead(Ljava/lang/Object;J)V name or signature does not match> (0x00000000eab13198) thrown at [C:\re\workspace\8-2-build-windows-amd64-cygwin\jdk8u45\3457\hotspot\src\share\vm\prims\jï´19§@
Event: 6.913 Thread 0x000000005693e000 Implicit null exception at 0x0000000002a4d692 to 0x0000000002a4d785

Events (10 events):
Event: 11.683 Thread 0x0000000056916800 DEOPT UNPACKING pc=0x00000000027f582a sp=0x000000005829e090 mode 2
Event: 11.683 Thread 0x0000000056916800 Uncommon trap: trap_request=0xffffffde fr.pc=0x000000000301da04
Event: 11.683 Thread 0x0000000056916800 DEOPT PACKING pc=0x000000000301da04 sp=0x000000005829e6a0
Event: 11.683 Thread 0x0000000056916800 DEOPT UNPACKING pc=0x00000000027f582a sp=0x000000005829e630 mode 2
Event: 11.684 Thread 0x0000000056916800 Uncommon trap: trap_request=0xffffffde fr.pc=0x000000000301da04
Event: 11.684 Thread 0x0000000056916800 DEOPT PACKING pc=0x000000000301da04 sp=0x000000005829e860
Event: 11.684 Thread 0x0000000056916800 DEOPT UNPACKING pc=0x00000000027f582a sp=0x000000005829e7f0 mode 2
Event: 11.684 Thread 0x0000000056916800 Uncommon trap: trap_request=0xffffffde fr.pc=0x000000000301da04
Event: 11.684 Thread 0x0000000056916800 DEOPT PACKING pc=0x000000000301da04 sp=0x000000005829e860
Event: 11.684 Thread 0x0000000056916800 DEOPT UNPACKING pc=0x00000000027f582a sp=0x000000005829e7f0 mode 2


Dynamic libraries:
0x000000013f8c0000 - 0x000000013f8f7000 	C:\Program Files\Java\jdk1.8.0_45\bin\java.exe
0x0000000077770000 - 0x000000007791a000 	C:\Windows\SYSTEM32\ntdll.dll
0x0000000077650000 - 0x000000007776f000 	C:\Windows\system32\kernel32.dll
0x000007fefd930000 - 0x000007fefd99a000 	C:\Windows\system32\KERNELBASE.dll
0x000007fefe760000 - 0x000007fefe83b000 	C:\Windows\system32\ADVAPI32.dll
0x000007fefde20000 - 0x000007fefdebf000 	C:\Windows\system32\msvcrt.dll
0x000007feff930000 - 0x000007feff94f000 	C:\Windows\SYSTEM32\sechost.dll
0x000007feff800000 - 0x000007feff92d000 	C:\Windows\system32\RPCRT4.dll
0x0000000077550000 - 0x000000007764a000 	C:\Windows\system32\USER32.dll
0x000007fefe130000 - 0x000007fefe197000 	C:\Windows\system32\GDI32.dll
0x000007fefdec0000 - 0x000007fefdece000 	C:\Windows\system32\LPK.dll
0x000007fefe630000 - 0x000007fefe6fa000 	C:\Windows\system32\USP10.dll
0x000007fefc140000 - 0x000007fefc334000 	C:\Windows\WinSxS\amd64_microsoft.windows.common-controls_6595b64144ccf1df_6.0.7601.18837_none_fa3b1e3d17594757\COMCTL32.dll
0x000007fefe940000 - 0x000007fefe9b1000 	C:\Windows\system32\SHLWAPI.dll
0x000007fefda80000 - 0x000007fefdaae000 	C:\Windows\system32\IMM32.DLL
0x000007fefdab0000 - 0x000007fefdbb9000 	C:\Windows\system32\MSCTF.dll
0x0000000065240000 - 0x0000000065312000 	C:\Program Files\Java\jdk1.8.0_45\jre\bin\msvcr100.dll
0x000000005fc00000 - 0x0000000060483000 	C:\Program Files\Java\jdk1.8.0_45\jre\bin\server\jvm.dll
0x000007fefa4a0000 - 0x000007fefa4a9000 	C:\Windows\system32\WSOCK32.dll
0x000007fefe060000 - 0x000007fefe0ad000 	C:\Windows\system32\WS2_32.dll
0x000007fefea60000 - 0x000007fefea68000 	C:\Windows\system32\NSI.dll
0x000007fefb6a0000 - 0x000007fefb6db000 	C:\Windows\system32\WINMM.dll
0x000007fefc7d0000 - 0x000007fefc7dc000 	C:\Windows\system32\VERSION.dll
0x0000000077930000 - 0x0000000077937000 	C:\Windows\system32\PSAPI.DLL
0x0000000068e10000 - 0x0000000068e1f000 	C:\Program Files\Java\jdk1.8.0_45\jre\bin\verify.dll
0x0000000068b00000 - 0x0000000068b29000 	C:\Program Files\Java\jdk1.8.0_45\jre\bin\java.dll
0x0000000068900000 - 0x0000000068916000 	C:\Program Files\Java\jdk1.8.0_45\jre\bin\zip.dll
0x000007fefea70000 - 0x000007feff7f9000 	C:\Windows\system32\SHELL32.dll
0x000007fefe1a0000 - 0x000007fefe3a3000 	C:\Windows\system32\ole32.dll
0x000007fefd670000 - 0x000007fefd67f000 	C:\Windows\system32\profapi.dll

VM Arguments:
jvm_args: -Djava.awt.headless=true -Xmx1024M -Dfile.encoding=GBK -Duser.country=CN -Duser.language=zh -Duser.variant 
java_command: com.android.dx.command.Main --dex --force-jumbo --num-threads=4 --multi-dex --output E:\Download\Demo\xiaobai\app\build\intermediates\transforms\dex\debug\folders\1000\10\com.google.android.gms-play-services-basement-8.1.0_edd6905a0a156158defbf213f9b13a293889b61d E:\Download\Demo\xiaobai\app\build\intermediates\exploded-aar\com.google.android.gms\play-services-basement\8.1.0\jars\classes.jar
java_class_path (initial): C:\Users\wangc\AppData\Local\Android\sdk\build-tools\23.0.3\lib\dx.jar
Launcher Type: SUN_STANDARD

Environment Variables:
JAVA_HOME=C:\Program Files\Java\jdk1.8.0_45
CLASSPATH=.;C:\Program Files\Java\jdk1.8.0_45\lib;C:\Program Files\Java\jdk1.8.0_45\lib\tools.jar;D:\H5\apache-ant-1.8.1\apache-ant-1.8.1\lib
PATH=C:\ProgramData\Oracle\Java\javapath;C:\Windows\system32;C:\Windows;C:\Windows\System32\Wbem;C:\Windows\System32\WindowsPowerShell\v1.0\; C:\Program Files\Java\jdk1.8.0_45\bin;C:\Program Files\Java\jdk1.8.0_45\jre\bin;C:\Program Files\TortoiseSVN\bin;D:\adt-bundle-windows-x86_64-20140624\adt-bundle-windows-x86_64-20140624\sdk\sdk\platform-tools;D:\adt-bundle-windows-x86_64-20140624\adt-bundle-windows-x86_64-20140624\sdk\sdk\tools;C:\Program Files\nodejs;C:\ProgramData\chocolatey\bin;C:\Program Files\nodejs\;C:\Program Files\Git\cmd;C:\Users\wangc\AppData\Local\Android\sdk\tools;C:\Users\wangc\AppData\Local\Android\sdk\platform-tools;C:\Users\wangc\AppData\Roaming\npm
USERNAME=wangc
OS=Windows_NT
PROCESSOR_IDENTIFIER=Intel64 Family 6 Model 60 Stepping 3, GenuineIntel



---------------  S Y S T E M  ---------------

OS: Windows 7 , 64 bit Build 7601 (6.1.7601.23392)

CPU:total 4 (4 cores per cpu, 1 threads per core) family 6 model 60 stepping 3, cmov, cx8, fxsr, mmx, sse, sse2, sse3, ssse3, sse4.1, sse4.2, popcnt, avx, avx2, aes, clmul, erms, rtm, lzcnt, tsc, tscinvbit, bmi1, bmi2

Memory: 4k page, physical 8060540k(11344k free), swap 12252988k(5072k free)

vm_info: Java HotSpot(TM) 64-Bit Server VM (25.45-b02) for windows-amd64 JRE (1.8.0_45-b14), built on Apr 10 2015 10:34:15 by "java_re" with MS VC++ 10.0 (VS2010)

time: Mon Jun 13 14:49:28 2016
elapsed time: 11 seconds (0d 0h 0m 11s)

