#
# There is insufficient memory for the Java Runtime Environment to continue.
# Native memory allocation (malloc) failed to allocate 220976 bytes for Chunk::new
# Possible reasons:
#   The system is out of physical RAM or swap space
#   In 32 bit mode, the process size limit was hit
# Possible solutions:
#   Reduce memory load on the system
#   Increase physical memory or swap space
#   Check if swap backing store is full
#   Use 64 bit Java on a 64 bit OS
#   Decrease Java heap size (-Xmx/-Xms)
#   Decrease number of Java threads
#   Decrease Java thread stack sizes (-Xss)
#   Set larger code cache with -XX:ReservedCodeCacheSize=
# This output file may be truncated or incomplete.
#
#  Out of Memory Error (allocation.cpp:390), pid=22104, tid=24800
#
# JRE version: Java(TM) SE Runtime Environment (8.0_45-b14) (build 1.8.0_45-b14)
# Java VM: Java HotSpot(TM) 64-Bit Server VM (25.45-b02 mixed mode windows-amd64 compressed oops)
# Failed to write core dump. Minidumps are not enabled by default on client versions of Windows
#

---------------  T H R E A D  ---------------

Current thread (0x000000005668c000):  JavaThread "C2 CompilerThread1" daemon [_thread_in_native, id=24800, stack(0x0000000056ef0000,0x0000000056ff0000)]

Stack: [0x0000000056ef0000,0x0000000056ff0000]
Native frames: (J=compiled Java code, j=interpreted, Vv=VM code, C=native code)
V  [jvm.dll+0x32b57a]
V  [jvm.dll+0x279873]
V  [jvm.dll+0x27a509]
V  [jvm.dll+0x271825]
V  [jvm.dll+0xcb9e2]
V  [jvm.dll+0xcbeac]
V  [jvm.dll+0x49298c]
V  [jvm.dll+0x45f41a]
V  [jvm.dll+0x46a73b]
V  [jvm.dll+0x46cd52]
V  [jvm.dll+0x4500f2]
V  [jvm.dll+0xa4352]
V  [jvm.dll+0xa4c8f]
V  [jvm.dll+0x241984]
V  [jvm.dll+0x29853a]
C  [msvcr100.dll+0x21d9f]
C  [msvcr100.dll+0x21e3b]
C  [kernel32.dll+0x159bd]
C  [ntdll.dll+0x2a2e1]


Current CompileTask:
C2:   1073 1239       4       com.android.dx.ssa.LocalVariableExtractor::processBlock (383 bytes)


---------------  P R O C E S S  ---------------

Java Threads: ( => current thread )
  0x000000005698f000 JavaThread "pool-2-thread-4" [_thread_blocked, id=24116, stack(0x0000000057190000,0x0000000057290000)]
  0x000000005698a000 JavaThread "pool-2-thread-3" [_thread_blocked, id=22496, stack(0x0000000057920000,0x0000000057a20000)]
  0x0000000056989000 JavaThread "pool-2-thread-2" [_thread_in_Java, id=25012, stack(0x00000000575f0000,0x00000000576f0000)]
  0x0000000056988800 JavaThread "pool-3-thread-1" [_thread_blocked, id=16936, stack(0x0000000057730000,0x0000000057830000)]
  0x0000000056981800 JavaThread "pool-2-thread-1" [_thread_blocked, id=25008, stack(0x00000000574d0000,0x00000000575d0000)]
  0x0000000056713000 JavaThread "Service Thread" daemon [_thread_blocked, id=25316, stack(0x00000000572d0000,0x00000000573d0000)]
  0x000000005668d800 JavaThread "C1 CompilerThread2" daemon [_thread_in_native, id=24808, stack(0x0000000057080000,0x0000000057180000)]
=>0x000000005668c000 JavaThread "C2 CompilerThread1" daemon [_thread_in_native, id=24800, stack(0x0000000056ef0000,0x0000000056ff0000)]
  0x000000005667d000 JavaThread "C2 CompilerThread0" daemon [_thread_in_native, id=22944, stack(0x0000000056dd0000,0x0000000056ed0000)]
  0x000000005667a800 JavaThread "Attach Listener" daemon [_thread_blocked, id=24688, stack(0x0000000056b70000,0x0000000056c70000)]
  0x0000000055192800 JavaThread "Signal Dispatcher" daemon [_thread_blocked, id=25428, stack(0x0000000056190000,0x0000000056290000)]
  0x000000005513c800 JavaThread "Finalizer" daemon [_thread_blocked, id=24716, stack(0x0000000056430000,0x0000000056530000)]
  0x0000000055135800 JavaThread "Reference Handler" daemon [_thread_blocked, id=25508, stack(0x0000000056570000,0x0000000056670000)]
  0x000000000257e000 JavaThread "main" [_thread_blocked, id=24648, stack(0x0000000002880000,0x0000000002980000)]

Other Threads:
  0x0000000055130800 VMThread [stack: 0x0000000056290000,0x0000000056390000] [id=24776]
  0x0000000056718000 WatcherThread [stack: 0x0000000056c90000,0x0000000056d90000] [id=25436]

VM state:not at safepoint (normal execution)

VM Mutex/Monitor currently owned by a thread: None

Heap:
 PSYoungGen      total 36864K, used 34343K [0x00000000eab00000, 0x00000000ef300000, 0x0000000100000000)
  eden space 31744K, 92% used [0x00000000eab00000,0x00000000ec790b90,0x00000000eca00000)
  from space 5120K, 99% used [0x00000000eca00000,0x00000000ecef9380,0x00000000ecf00000)
  to   space 5120K, 0% used [0x00000000eee00000,0x00000000eee00000,0x00000000ef300000)
 ParOldGen       total 84992K, used 1488K [0x00000000c0000000, 0x00000000c5300000, 0x00000000eab00000)
  object space 84992K, 1% used [0x00000000c0000000,0x00000000c0174078,0x00000000c5300000)
 Metaspace       used 6038K, capacity 6960K, committed 7040K, reserved 1056768K
  class space    used 591K, capacity 616K, committed 640K, reserved 1048576K

Card table byte_map: [0x0000000011d40000,0x0000000011f50000] byte_map_base: 0x0000000011740000

Marking Bits: (ParMarkBitMap*) 0x00000000611b4040
 Begin Bits: [0x00000000125a0000, 0x00000000135a0000)
 End Bits:   [0x00000000135a0000, 0x00000000145a0000)

Polling page: 0x0000000000230000

CodeCache: size=245760Kb used=4697Kb max_used=4697Kb free=241062Kb
 bounds [0x0000000002980000, 0x0000000002e20000, 0x0000000011980000]
 total_blobs=1676 nmethods=1405 adapters=184
 compilation: enabled

Compilation events (10 events):
Event: 0.959 Thread 0x000000005668d800 1378       2       com.android.dx.rop.cst.CstFieldRef::getType (8 bytes)
Event: 0.959 Thread 0x000000005668d800 nmethod 1378 0x0000000002df7f90 code [0x0000000002df8100, 0x0000000002df8288]
Event: 0.959 Thread 0x000000005668d800 1376       2       java.util.Collections::unmodifiableCollection (9 bytes)
Event: 0.959 Thread 0x000000005668d800 nmethod 1376 0x0000000002df8390 code [0x0000000002df8500, 0x0000000002df8748]
Event: 0.959 Thread 0x000000005668d800 1377       2       com.android.dx.rop.cst.TypedConstant::getBasicType (8 bytes)
Event: 0.959 Thread 0x000000005668d800 nmethod 1377 0x0000000002df8850 code [0x0000000002df89c0, 0x0000000002df8b48]
Event: 0.959 Thread 0x000000005668d800 1374       1       com.android.dx.cf.attrib.InnerClassList$Item::getInnerClass (5 bytes)
Event: 0.960 Thread 0x000000005668d800 nmethod 1374 0x0000000002dd8b10 code [0x0000000002dd8c60, 0x0000000002dd8d70]
Event: 0.994 Thread 0x000000005667d000 nmethod 1283 0x0000000002dfda10 code [0x0000000002dfdd20, 0x0000000002dffa60]
Event: 0.994 Thread 0x000000005667d000 1104       4       com.android.dx.ssa.SCCP::simulateBranch (666 bytes)

GC Heap History (2 events):
Event: 0.560 GC heap before
{Heap before GC invocations=1 (full 0):
 PSYoungGen      total 36864K, used 31744K [0x00000000eab00000, 0x00000000ed400000, 0x0000000100000000)
  eden space 31744K, 100% used [0x00000000eab00000,0x00000000eca00000,0x00000000eca00000)
  from space 5120K, 0% used [0x00000000ecf00000,0x00000000ecf00000,0x00000000ed400000)
  to   space 5120K, 0% used [0x00000000eca00000,0x00000000eca00000,0x00000000ecf00000)
 ParOldGen       total 84992K, used 0K [0x00000000c0000000, 0x00000000c5300000, 0x00000000eab00000)
  object space 84992K, 0% used [0x00000000c0000000,0x00000000c0000000,0x00000000c5300000)
 Metaspace       used 5801K, capacity 6768K, committed 7040K, reserved 1056768K
  class space    used 591K, capacity 616K, committed 640K, reserved 1048576K
Event: 0.695 GC heap after
Heap after GC invocations=1 (full 0):
 PSYoungGen      total 36864K, used 5092K [0x00000000eab00000, 0x00000000ef300000, 0x0000000100000000)
  eden space 31744K, 0% used [0x00000000eab00000,0x00000000eab00000,0x00000000eca00000)
  from space 5120K, 99% used [0x00000000eca00000,0x00000000ecef9380,0x00000000ecf00000)
  to   space 5120K, 0% used [0x00000000eee00000,0x00000000eee00000,0x00000000ef300000)
 ParOldGen       total 84992K, used 1488K [0x00000000c0000000, 0x00000000c5300000, 0x00000000eab00000)
  object space 84992K, 1% used [0x00000000c0000000,0x00000000c0174078,0x00000000c5300000)
 Metaspace       used 5801K, capacity 6768K, committed 7040K, reserved 1056768K
  class space    used 591K, capacity 616K, committed 640K, reserved 1048576K
}

Deoptimization events (5 events):
Event: 0.376 Thread 0x0000000056989000 Uncommon trap: reason=unstable_if action=reinterpret pc=0x0000000002b9f160 method=java.util.BitSet.nextSetBit(I)I @ 87
Event: 0.410 Thread 0x000000005698f000 Uncommon trap: reason=unstable_if action=reinterpret pc=0x0000000002b7aacc method=java.util.HashMap.getNode(ILjava/lang/Object;)Ljava/util/HashMap$Node; @ 129
Event: 0.430 Thread 0x000000000257e000 Uncommon trap: reason=unstable_if action=reinterpret pc=0x0000000002bf04e4 method=java.util.HashMap.getNode(ILjava/lang/Object;)Ljava/util/HashMap$Node; @ 129
Event: 0.702 Thread 0x0000000056981800 Uncommon trap: reason=null_check action=make_not_entrant pc=0x0000000002c0a3d0 method=com.android.dx.ssa.SsaRenamer.getLocalForNewReg(I)Lcom/android/dx/rop/code/LocalItem; @ 19
Event: 0.854 Thread 0x000000005698f000 Uncommon trap: reason=unstable_if action=reinterpret pc=0x0000000002bf6b68 method=com.android.dx.rop.code.RegisterSpec.equals(ILcom/android/dx/rop/type/TypeBearer;Lcom/android/dx/rop/code/LocalItem;)Z @ 42

Internal exceptions (3 events):
Event: 0.025 Thread 0x000000000257e000 Exception <a 'java/lang/NoSuchMethodError': Method sun.misc.Unsafe.defineClass(Ljava/lang/String;[BII)Ljava/lang/Class; name or signature does not match> (0x00000000eab12dd0) thrown at [C:\re\workspace\8-2-build-windows-amd64-cygwin\jdk8u45\3457\hotspot\sr<#a∂ô?
Event: 0.025 Thread 0x000000000257e000 Exception <a 'java/lang/NoSuchMethodError': Method sun.misc.Unsafe.prefetchRead(Ljava/lang/Object;J)V name or signature does not match> (0x00000000eab13060) thrown at [C:\re\workspace\8-2-build-windows-amd64-cygwin\jdk8u45\3457\hotspot\src\share\vm\prims\jÜêòˆsÊ?
Event: 0.702 Thread 0x0000000056981800 Implicit null exception at 0x0000000002c07974 to 0x0000000002c0a385

Events (10 events):
Event: 0.560 Executing VM operation: ParallelGCFailedAllocation
Event: 0.695 Executing VM operation: ParallelGCFailedAllocation done
Event: 0.702 Thread 0x0000000056981800 Uncommon trap: trap_request=0xfffffff4 fr.pc=0x0000000002c0a3d0
Event: 0.702 Thread 0x0000000056981800 DEOPT PACKING pc=0x0000000002c0a3d0 sp=0x00000000575ce810
Event: 0.702 Thread 0x0000000056981800 DEOPT UNPACKING pc=0x00000000029c582a sp=0x00000000575ce678 mode 2
Event: 0.854 Thread 0x000000005698f000 Uncommon trap: trap_request=0xffffff65 fr.pc=0x0000000002bf6b68
Event: 0.854 Thread 0x000000005698f000 DEOPT PACKING pc=0x0000000002bf6b68 sp=0x000000005728ee90
Event: 0.854 Thread 0x000000005698f000 DEOPT UNPACKING pc=0x00000000029c582a sp=0x000000005728ee18 mode 2
Event: 0.878 Executing VM operation: ForceSafepoint
Event: 0.881 Executing VM operation: ForceSafepoint done


Dynamic libraries:
0x000000013f720000 - 0x000000013f757000 	C:\Program Files\Java\jdk1.8.0_45\bin\java.exe
0x0000000077590000 - 0x000000007773a000 	C:\Windows\SYSTEM32\ntdll.dll
0x0000000077470000 - 0x000000007758f000 	C:\Windows\system32\kernel32.dll
0x000007fefd810000 - 0x000007fefd87a000 	C:\Windows\system32\KERNELBASE.dll
0x000007fefdd50000 - 0x000007fefde2b000 	C:\Windows\system32\ADVAPI32.dll
0x000007fefdb60000 - 0x000007fefdbff000 	C:\Windows\system32\msvcrt.dll
0x000007fefefd0000 - 0x000007fefefef000 	C:\Windows\SYSTEM32\sechost.dll
0x000007feff3b0000 - 0x000007feff4dd000 	C:\Windows\system32\RPCRT4.dll
0x0000000077370000 - 0x000000007746a000 	C:\Windows\system32\USER32.dll
0x000007feff790000 - 0x000007feff7f7000 	C:\Windows\system32\GDI32.dll
0x000007fefda30000 - 0x000007fefda3e000 	C:\Windows\system32\LPK.dll
0x000007fefef00000 - 0x000007fefefca000 	C:\Windows\system32\USP10.dll
0x000007fefbf00000 - 0x000007fefc0f4000 	C:\Windows\WinSxS\amd64_microsoft.windows.common-controls_6595b64144ccf1df_6.0.7601.18837_none_fa3b1e3d17594757\COMCTL32.dll
0x000007fefebc0000 - 0x000007fefec31000 	C:\Windows\system32\SHLWAPI.dll
0x000007fefda50000 - 0x000007fefda7e000 	C:\Windows\system32\IMM32.DLL
0x000007fefeff0000 - 0x000007feff0f9000 	C:\Windows\system32\MSCTF.dll
0x0000000068e20000 - 0x0000000068ef2000 	C:\Program Files\Java\jdk1.8.0_45\jre\bin\msvcr100.dll
0x00000000609b0000 - 0x0000000061233000 	C:\Program Files\Java\jdk1.8.0_45\jre\bin\server\jvm.dll
0x000007fef9d50000 - 0x000007fef9d59000 	C:\Windows\system32\WSOCK32.dll
0x000007feff740000 - 0x000007feff78d000 	C:\Windows\system32\WS2_32.dll
0x000007fefda40000 - 0x000007fefda48000 	C:\Windows\system32\NSI.dll
0x000007fefb4c0000 - 0x000007fefb4fb000 	C:\Windows\system32\WINMM.dll
0x000007fefc5f0000 - 0x000007fefc5fc000 	C:\Windows\system32\VERSION.dll
0x0000000077750000 - 0x0000000077757000 	C:\Windows\system32\PSAPI.DLL
0x000000006a770000 - 0x000000006a77f000 	C:\Program Files\Java\jdk1.8.0_45\jre\bin\verify.dll
0x000000006a740000 - 0x000000006a769000 	C:\Program Files\Java\jdk1.8.0_45\jre\bin\java.dll
0x000000006a720000 - 0x000000006a736000 	C:\Program Files\Java\jdk1.8.0_45\jre\bin\zip.dll
0x000007fefde30000 - 0x000007fefebb9000 	C:\Windows\system32\SHELL32.dll
0x000007feff1a0000 - 0x000007feff3a3000 	C:\Windows\system32\ole32.dll
0x000007fefd490000 - 0x000007fefd49f000 	C:\Windows\system32\profapi.dll
0x000007feecda0000 - 0x000007feecec5000 	C:\Windows\system32\dbghelp.dll

VM Arguments:
jvm_args: -Djava.awt.headless=true -Xmx1024M -Dfile.encoding=GBK -Duser.country=CN -Duser.language=zh -Duser.variant 
java_command: com.android.dx.command.Main --dex --force-jumbo --num-threads=4 --multi-dex --output E:\Download\Demo\xiaobai\app\build\intermediates\transforms\dex\debug\folders\1000\2\gson-2.3.1_e184c938f6ad785c4b72128c4f7f08278385cfcc E:\Download\Demo\xiaobai\app\src\main\libs\gson-2.3.1.jar
java_class_path (initial): C:\Users\wangc\AppData\Local\Android\sdk\build-tools\23.0.3\lib\dx.jar
Launcher Type: SUN_STANDARD

Environment Variables:
JAVA_HOME=C:\Program Files\Java\jdk1.8.0_45
CLASSPATH=.;C:\Program Files\Java\jdk1.8.0_45\lib;C:\Program Files\Java\jdk1.8.0_45\lib\tools.jar;D:\H5\apache-ant-1.8.1\apache-ant-1.8.1\lib
PATH=C:\ProgramData\Oracle\Java\javapath;C:\Windows\system32;C:\Windows;C:\Windows\System32\Wbem;C:\Windows\System32\WindowsPowerShell\v1.0\; C:\Program Files\Java\jdk1.8.0_45\bin;C:\Program Files\Java\jdk1.8.0_45\jre\bin;C:\Program Files\TortoiseSVN\bin;D:\adt-bundle-windows-x86_64-20140624\adt-bundle-windows-x86_64-20140624\sdk\sdk\platform-tools;D:\adt-bundle-windows-x86_64-20140624\adt-bundle-windows-x86_64-20140624\sdk\sdk\tools;C:\Program Files\nodejs;C:\ProgramData\chocolatey\bin;C:\Program Files\nodejs\;C:\Program Files\Git\cmd;C:\Users\wangc\AppData\Local\Android\sdk\tools;C:\Users\wangc\AppData\Local\Android\sdk\platform-tools;C:\Users\wangc\AppData\Roaming\npm
USERNAME=wangc
OS=Windows_NT
PROCESSOR_IDENTIFIER=Intel64 Family 6 Model 60 Stepping 3, GenuineIntel



---------------  S Y S T E M  ---------------

OS: Windows 7 , 64 bit Build 7601 (6.1.7601.23392)

CPU:total 4 (4 cores per cpu, 1 threads per core) family 6 model 60 stepping 3, cmov, cx8, fxsr, mmx, sse, sse2, sse3, ssse3, sse4.1, sse4.2, popcnt, avx, avx2, aes, clmul, erms, rtm, lzcnt, tsc, tscinvbit, bmi1, bmi2

Memory: 4k page, physical 8060540k(194276k free), swap 12252988k(5236k free)

vm_info: Java HotSpot(TM) 64-Bit Server VM (25.45-b02) for windows-amd64 JRE (1.8.0_45-b14), built on Apr 10 2015 10:34:15 by "java_re" with MS VC++ 10.0 (VS2010)

time: Wed Jun 08 14:46:44 2016
elapsed time: 1 seconds (0d 0h 0m 1s)

