#
# There is insufficient memory for the Java Runtime Environment to continue.
# Native memory allocation (malloc) failed to allocate 514176 bytes for Chunk::new
# Possible reasons:
#   The system is out of physical RAM or swap space
#   In 32 bit mode, the process size limit was hit
# Possible solutions:
#   Reduce memory load on the system
#   Increase physical memory or swap space
#   Check if swap backing store is full
#   Use 64 bit Java on a 64 bit OS
#   Decrease Java heap size (-Xmx/-Xms)
#   Decrease number of Java threads
#   Decrease Java thread stack sizes (-Xss)
#   Set larger code cache with -XX:ReservedCodeCacheSize=
# This output file may be truncated or incomplete.
#
#  Out of Memory Error (allocation.cpp:390), pid=25800, tid=27248
#
# JRE version: Java(TM) SE Runtime Environment (8.0_45-b14) (build 1.8.0_45-b14)
# Java VM: Java HotSpot(TM) 64-Bit Server VM (25.45-b02 mixed mode windows-amd64 compressed oops)
# Failed to write core dump. Minidumps are not enabled by default on client versions of Windows
#

---------------  T H R E A D  ---------------

Current thread (0x00000000565f9800):  JavaThread "C2 CompilerThread1" daemon [_thread_in_native, id=27248, stack(0x0000000056e20000,0x0000000056f20000)]

Stack: [0x0000000056e20000,0x0000000056f20000],  sp=0x0000000056f1f980,  free space=1022k
Native frames: (J=compiled Java code, j=interpreted, Vv=VM code, C=native code)
V  [jvm.dll+0x32b57a]


Current CompileTask:
C2:    254  609       4       com.android.dx.ssa.NormalSsaInsn::accept (25 bytes)


---------------  P R O C E S S  ---------------

Java Threads: ( => current thread )
  0x00000000568f9000 JavaThread "pool-2-thread-4" [_thread_blocked, id=26132, stack(0x00000000574c0000,0x00000000575c0000)]
  0x00000000568ed000 JavaThread "pool-2-thread-3" [_thread_blocked, id=27344, stack(0x0000000057820000,0x0000000057920000)]
  0x00000000568f4000 JavaThread "pool-2-thread-2" [_thread_blocked, id=27412, stack(0x0000000057640000,0x0000000057740000)]
  0x00000000568ee800 JavaThread "pool-3-thread-1" [_thread_blocked, id=27436, stack(0x0000000056f50000,0x0000000057050000)]
  0x00000000568a4000 JavaThread "pool-2-thread-1" [_thread_blocked, id=27316, stack(0x0000000056b30000,0x0000000056c30000)]
  0x0000000056678800 JavaThread "Service Thread" daemon [_thread_blocked, id=27408, stack(0x0000000057220000,0x0000000057320000)]
  0x00000000565fb000 JavaThread "C1 CompilerThread2" daemon [_thread_in_native, id=27340, stack(0x00000000570d0000,0x00000000571d0000)]
=>0x00000000565f9800 JavaThread "C2 CompilerThread1" daemon [_thread_in_native, id=27248, stack(0x0000000056e20000,0x0000000056f20000)]
  0x00000000565ea800 JavaThread "C2 CompilerThread0" daemon [_thread_blocked, id=27308, stack(0x0000000056090000,0x0000000056190000)]
  0x000000005532e800 JavaThread "Attach Listener" daemon [_thread_blocked, id=27320, stack(0x0000000056c60000,0x0000000056d60000)]
  0x000000005532d000 JavaThread "Signal Dispatcher" daemon [_thread_blocked, id=27384, stack(0x0000000056a30000,0x0000000056b30000)]
  0x00000000552c7000 JavaThread "Finalizer" daemon [_thread_blocked, id=27284, stack(0x00000000564e0000,0x00000000565e0000)]
  0x00000000552c0000 JavaThread "Reference Handler" daemon [_thread_blocked, id=27360, stack(0x0000000056380000,0x0000000056480000)]
  0x000000000252e000 JavaThread "main" [_thread_in_Java, id=27184, stack(0x00000000027d0000,0x00000000028d0000)]

Other Threads:
  0x00000000552ba800 VMThread [stack: 0x00000000561a0000,0x00000000562a0000] [id=27328]
  0x000000005668c000 WatcherThread [stack: 0x0000000057390000,0x0000000057490000] [id=26492]

VM state:not at safepoint (normal execution)

VM Mutex/Monitor currently owned by a thread: None

Heap:
 PSYoungGen      total 36864K, used 16772K [0x00000000eab00000, 0x00000000ed400000, 0x0000000100000000)
  eden space 31744K, 52% used [0x00000000eab00000,0x00000000ebb61090,0x00000000eca00000)
  from space 5120K, 0% used [0x00000000ecf00000,0x00000000ecf00000,0x00000000ed400000)
  to   space 5120K, 0% used [0x00000000eca00000,0x00000000eca00000,0x00000000ecf00000)
 ParOldGen       total 84992K, used 0K [0x00000000c0000000, 0x00000000c5300000, 0x00000000eab00000)
  object space 84992K, 0% used [0x00000000c0000000,0x00000000c0000000,0x00000000c5300000)
 Metaspace       used 5617K, capacity 6640K, committed 6784K, reserved 1056768K
  class space    used 588K, capacity 616K, committed 640K, reserved 1048576K

Card table byte_map: [0x0000000011c90000,0x0000000011ea0000] byte_map_base: 0x0000000011690000

Marking Bits: (ParMarkBitMap*) 0x000000005d324040
 Begin Bits: [0x0000000012730000, 0x0000000013730000)
 End Bits:   [0x0000000013730000, 0x0000000014730000)

Polling page: 0x0000000000240000

CodeCache: size=245760Kb used=2503Kb max_used=2503Kb free=243256Kb
 bounds [0x00000000028d0000, 0x0000000002b50000, 0x00000000118d0000]
 total_blobs=917 nmethods=646 adapters=184
 compilation: enabled

Compilation events (10 events):
Event: 0.252 Thread 0x00000000565fb000 nmethod 652 0x0000000002b3c010 code [0x0000000002b3c180, 0x0000000002b3c4e8]
Event: 0.252 Thread 0x00000000565fb000  666       3       com.android.dx.ssa.SsaMethod::bitSetFromLabelList (47 bytes)
Event: 0.253 Thread 0x00000000565fb000 nmethod 666 0x0000000002b3c650 code [0x0000000002b3c800, 0x0000000002b3cf78]
Event: 0.253 Thread 0x00000000565fb000  662       3       com.android.dx.rop.code.BasicBlockList::set (12 bytes)
Event: 0.253 Thread 0x00000000565fb000 nmethod 662 0x0000000002b3d290 code [0x0000000002b3d400, 0x0000000002b3d5a8]
Event: 0.253 Thread 0x00000000565fb000  669   !   3       com.android.dx.rop.code.RegisterSpecSet::get (18 bytes)
Event: 0.253 Thread 0x00000000565fb000 nmethod 669 0x0000000002b3d650 code [0x0000000002b3d7c0, 0x0000000002b3da28]
Event: 0.253 Thread 0x00000000565fb000  665       3       com.android.dx.rop.code.RopMethod::labelToPredecessors (54 bytes)
Event: 0.253 Thread 0x00000000565fb000 nmethod 665 0x0000000002b3dbd0 code [0x0000000002b3ddc0, 0x0000000002b3e6b8]
Event: 0.253 Thread 0x00000000565fb000  670       3       com.android.dx.ssa.Dominators::eval (29 bytes)

GC Heap History (0 events):
No events

Deoptimization events (1 events):
Event: 0.247 Thread 0x00000000568a4000 Uncommon trap: reason=unstable_if action=reinterpret pc=0x0000000002afd514 method=java.util.HashMap.getNode(ILjava/lang/Object;)Ljava/util/HashMap$Node; @ 129

Internal exceptions (2 events):
Event: 0.026 Thread 0x000000000252e000 Exception <a 'java/lang/NoSuchMethodError': Method sun.misc.Unsafe.defineClass(Ljava/lang/String;[BII)Ljava/lang/Class; name or signature does not match> (0x00000000eab12f08) thrown at [C:\re\workspace\8-2-build-windows-amd64-cygwin\jdk8u45\3457\hotspot\sr¨wž}.«š?
Event: 0.026 Thread 0x000000000252e000 Exception <a 'java/lang/NoSuchMethodError': Method sun.misc.Unsafe.prefetchRead(Ljava/lang/Object;J)V name or signature does not match> (0x00000000eab13198) thrown at [C:\re\workspace\8-2-build-windows-amd64-cygwin\jdk8u45\3457\hotspot\src\share\vm\prims\j

Events (10 events):
Event: 0.247 loading class java/util/HashMap$Values done
Event: 0.247 loading class java/util/HashMap$ValueIterator
Event: 0.247 loading class java/util/HashMap$ValueIterator done
Event: 0.247 Thread 0x00000000568a4000 Uncommon trap: trap_request=0xffffff65 fr.pc=0x0000000002afd514
Event: 0.247 Thread 0x00000000568a4000 DEOPT PACKING pc=0x0000000002afd514 sp=0x0000000056c2e8d0
Event: 0.247 Thread 0x00000000568a4000 DEOPT UNPACKING pc=0x000000000291582a sp=0x0000000056c2e858 mode 2
Event: 0.252 loading class java/util/TreeMap$EntrySet
Event: 0.252 loading class java/util/TreeMap$EntrySet done
Event: 0.252 loading class java/util/TreeMap$EntryIterator
Event: 0.252 loading class java/util/TreeMap$EntryIterator done


Dynamic libraries:
0x000000013ff30000 - 0x000000013ff67000 	C:\Program Files\Java\jdk1.8.0_45\bin\java.exe
0x0000000077370000 - 0x000000007751a000 	C:\Windows\SYSTEM32\ntdll.dll
0x0000000077150000 - 0x000000007726f000 	C:\Windows\system32\kernel32.dll
0x000007fefd5d0000 - 0x000007fefd63a000 	C:\Windows\system32\KERNELBASE.dll
0x000007fefe020000 - 0x000007fefe0fb000 	C:\Windows\system32\ADVAPI32.dll
0x000007fefdd20000 - 0x000007fefddbf000 	C:\Windows\system32\msvcrt.dll
0x000007fefe290000 - 0x000007fefe2af000 	C:\Windows\SYSTEM32\sechost.dll
0x000007feff550000 - 0x000007feff67d000 	C:\Windows\system32\RPCRT4.dll
0x0000000077270000 - 0x000000007736a000 	C:\Windows\system32\USER32.dll
0x000007fefdbe0000 - 0x000007fefdc47000 	C:\Windows\system32\GDI32.dll
0x000007fefd910000 - 0x000007fefd91e000 	C:\Windows\system32\LPK.dll
0x000007fefdc50000 - 0x000007fefdd1a000 	C:\Windows\system32\USP10.dll
0x000007fefbc60000 - 0x000007fefbe54000 	C:\Windows\WinSxS\amd64_microsoft.windows.common-controls_6595b64144ccf1df_6.0.7601.18837_none_fa3b1e3d17594757\COMCTL32.dll
0x000007fefd980000 - 0x000007fefd9f1000 	C:\Windows\system32\SHLWAPI.dll
0x000007fefd8e0000 - 0x000007fefd90e000 	C:\Windows\system32\IMM32.DLL
0x000007fefe180000 - 0x000007fefe289000 	C:\Windows\system32\MSCTF.dll
0x00000000654f0000 - 0x00000000655c2000 	C:\Program Files\Java\jdk1.8.0_45\jre\bin\msvcr100.dll
0x000000005cb20000 - 0x000000005d3a3000 	C:\Program Files\Java\jdk1.8.0_45\jre\bin\server\jvm.dll
0x000007fef9e90000 - 0x000007fef9e99000 	C:\Windows\system32\WSOCK32.dll
0x000007fefddc0000 - 0x000007fefde0d000 	C:\Windows\system32\WS2_32.dll
0x000007feff3a0000 - 0x000007feff3a8000 	C:\Windows\system32\NSI.dll
0x000007fefb260000 - 0x000007fefb29b000 	C:\Windows\system32\WINMM.dll
0x000007fefc3d0000 - 0x000007fefc3dc000 	C:\Windows\system32\VERSION.dll
0x0000000077530000 - 0x0000000077537000 	C:\Windows\system32\PSAPI.DLL
0x0000000070430000 - 0x000000007043f000 	C:\Program Files\Java\jdk1.8.0_45\jre\bin\verify.dll
0x0000000068db0000 - 0x0000000068dd9000 	C:\Program Files\Java\jdk1.8.0_45\jre\bin\java.dll
0x000000006c2d0000 - 0x000000006c2e6000 	C:\Program Files\Java\jdk1.8.0_45\jre\bin\zip.dll
0x000007fefe350000 - 0x000007feff0d9000 	C:\Windows\system32\SHELL32.dll
0x000007fefde10000 - 0x000007fefe013000 	C:\Windows\system32\ole32.dll
0x000007fefd270000 - 0x000007fefd27f000 	C:\Windows\system32\profapi.dll

VM Arguments:
jvm_args: -Djava.awt.headless=true -Xmx1024M -Dfile.encoding=GBK -Duser.country=CN -Duser.language=zh -Duser.variant 
java_command: com.android.dx.command.Main --dex --force-jumbo --num-threads=4 --multi-dex --output E:\Download\Demo\xiaobai\app\build\intermediates\transforms\dex\debug\folders\1000\2\MobTools-2016.0303.1229_bc5e7dcb5ecbe639d7b86e2ae3686475190884ce E:\Download\Demo\xiaobai\app\src\main\libs\MobTools-2016.0303.1229.jar
java_class_path (initial): C:\Users\wangc\AppData\Local\Android\sdk\build-tools\23.0.3\lib\dx.jar
Launcher Type: SUN_STANDARD

Environment Variables:
JAVA_HOME=C:\Program Files\Java\jdk1.8.0_45
CLASSPATH=.;C:\Program Files\Java\jdk1.8.0_45\lib;C:\Program Files\Java\jdk1.8.0_45\lib\tools.jar;D:\H5\apache-ant-1.8.1\apache-ant-1.8.1\lib
PATH=C:\ProgramData\Oracle\Java\javapath;C:\Windows\system32;C:\Windows;C:\Windows\System32\Wbem;C:\Windows\System32\WindowsPowerShell\v1.0\; C:\Program Files\Java\jdk1.8.0_45\bin;C:\Program Files\Java\jdk1.8.0_45\jre\bin;C:\Program Files\TortoiseSVN\bin;D:\adt-bundle-windows-x86_64-20140624\adt-bundle-windows-x86_64-20140624\sdk\sdk\platform-tools;D:\adt-bundle-windows-x86_64-20140624\adt-bundle-windows-x86_64-20140624\sdk\sdk\tools;C:\Program Files\nodejs;C:\ProgramData\chocolatey\bin;C:\Program Files\nodejs\;C:\Program Files\Git\cmd;C:\Users\wangc\AppData\Local\Android\sdk\tools;C:\Users\wangc\AppData\Local\Android\sdk\platform-tools;C:\Users\wangc\AppData\Roaming\npm
USERNAME=wangc
OS=Windows_NT
PROCESSOR_IDENTIFIER=Intel64 Family 6 Model 60 Stepping 3, GenuineIntel



---------------  S Y S T E M  ---------------

OS: Windows 7 , 64 bit Build 7601 (6.1.7601.23392)

CPU:total 4 (4 cores per cpu, 1 threads per core) family 6 model 60 stepping 3, cmov, cx8, fxsr, mmx, sse, sse2, sse3, ssse3, sse4.1, sse4.2, popcnt, avx, avx2, aes, clmul, erms, rtm, lzcnt, tsc, tscinvbit, bmi1, bmi2

Memory: 4k page, physical 8060540k(128912k free), swap 12252988k(5164k free)

vm_info: Java HotSpot(TM) 64-Bit Server VM (25.45-b02) for windows-amd64 JRE (1.8.0_45-b14), built on Apr 10 2015 10:34:15 by "java_re" with MS VC++ 10.0 (VS2010)

time: Fri Jun 03 17:13:18 2016
elapsed time: 0 seconds (0d 0h 0m 0s)

