#
# There is insufficient memory for the Java Runtime Environment to continue.
# Native memory allocation (malloc) failed to allocate 131088 bytes for Chunk::new
# Possible reasons:
#   The system is out of physical RAM or swap space
#   In 32 bit mode, the process size limit was hit
# Possible solutions:
#   Reduce memory load on the system
#   Increase physical memory or swap space
#   Check if swap backing store is full
#   Use 64 bit Java on a 64 bit OS
#   Decrease Java heap size (-Xmx/-Xms)
#   Decrease number of Java threads
#   Decrease Java thread stack sizes (-Xss)
#   Set larger code cache with -XX:ReservedCodeCacheSize=
# This output file may be truncated or incomplete.
#
#  Out of Memory Error (allocation.cpp:390), pid=29288, tid=29576
#
# JRE version: Java(TM) SE Runtime Environment (8.0_45-b14) (build 1.8.0_45-b14)
# Java VM: Java HotSpot(TM) 64-Bit Server VM (25.45-b02 mixed mode windows-amd64 compressed oops)
# Failed to write core dump. Minidumps are not enabled by default on client versions of Windows
#

---------------  T H R E A D  ---------------

Current thread (0x0000000056654000):  JavaThread "C2 CompilerThread1" daemon [_thread_in_native, id=29576, stack(0x0000000056f20000,0x0000000057020000)]

Stack: [0x0000000056f20000,0x0000000057020000]
Native frames: (J=compiled Java code, j=interpreted, Vv=VM code, C=native code)
V  [jvm.dll+0x32b57a]


Current CompileTask:
C2:    676  606       4       com.android.dx.ssa.NormalSsaInsn::accept (25 bytes)


---------------  P R O C E S S  ---------------

Java Threads: ( => current thread )
  0x000000005690c000 JavaThread "pool-2-thread-4" [_thread_blocked, id=29652, stack(0x00000000578b0000,0x00000000579b0000)]
  0x0000000056903800 JavaThread "pool-2-thread-3" [_thread_blocked, id=29648, stack(0x0000000056440000,0x0000000056540000)]
  0x0000000056903000 JavaThread "pool-2-thread-2" [_thread_in_vm, id=29640, stack(0x0000000057630000,0x0000000057730000)]
  0x00000000567c2800 JavaThread "pool-3-thread-1" [_thread_blocked, id=29624, stack(0x0000000057520000,0x0000000057620000)]
  0x00000000567c0800 JavaThread "pool-2-thread-1" [_thread_in_vm, id=29620, stack(0x0000000056a40000,0x0000000056b40000)]
  0x0000000056661800 JavaThread "Service Thread" daemon [_thread_blocked, id=29588, stack(0x00000000571b0000,0x00000000572b0000)]
  0x0000000056655000 JavaThread "C1 CompilerThread2" daemon [_thread_blocked, id=29580, stack(0x0000000057080000,0x0000000057180000)]
=>0x0000000056654000 JavaThread "C2 CompilerThread1" daemon [_thread_in_native, id=29576, stack(0x0000000056f20000,0x0000000057020000)]
  0x000000005536c000 JavaThread "C2 CompilerThread0" daemon [_thread_in_native, id=29568, stack(0x0000000056de0000,0x0000000056ee0000)]
  0x0000000056649000 JavaThread "Attach Listener" daemon [_thread_blocked, id=29564, stack(0x0000000056c70000,0x0000000056d70000)]
  0x000000005535e800 JavaThread "Signal Dispatcher" daemon [_thread_blocked, id=29556, stack(0x0000000056b60000,0x0000000056c60000)]
  0x0000000055301800 JavaThread "Finalizer" daemon [_thread_blocked, id=29500, stack(0x0000000056540000,0x0000000056640000)]
  0x0000000055300000 JavaThread "Reference Handler" daemon [_thread_blocked, id=29496, stack(0x00000000562c0000,0x00000000563c0000)]
  0x000000000252e000 JavaThread "main" [_thread_blocked, id=29428, stack(0x0000000002790000,0x0000000002890000)]

Other Threads:
  0x00000000552fa800 VMThread [stack: 0x0000000056150000,0x0000000056250000] [id=29488]
  0x0000000056665800 WatcherThread [stack: 0x0000000057340000,0x0000000057440000] [id=29592]

VM state:not at safepoint (normal execution)

VM Mutex/Monitor currently owned by a thread: None

Heap:
 PSYoungGen      total 36864K, used 18703K [0x00000000eab00000, 0x00000000ed400000, 0x0000000100000000)
  eden space 31744K, 58% used [0x00000000eab00000,0x00000000ebd43dd8,0x00000000eca00000)
  from space 5120K, 0% used [0x00000000ecf00000,0x00000000ecf00000,0x00000000ed400000)
  to   space 5120K, 0% used [0x00000000eca00000,0x00000000eca00000,0x00000000ecf00000)
 ParOldGen       total 84992K, used 0K [0x00000000c0000000, 0x00000000c5300000, 0x00000000eab00000)
  object space 84992K, 0% used [0x00000000c0000000,0x00000000c0000000,0x00000000c5300000)
 Metaspace       used 5653K, capacity 6704K, committed 6784K, reserved 1056768K
  class space    used 585K, capacity 616K, committed 640K, reserved 1048576K

Card table byte_map: [0x0000000011c50000,0x0000000011e60000] byte_map_base: 0x0000000011650000

Marking Bits: (ParMarkBitMap*) 0x00000000611b4040
 Begin Bits: [0x0000000012770000, 0x0000000013770000)
 End Bits:   [0x0000000013770000, 0x0000000014770000)

Polling page: 0x0000000000140000

CodeCache: size=245760Kb used=2817Kb max_used=2817Kb free=242942Kb
 bounds [0x0000000002890000, 0x0000000002b60000, 0x0000000011890000]
 total_blobs=979 nmethods=708 adapters=184
 compilation: enabled

Compilation events (10 events):
Event: 0.669 Thread 0x0000000056655000  718       1       java.util.TreeMap::size (5 bytes)
Event: 0.669 Thread 0x0000000056655000 nmethod 718 0x0000000002b50350 code [0x0000000002b504a0, 0x0000000002b505b0]
Event: 0.669 Thread 0x0000000056655000  687       3       com.android.dx.util.ByteArray::getInt (47 bytes)
Event: 0.669 Thread 0x0000000056655000 nmethod 687 0x0000000002b50610 code [0x0000000002b507a0, 0x0000000002b50b88]
Event: 0.669 Thread 0x0000000056655000  679       3       com.android.dx.cf.code.Frame::setImmutable (15 bytes)
Event: 0.669 Thread 0x0000000056655000 nmethod 679 0x0000000002b50e10 code [0x0000000002b50f80, 0x0000000002b51288]
Event: 0.669 Thread 0x0000000056655000  678       3       com.android.dx.rop.type.Type::isReference (15 bytes)
Event: 0.669 Thread 0x0000000056655000 nmethod 678 0x0000000002b51390 code [0x0000000002b514e0, 0x0000000002b51690]
Event: 0.669 Thread 0x0000000056655000  717       1       java.util.concurrent.atomic.AtomicInteger::get (5 bytes)
Event: 0.670 Thread 0x0000000056655000 nmethod 717 0x0000000002b51710 code [0x0000000002b51860, 0x0000000002b51970]

GC Heap History (0 events):
No events

Deoptimization events (1 events):
Event: 0.394 Thread 0x0000000056903000 Uncommon trap: reason=unstable_if action=reinterpret pc=0x0000000002a51b24 method=java.util.HashMap.getNode(ILjava/lang/Object;)Ljava/util/HashMap$Node; @ 62

Internal exceptions (2 events):
Event: 0.028 Thread 0x000000000252e000 Exception <a 'java/lang/NoSuchMethodError': Method sun.misc.Unsafe.defineClass(Ljava/lang/String;[BII)Ljava/lang/Class; name or signature does not match> (0x00000000eab12f08) thrown at [C:\re\workspace\8-2-build-windows-amd64-cygwin\jdk8u45\3457\hotspot\srØÒ9ˇ5ù?
Event: 0.029 Thread 0x000000000252e000 Exception <a 'java/lang/NoSuchMethodError': Method sun.misc.Unsafe.prefetchRead(Ljava/lang/Object;J)V name or signature does not match> (0x00000000eab13198) thrown at [C:\re\workspace\8-2-build-windows-amd64-cygwin\jdk8u45\3457\hotspot\src\share\vm\prims\j

Events (10 events):
Event: 0.399 loading class java/util/DualPivotQuicksort
Event: 0.399 loading class java/util/DualPivotQuicksort done
Event: 0.448 loading class com/android/dx/dex/file/FieldAnnotationStruct
Event: 0.448 loading class com/android/dx/dex/file/FieldAnnotationStruct done
Event: 0.453 loading class com/android/dx/dex/file/MethodAnnotationStruct
Event: 0.453 loading class com/android/dx/dex/file/MethodAnnotationStruct done
Event: 0.571 loading class com/android/dx/cf/code/BytecodeArray$ConstantParserVisitor
Event: 0.571 loading class com/android/dx/cf/code/BytecodeArray$ConstantParserVisitor done
Event: 0.598 Executing VM operation: ForceSafepoint
Event: 0.654 Executing VM operation: ForceSafepoint done


Dynamic libraries:
0x000000013f720000 - 0x000000013f757000 	C:\Program Files\Java\jdk1.8.0_45\bin\java.exe
0x0000000077590000 - 0x000000007773a000 	C:\Windows\SYSTEM32\ntdll.dll
0x0000000077470000 - 0x000000007758f000 	C:\Windows\system32\kernel32.dll
0x000007fefd810000 - 0x000007fefd87a000 	C:\Windows\system32\KERNELBASE.dll
0x000007fefdd50000 - 0x000007fefde2b000 	C:\Windows\system32\ADVAPI32.dll
0x000007fefdb60000 - 0x000007fefdbff000 	C:\Windows\system32\msvcrt.dll
0x000007fefefd0000 - 0x000007fefefef000 	C:\Windows\SYSTEM32\sechost.dll
0x000007feff3b0000 - 0x000007feff4dd000 	C:\Windows\system32\RPCRT4.dll
0x0000000077370000 - 0x000000007746a000 	C:\Windows\system32\USER32.dll
0x000007feff790000 - 0x000007feff7f7000 	C:\Windows\system32\GDI32.dll
0x000007fefda30000 - 0x000007fefda3e000 	C:\Windows\system32\LPK.dll
0x000007fefef00000 - 0x000007fefefca000 	C:\Windows\system32\USP10.dll
0x000007fefbf00000 - 0x000007fefc0f4000 	C:\Windows\WinSxS\amd64_microsoft.windows.common-controls_6595b64144ccf1df_6.0.7601.18837_none_fa3b1e3d17594757\COMCTL32.dll
0x000007fefebc0000 - 0x000007fefec31000 	C:\Windows\system32\SHLWAPI.dll
0x000007fefda50000 - 0x000007fefda7e000 	C:\Windows\system32\IMM32.DLL
0x000007fefeff0000 - 0x000007feff0f9000 	C:\Windows\system32\MSCTF.dll
0x0000000068e20000 - 0x0000000068ef2000 	C:\Program Files\Java\jdk1.8.0_45\jre\bin\msvcr100.dll
0x00000000609b0000 - 0x0000000061233000 	C:\Program Files\Java\jdk1.8.0_45\jre\bin\server\jvm.dll
0x000007fef9d50000 - 0x000007fef9d59000 	C:\Windows\system32\WSOCK32.dll
0x000007feff740000 - 0x000007feff78d000 	C:\Windows\system32\WS2_32.dll
0x000007fefda40000 - 0x000007fefda48000 	C:\Windows\system32\NSI.dll
0x000007fefb4c0000 - 0x000007fefb4fb000 	C:\Windows\system32\WINMM.dll
0x000007fefc5f0000 - 0x000007fefc5fc000 	C:\Windows\system32\VERSION.dll
0x0000000077750000 - 0x0000000077757000 	C:\Windows\system32\PSAPI.DLL
0x000000006a770000 - 0x000000006a77f000 	C:\Program Files\Java\jdk1.8.0_45\jre\bin\verify.dll
0x000000006a740000 - 0x000000006a769000 	C:\Program Files\Java\jdk1.8.0_45\jre\bin\java.dll
0x000000006a720000 - 0x000000006a736000 	C:\Program Files\Java\jdk1.8.0_45\jre\bin\zip.dll
0x000007fefde30000 - 0x000007fefebb9000 	C:\Windows\system32\SHELL32.dll
0x000007feff1a0000 - 0x000007feff3a3000 	C:\Windows\system32\ole32.dll
0x000007fefd490000 - 0x000007fefd49f000 	C:\Windows\system32\profapi.dll

VM Arguments:
jvm_args: -Djava.awt.headless=true -Xmx1024M -Dfile.encoding=GBK -Duser.country=CN -Duser.language=zh -Duser.variant 
java_command: com.android.dx.command.Main --dex --force-jumbo --num-threads=4 --multi-dex --output E:\Download\Demo\xiaobai\app\build\intermediates\transforms\dex\debug\folders\1000\5\slice_7 E:\Download\Demo\xiaobai\app\build\intermediates\transforms\instantRunSlicer\debug\folders\1\5\slice_7
java_class_path (initial): C:\Users\wangc\AppData\Local\Android\sdk\build-tools\23.0.3\lib\dx.jar
Launcher Type: SUN_STANDARD

Environment Variables:
JAVA_HOME=C:\Program Files\Java\jdk1.8.0_45
CLASSPATH=.;C:\Program Files\Java\jdk1.8.0_45\lib;C:\Program Files\Java\jdk1.8.0_45\lib\tools.jar;D:\H5\apache-ant-1.8.1\apache-ant-1.8.1\lib
PATH=C:\ProgramData\Oracle\Java\javapath;C:\Windows\system32;C:\Windows;C:\Windows\System32\Wbem;C:\Windows\System32\WindowsPowerShell\v1.0\; C:\Program Files\Java\jdk1.8.0_45\bin;C:\Program Files\Java\jdk1.8.0_45\jre\bin;C:\Program Files\TortoiseSVN\bin;D:\adt-bundle-windows-x86_64-20140624\adt-bundle-windows-x86_64-20140624\sdk\sdk\platform-tools;D:\adt-bundle-windows-x86_64-20140624\adt-bundle-windows-x86_64-20140624\sdk\sdk\tools;C:\Program Files\nodejs;C:\ProgramData\chocolatey\bin;C:\Program Files\nodejs\;C:\Program Files\Git\cmd;C:\Users\wangc\AppData\Local\Android\sdk\tools;C:\Users\wangc\AppData\Local\Android\sdk\platform-tools;C:\Users\wangc\AppData\Roaming\npm
USERNAME=wangc
OS=Windows_NT
PROCESSOR_IDENTIFIER=Intel64 Family 6 Model 60 Stepping 3, GenuineIntel



---------------  S Y S T E M  ---------------

OS: Windows 7 , 64 bit Build 7601 (6.1.7601.23392)

CPU:total 4 (4 cores per cpu, 1 threads per core) family 6 model 60 stepping 3, cmov, cx8, fxsr, mmx, sse, sse2, sse3, ssse3, sse4.1, sse4.2, popcnt, avx, avx2, aes, clmul, erms, rtm, lzcnt, tsc, tscinvbit, bmi1, bmi2

Memory: 4k page, physical 8060540k(121820k free), swap 12252988k(5120k free)

vm_info: Java HotSpot(TM) 64-Bit Server VM (25.45-b02) for windows-amd64 JRE (1.8.0_45-b14), built on Apr 10 2015 10:34:15 by "java_re" with MS VC++ 10.0 (VS2010)

time: Wed Jun 08 15:30:47 2016
elapsed time: 0 seconds (0d 0h 0m 0s)

