#
# There is insufficient memory for the Java Runtime Environment to continue.
# Native memory allocation (malloc) failed to allocate 32744 bytes for ChunkPool::allocate
# Possible reasons:
#   The system is out of physical RAM or swap space
#   In 32 bit mode, the process size limit was hit
# Possible solutions:
#   Reduce memory load on the system
#   Increase physical memory or swap space
#   Check if swap backing store is full
#   Use 64 bit Java on a 64 bit OS
#   Decrease Java heap size (-Xmx/-Xms)
#   Decrease number of Java threads
#   Decrease Java thread stack sizes (-Xss)
#   Set larger code cache with -XX:ReservedCodeCacheSize=
# This output file may be truncated or incomplete.
#
#  Out of Memory Error (allocation.cpp:273), pid=24632, tid=22928
#
# JRE version: Java(TM) SE Runtime Environment (8.0_45-b14) (build 1.8.0_45-b14)
# Java VM: Java HotSpot(TM) 64-Bit Server VM (25.45-b02 mixed mode windows-amd64 compressed oops)
# Failed to write core dump. Minidumps are not enabled by default on client versions of Windows
#

---------------  T H R E A D  ---------------

Current thread (0x000000005653b000):  JavaThread "C2 CompilerThread0" daemon [_thread_in_native, id=22928, stack(0x0000000056ca0000,0x0000000056da0000)]

Stack: [0x0000000056ca0000,0x0000000056da0000]
Native frames: (J=compiled Java code, j=interpreted, Vv=VM code, C=native code)
V  [jvm.dll+0x32b57a]


Current CompileTask:
C2:    931  677       4       com.android.dx.ssa.NormalSsaInsn::accept (25 bytes)


---------------  P R O C E S S  ---------------

Java Threads: ( => current thread )
  0x00000000567c4000 JavaThread "pool-2-thread-4" [_thread_blocked, id=25320, stack(0x0000000058210000,0x0000000058310000)]
  0x00000000567c1000 JavaThread "pool-2-thread-3" [_thread_in_vm, id=25184, stack(0x0000000058010000,0x0000000058110000)]
  0x00000000567bf000 JavaThread "pool-2-thread-2" [_thread_blocked, id=24780, stack(0x00000000562a0000,0x00000000563a0000)]
  0x000000005677f000 JavaThread "pool-3-thread-1" [_thread_blocked, id=23732, stack(0x0000000057e40000,0x0000000057f40000)]
  0x00000000567a4800 JavaThread "pool-2-thread-1" [_thread_blocked, id=24080, stack(0x0000000057ce0000,0x0000000057de0000)]
  0x00000000565ae800 JavaThread "Service Thread" daemon [_thread_blocked, id=25188, stack(0x0000000057160000,0x0000000057260000)]
  0x00000000565a9800 JavaThread "C1 CompilerThread2" daemon [_thread_blocked, id=25304, stack(0x0000000056f70000,0x0000000057070000)]
  0x0000000056544000 JavaThread "C2 CompilerThread1" daemon [_thread_blocked, id=23652, stack(0x0000000056e10000,0x0000000056f10000)]
=>0x000000005653b000 JavaThread "C2 CompilerThread0" daemon [_thread_in_native, id=22928, stack(0x0000000056ca0000,0x0000000056da0000)]
  0x0000000056539800 JavaThread "Attach Listener" daemon [_thread_blocked, id=24272, stack(0x0000000056b90000,0x0000000056c90000)]
  0x0000000056538800 JavaThread "Signal Dispatcher" daemon [_thread_blocked, id=24056, stack(0x0000000056a50000,0x0000000056b50000)]
  0x0000000054fa7000 JavaThread "Finalizer" daemon [_thread_blocked, id=25424, stack(0x0000000056430000,0x0000000056530000)]
  0x0000000054fa0000 JavaThread "Reference Handler" daemon [_thread_blocked, id=25256, stack(0x00000000561a0000,0x00000000562a0000)]
  0x00000000024be000 JavaThread "main" [_thread_blocked, id=25280, stack(0x00000000026f0000,0x00000000027f0000)]

Other Threads:
  0x0000000054f9a800 VMThread [stack: 0x0000000055fa0000,0x00000000560a0000] [id=25172]
  0x00000000565b2000 WatcherThread [stack: 0x0000000057310000,0x0000000057410000] [id=25268]

VM state:not at safepoint (normal execution)

VM Mutex/Monitor currently owned by a thread: None

Heap:
 PSYoungGen      total 36864K, used 19332K [0x00000000eab00000, 0x00000000ed400000, 0x0000000100000000)
  eden space 31744K, 60% used [0x00000000eab00000,0x00000000ebde1310,0x00000000eca00000)
  from space 5120K, 0% used [0x00000000ecf00000,0x00000000ecf00000,0x00000000ed400000)
  to   space 5120K, 0% used [0x00000000eca00000,0x00000000eca00000,0x00000000ecf00000)
 ParOldGen       total 84992K, used 0K [0x00000000c0000000, 0x00000000c5300000, 0x00000000eab00000)
  object space 84992K, 0% used [0x00000000c0000000,0x00000000c0000000,0x00000000c5300000)
 Metaspace       used 5604K, capacity 6576K, committed 6784K, reserved 1056768K
  class space    used 589K, capacity 616K, committed 640K, reserved 1048576K

Card table byte_map: [0x0000000011bb0000,0x0000000011dc0000] byte_map_base: 0x00000000115b0000

Marking Bits: (ParMarkBitMap*) 0x00000000611b4040
 Begin Bits: [0x0000000012410000, 0x0000000013410000)
 End Bits:   [0x0000000013410000, 0x0000000014410000)

Polling page: 0x0000000000230000

CodeCache: size=245760Kb used=2543Kb max_used=2554Kb free=243216Kb
 bounds [0x00000000027f0000, 0x0000000002a70000, 0x00000000117f0000]
 total_blobs=941 nmethods=668 adapters=184
 compilation: disabled (not enough contiguous free space left)

Compilation events (10 events):
Event: 0.927 Thread 0x00000000565a9800 nmethod 657 0x0000000002a6b710 code [0x0000000002a6b880, 0x0000000002a6ba88]
Event: 0.927 Thread 0x00000000565a9800  607       3       com.android.dx.ssa.SsaMethod::updateOneDefinition (70 bytes)
Event: 0.927 Thread 0x00000000565a9800 nmethod 607 0x0000000002a6aa50 code [0x0000000002a6ac00, 0x0000000002a6b408]
Event: 0.927 Thread 0x00000000565a9800  608       3       com.android.dx.ssa.SsaInsn::mapRegisters (35 bytes)
Event: 0.927 Thread 0x00000000565a9800 nmethod 608 0x0000000002a6a310 code [0x0000000002a6a4a0, 0x0000000002a6a908]
Event: 0.927 Thread 0x00000000565a9800  674       3       com.android.dx.util.IntList::sort (29 bytes)
Event: 0.928 Thread 0x0000000056544000 

Event: 0.929 Thread 0x0000000056544000  689       4       com.android.dx.rop.cst.Constant::compareTo (33 bytes)
Event: 0.929 Thread 0x0000000056544000 nmethod 689 0x0000000002a69f50 code [0x0000000002a6a0a0, 0x0000000002a6a138]
Event: 0.929 Thread 0x0000000056544000  691       4       com.android.dx.rop.code.InsnList::get (9 bytes)

GC Heap History (0 events):
No events

Deoptimization events (0 events):
No events

Internal exceptions (2 events):
Event: 0.032 Thread 0x00000000024be000 Exception <a 'java/lang/NoSuchMethodError': Method sun.misc.Unsafe.defineClass(Ljava/lang/String;[BII)Ljava/lang/Class; name or signature does not match> (0x00000000eab12f08) thrown at [C:\re\workspace\8-2-build-windows-amd64-cygwin\jdk8u45\3457\hotspot\sr‘úu9– ?
Event: 0.032 Thread 0x00000000024be000 Exception <a 'java/lang/NoSuchMethodError': Method sun.misc.Unsafe.prefetchRead(Ljava/lang/Object;J)V name or signature does not match> (0x00000000eab13198) thrown at [C:\re\workspace\8-2-build-windows-amd64-cygwin\jdk8u45\3457\hotspot\src\share\vm\prims\j

Events (10 events):
Event: 0.878 loading class com/android/dx/dex/file/DebugInfoItem
Event: 0.878 loading class com/android/dx/dex/file/DebugInfoItem done
Event: 0.879 loading class java/io/PrintWriter
Event: 0.879 loading class java/io/PrintWriter done
Event: 0.894 loading class java/util/TreeMap$EntrySet
Event: 0.894 loading class java/util/TreeMap$EntrySet done
Event: 0.894 loading class java/util/TreeMap$EntryIterator
Event: 0.894 loading class java/util/TreeMap$EntryIterator done
Event: 0.914 loading class com/android/dx/ssa/back/FirstFitLocalCombiningAllocator$Multiset
Event: 0.914 loading class com/android/dx/ssa/back/FirstFitLocalCombiningAllocator$Multiset done


Dynamic libraries:
0x000000013f720000 - 0x000000013f757000 	C:\Program Files\Java\jdk1.8.0_45\bin\java.exe
0x0000000077590000 - 0x000000007773a000 	C:\Windows\SYSTEM32\ntdll.dll
0x0000000077470000 - 0x000000007758f000 	C:\Windows\system32\kernel32.dll
0x000007fefd810000 - 0x000007fefd87a000 	C:\Windows\system32\KERNELBASE.dll
0x000007fefdd50000 - 0x000007fefde2b000 	C:\Windows\system32\ADVAPI32.dll
0x000007fefdb60000 - 0x000007fefdbff000 	C:\Windows\system32\msvcrt.dll
0x000007fefefd0000 - 0x000007fefefef000 	C:\Windows\SYSTEM32\sechost.dll
0x000007feff3b0000 - 0x000007feff4dd000 	C:\Windows\system32\RPCRT4.dll
0x0000000077370000 - 0x000000007746a000 	C:\Windows\system32\USER32.dll
0x000007feff790000 - 0x000007feff7f7000 	C:\Windows\system32\GDI32.dll
0x000007fefda30000 - 0x000007fefda3e000 	C:\Windows\system32\LPK.dll
0x000007fefef00000 - 0x000007fefefca000 	C:\Windows\system32\USP10.dll
0x000007fefbf00000 - 0x000007fefc0f4000 	C:\Windows\WinSxS\amd64_microsoft.windows.common-controls_6595b64144ccf1df_6.0.7601.18837_none_fa3b1e3d17594757\COMCTL32.dll
0x000007fefebc0000 - 0x000007fefec31000 	C:\Windows\system32\SHLWAPI.dll
0x000007fefda50000 - 0x000007fefda7e000 	C:\Windows\system32\IMM32.DLL
0x000007fefeff0000 - 0x000007feff0f9000 	C:\Windows\system32\MSCTF.dll
0x0000000068e20000 - 0x0000000068ef2000 	C:\Program Files\Java\jdk1.8.0_45\jre\bin\msvcr100.dll
0x00000000609b0000 - 0x0000000061233000 	C:\Program Files\Java\jdk1.8.0_45\jre\bin\server\jvm.dll
0x000007fef9d50000 - 0x000007fef9d59000 	C:\Windows\system32\WSOCK32.dll
0x000007feff740000 - 0x000007feff78d000 	C:\Windows\system32\WS2_32.dll
0x000007fefda40000 - 0x000007fefda48000 	C:\Windows\system32\NSI.dll
0x000007fefb4c0000 - 0x000007fefb4fb000 	C:\Windows\system32\WINMM.dll
0x000007fefc5f0000 - 0x000007fefc5fc000 	C:\Windows\system32\VERSION.dll
0x0000000077750000 - 0x0000000077757000 	C:\Windows\system32\PSAPI.DLL
0x000000006a770000 - 0x000000006a77f000 	C:\Program Files\Java\jdk1.8.0_45\jre\bin\verify.dll
0x000000006a740000 - 0x000000006a769000 	C:\Program Files\Java\jdk1.8.0_45\jre\bin\java.dll
0x000000006a720000 - 0x000000006a736000 	C:\Program Files\Java\jdk1.8.0_45\jre\bin\zip.dll
0x000007fefde30000 - 0x000007fefebb9000 	C:\Windows\system32\SHELL32.dll
0x000007feff1a0000 - 0x000007feff3a3000 	C:\Windows\system32\ole32.dll
0x000007fefd490000 - 0x000007fefd49f000 	C:\Windows\system32\profapi.dll

VM Arguments:
jvm_args: -Djava.awt.headless=true -Xmx1024M -Dfile.encoding=GBK -Duser.country=CN -Duser.language=zh -Duser.variant 
java_command: com.android.dx.command.Main --dex --force-jumbo --num-threads=4 --multi-dex --output E:\Download\Demo\xiaobai\app\build\intermediates\transforms\dex\debug\folders\1000\10\glide-3.5.2_d05793620f77b92988f6686d90dd651ee16f7885 C:\Users\wangc\.gradle\caches\modules-2\files-2.1\com.github.bumptech.glide\glide\3.5.2\ecf534dba3a8446ce84cbb797d314763be212a68\glide-3.5.2.jar
java_class_path (initial): C:\Users\wangc\AppData\Local\Android\sdk\build-tools\23.0.3\lib\dx.jar
Launcher Type: SUN_STANDARD

Environment Variables:
JAVA_HOME=C:\Program Files\Java\jdk1.8.0_45
CLASSPATH=.;C:\Program Files\Java\jdk1.8.0_45\lib;C:\Program Files\Java\jdk1.8.0_45\lib\tools.jar;D:\H5\apache-ant-1.8.1\apache-ant-1.8.1\lib
PATH=C:\ProgramData\Oracle\Java\javapath;C:\Windows\system32;C:\Windows;C:\Windows\System32\Wbem;C:\Windows\System32\WindowsPowerShell\v1.0\; C:\Program Files\Java\jdk1.8.0_45\bin;C:\Program Files\Java\jdk1.8.0_45\jre\bin;C:\Program Files\TortoiseSVN\bin;D:\adt-bundle-windows-x86_64-20140624\adt-bundle-windows-x86_64-20140624\sdk\sdk\platform-tools;D:\adt-bundle-windows-x86_64-20140624\adt-bundle-windows-x86_64-20140624\sdk\sdk\tools;C:\Program Files\nodejs;C:\ProgramData\chocolatey\bin;C:\Program Files\nodejs\;C:\Program Files\Git\cmd;C:\Users\wangc\AppData\Local\Android\sdk\tools;C:\Users\wangc\AppData\Local\Android\sdk\platform-tools;C:\Users\wangc\AppData\Roaming\npm
USERNAME=wangc
OS=Windows_NT
PROCESSOR_IDENTIFIER=Intel64 Family 6 Model 60 Stepping 3, GenuineIntel



---------------  S Y S T E M  ---------------

OS: Windows 7 , 64 bit Build 7601 (6.1.7601.23392)

CPU:total 4 (4 cores per cpu, 1 threads per core) family 6 model 60 stepping 3, cmov, cx8, fxsr, mmx, sse, sse2, sse3, ssse3, sse4.1, sse4.2, popcnt, avx, avx2, aes, clmul, erms, rtm, lzcnt, tsc, tscinvbit, bmi1, bmi2

Memory: 4k page, physical 8060540k(201748k free), swap 12252988k(5076k free)

vm_info: Java HotSpot(TM) 64-Bit Server VM (25.45-b02) for windows-amd64 JRE (1.8.0_45-b14), built on Apr 10 2015 10:34:15 by "java_re" with MS VC++ 10.0 (VS2010)

time: Wed Jun 08 14:46:44 2016
elapsed time: 0 seconds (0d 0h 0m 0s)

