#
# There is insufficient memory for the Java Runtime Environment to continue.
# Native memory allocation (malloc) failed to allocate 554192 bytes for Chunk::new
# Possible reasons:
#   The system is out of physical RAM or swap space
#   In 32 bit mode, the process size limit was hit
# Possible solutions:
#   Reduce memory load on the system
#   Increase physical memory or swap space
#   Check if swap backing store is full
#   Use 64 bit Java on a 64 bit OS
#   Decrease Java heap size (-Xmx/-Xms)
#   Decrease number of Java threads
#   Decrease Java thread stack sizes (-Xss)
#   Set larger code cache with -XX:ReservedCodeCacheSize=
# This output file may be truncated or incomplete.
#
#  Out of Memory Error (allocation.cpp:390), pid=23896, tid=25008
#
# JRE version: Java(TM) SE Runtime Environment (8.0_45-b14) (build 1.8.0_45-b14)
# Java VM: Java HotSpot(TM) 64-Bit Server VM (25.45-b02 mixed mode windows-amd64 compressed oops)
# Failed to write core dump. Minidumps are not enabled by default on client versions of Windows
#

---------------  T H R E A D  ---------------

Current thread (0x0000000056879800):  JavaThread "C2 CompilerThread0" daemon [_thread_in_native, id=25008, stack(0x0000000056420000,0x0000000056520000)]

Stack: [0x0000000056420000,0x0000000056520000]
Native frames: (J=compiled Java code, j=interpreted, Vv=VM code, C=native code)
V  [jvm.dll+0x32b57a]


Current CompileTask:
C2:   1742 1129       4       com.android.dx.ssa.SCCP::simulateStmt (481 bytes)


---------------  P R O C E S S  ---------------

Java Threads: ( => current thread )
  0x0000000056a7e000 JavaThread "pool-2-thread-3" [_thread_in_Java, id=25528, stack(0x0000000057a30000,0x0000000057b30000)]
  0x0000000056a7d000 JavaThread "pool-2-thread-2" [_thread_in_Java, id=25472, stack(0x0000000057870000,0x0000000057970000)]
  0x0000000056a7b800 JavaThread "pool-3-thread-1" [_thread_blocked, id=25420, stack(0x0000000057460000,0x0000000057560000)]
  0x0000000056a76000 JavaThread "pool-2-thread-1" [_thread_in_vm, id=25388, stack(0x0000000057680000,0x0000000057780000)]
  0x0000000056908800 JavaThread "Service Thread" daemon [_thread_blocked, id=25052, stack(0x0000000056fc0000,0x00000000570c0000)]
  0x0000000056887000 JavaThread "C1 CompilerThread2" daemon [_thread_in_native, id=25016, stack(0x00000000572e0000,0x00000000573e0000)]
  0x0000000056886000 JavaThread "C2 CompilerThread1" daemon [_thread_in_native, id=25012, stack(0x00000000570c0000,0x00000000571c0000)]
=>0x0000000056879800 JavaThread "C2 CompilerThread0" daemon [_thread_in_native, id=25008, stack(0x0000000056420000,0x0000000056520000)]
  0x0000000056878800 JavaThread "Attach Listener" daemon [_thread_blocked, id=24976, stack(0x0000000056ea0000,0x0000000056fa0000)]
  0x000000005536d000 JavaThread "Signal Dispatcher" daemon [_thread_blocked, id=24968, stack(0x0000000056d00000,0x0000000056e00000)]
  0x0000000055301000 JavaThread "Finalizer" daemon [_thread_blocked, id=23580, stack(0x0000000056770000,0x0000000056870000)]
  0x0000000055300000 JavaThread "Reference Handler" daemon [_thread_blocked, id=20832, stack(0x00000000565a0000,0x00000000566a0000)]
  0x00000000001fe000 JavaThread "main" [_thread_blocked, id=16936, stack(0x0000000002710000,0x0000000002810000)]

Other Threads:
  0x00000000552fa800 VMThread [stack: 0x0000000056300000,0x0000000056400000] [id=18080]
  0x0000000056910000 WatcherThread [stack: 0x0000000057560000,0x0000000057660000] [id=25060]

VM state:not at safepoint (normal execution)

VM Mutex/Monitor currently owned by a thread: None

Heap:
 PSYoungGen      total 36864K, used 6221K [0x00000000eab00000, 0x00000000ed400000, 0x0000000100000000)
  eden space 31744K, 3% used [0x00000000eab00000,0x00000000eac15c90,0x00000000eca00000)
  from space 5120K, 99% used [0x00000000eca00000,0x00000000ecefda30,0x00000000ecf00000)
  to   space 5120K, 0% used [0x00000000ecf00000,0x00000000ecf00000,0x00000000ed400000)
 ParOldGen       total 84992K, used 1295K [0x00000000c0000000, 0x00000000c5300000, 0x00000000eab00000)
  object space 84992K, 1% used [0x00000000c0000000,0x00000000c0143de0,0x00000000c5300000)
 Metaspace       used 5872K, capacity 6832K, committed 7040K, reserved 1056768K
  class space    used 591K, capacity 616K, committed 640K, reserved 1048576K

Card table byte_map: [0x0000000011bd0000,0x0000000011de0000] byte_map_base: 0x00000000115d0000

Marking Bits: (ParMarkBitMap*) 0x00000000611b4040
 Begin Bits: [0x0000000012770000, 0x0000000013770000)
 End Bits:   [0x0000000013770000, 0x0000000014770000)

Polling page: 0x0000000000440000

CodeCache: size=245760Kb used=4413Kb max_used=4413Kb free=241346Kb
 bounds [0x0000000002810000, 0x0000000002c70000, 0x0000000011810000]
 total_blobs=1414 nmethods=1143 adapters=184
 compilation: enabled

Compilation events (10 events):
Event: 1.403 Thread 0x0000000056887000 1127       3       java.util.TreeMap$ValueIterator::<init> (12 bytes)
Event: 1.403 Thread 0x0000000056887000 nmethod 1127 0x0000000002c60d50 code [0x0000000002c60ec0, 0x0000000002c61130]
Event: 1.404 Thread 0x0000000056879800 nmethod 1125 0x0000000002c61250 code [0x0000000002c613a0, 0x0000000002c615d8]
Event: 1.404 Thread 0x0000000056879800 1129       4       com.android.dx.ssa.SCCP::simulateStmt (481 bytes)
Event: 1.442 Thread 0x0000000056887000 1150       1       com.android.dx.cf.code.OneLocalsArray::getOrNull (7 bytes)
Event: 1.442 Thread 0x0000000056887000 nmethod 1150 0x0000000002c5e050 code [0x0000000002c5e1a0, 0x0000000002c5e2d0]
Event: 1.442 Thread 0x0000000056887000 1158       3       com.android.dx.cf.code.ExecutionStack::<init> (34 bytes)
Event: 1.740 Thread 0x0000000056887000 nmethod 1158 0x0000000002c5da10 code [0x0000000002c5db80, 0x0000000002c5df30]
Event: 1.740 Thread 0x0000000056886000 1136       4       com.android.dx.cf.code.LineNumberList::pcToLine (73 bytes)
Event: 1.740 Thread 0x0000000056887000 1157       3       com.android.dx.ssa.PhiInsn::predBlockIndexForSourcesIndex (15 bytes)

GC Heap History (2 events):
Event: 1.499 GC heap before
{Heap before GC invocations=1 (full 0):
 PSYoungGen      total 36864K, used 31744K [0x00000000eab00000, 0x00000000ed400000, 0x0000000100000000)
  eden space 31744K, 100% used [0x00000000eab00000,0x00000000eca00000,0x00000000eca00000)
  from space 5120K, 0% used [0x00000000ecf00000,0x00000000ecf00000,0x00000000ed400000)
  to   space 5120K, 0% used [0x00000000eca00000,0x00000000eca00000,0x00000000ecf00000)
 ParOldGen       total 84992K, used 0K [0x00000000c0000000, 0x00000000c5300000, 0x00000000eab00000)
  object space 84992K, 0% used [0x00000000c0000000,0x00000000c0000000,0x00000000c5300000)
 Metaspace       used 5852K, capacity 6832K, committed 7040K, reserved 1056768K
  class space    used 591K, capacity 616K, committed 640K, reserved 1048576K
Event: 1.734 GC heap after
Heap after GC invocations=1 (full 0):
 PSYoungGen      total 36864K, used 5110K [0x00000000eab00000, 0x00000000ed400000, 0x0000000100000000)
  eden space 31744K, 0% used [0x00000000eab00000,0x00000000eab00000,0x00000000eca00000)
  from space 5120K, 99% used [0x00000000eca00000,0x00000000ecefda30,0x00000000ecf00000)
  to   space 5120K, 0% used [0x00000000ecf00000,0x00000000ecf00000,0x00000000ed400000)
 ParOldGen       total 84992K, used 1295K [0x00000000c0000000, 0x00000000c5300000, 0x00000000eab00000)
  object space 84992K, 1% used [0x00000000c0000000,0x00000000c0143de0,0x00000000c5300000)
 Metaspace       used 5852K, capacity 6832K, committed 7040K, reserved 1056768K
  class space    used 591K, capacity 616K, committed 640K, reserved 1048576K
}

Deoptimization events (9 events):
Event: 0.705 Thread 0x0000000056a7e000 Uncommon trap: reason=unstable_if action=reinterpret pc=0x0000000002a4fd24 method=java.util.BitSet.ensureCapacity(I)V @ 6
Event: 0.723 Thread 0x0000000056a7e000 Uncommon trap: reason=unstable_if action=reinterpret pc=0x00000000029fbaa0 method=java.util.BitSet.nextSetBit(I)I @ 87
Event: 1.071 Thread 0x0000000056a76000 Uncommon trap: reason=null_check action=make_not_entrant pc=0x0000000002af5ed0 method=com.android.dx.ssa.SsaRenamer.getLocalForNewReg(I)Lcom/android/dx/rop/code/LocalItem; @ 19
Event: 1.101 Thread 0x00000000001fe000 Uncommon trap: reason=bimorphic action=maybe_recompile pc=0x0000000002a17594 method=java.util.HashMap.getNode(ILjava/lang/Object;)Ljava/util/HashMap$Node; @ 126
Event: 1.103 Thread 0x00000000001fe000 Uncommon trap: reason=bimorphic action=maybe_recompile pc=0x0000000002a17594 method=java.util.HashMap.getNode(ILjava/lang/Object;)Ljava/util/HashMap$Node; @ 126
Event: 1.114 Thread 0x00000000001fe000 Uncommon trap: reason=bimorphic action=maybe_recompile pc=0x0000000002a17594 method=java.util.HashMap.getNode(ILjava/lang/Object;)Ljava/util/HashMap$Node; @ 126
Event: 1.115 Thread 0x00000000001fe000 Uncommon trap: reason=bimorphic action=maybe_recompile pc=0x0000000002a17594 method=java.util.HashMap.getNode(ILjava/lang/Object;)Ljava/util/HashMap$Node; @ 126
Event: 1.116 Thread 0x00000000001fe000 Uncommon trap: reason=bimorphic action=maybe_recompile pc=0x0000000002a10504 method=java.util.HashMap.getNode(ILjava/lang/Object;)Ljava/util/HashMap$Node; @ 126
Event: 1.737 Thread 0x0000000056a7d000 Uncommon trap: reason=bimorphic action=maybe_recompile pc=0x0000000002c1ff04 method=java.util.HashMap.putVal(ILjava/lang/Object;Ljava/lang/Object;ZZ)Ljava/lang/Object; @ 203

Internal exceptions (3 events):
Event: 0.068 Thread 0x00000000001fe000 Exception <a 'java/lang/NoSuchMethodError': Method sun.misc.Unsafe.defineClass(Ljava/lang/String;[BII)Ljava/lang/Class; name or signature does not match> (0x00000000eab12f08) thrown at [C:\re\workspace\8-2-build-windows-amd64-cygwin\jdk8u45\3457\hotspot\sr òq_±?
Event: 0.068 Thread 0x00000000001fe000 Exception <a 'java/lang/NoSuchMethodError': Method sun.misc.Unsafe.prefetchRead(Ljava/lang/Object;J)V name or signature does not match> (0x00000000eab13198) thrown at [C:\re\workspace\8-2-build-windows-amd64-cygwin\jdk8u45\3457\hotspot\src\share\vm\prims\jžP¶™ù#ñ?
Event: 1.071 Thread 0x0000000056a76000 Implicit null exception at 0x0000000002af355a to 0x0000000002af5eb1

Events (10 events):
Event: 1.433 loading class java/util/HashMap$KeySet
Event: 1.435 loading class java/util/HashMap$KeySet done
Event: 1.435 loading class java/util/HashMap$KeyIterator
Event: 1.435 loading class java/util/HashMap$KeyIterator done
Event: 1.452 Executing VM operation: ParallelGCFailedAllocation
Event: 1.734 Executing VM operation: ParallelGCFailedAllocation done
Event: 1.737 Thread 0x0000000056a7d000 Uncommon trap: trap_request=0xffffffc6 fr.pc=0x0000000002c1ff04
Event: 1.737 Thread 0x0000000056a7d000 DEOPT PACKING pc=0x0000000002c1ff04 sp=0x000000005796e840
Event: 1.737 Thread 0x0000000056a7d000 DEOPT UNPACKING pc=0x000000000285582a sp=0x000000005796e7c8 mode 2
Event: 1.739 Thread 0x0000000056a7f800 Thread exited: 0x0000000056a7f800


Dynamic libraries:
0x000000013f720000 - 0x000000013f757000 	C:\Program Files\Java\jdk1.8.0_45\bin\java.exe
0x0000000077590000 - 0x000000007773a000 	C:\Windows\SYSTEM32\ntdll.dll
0x0000000077470000 - 0x000000007758f000 	C:\Windows\system32\kernel32.dll
0x000007fefd810000 - 0x000007fefd87a000 	C:\Windows\system32\KERNELBASE.dll
0x000007fefdd50000 - 0x000007fefde2b000 	C:\Windows\system32\ADVAPI32.dll
0x000007fefdb60000 - 0x000007fefdbff000 	C:\Windows\system32\msvcrt.dll
0x000007fefefd0000 - 0x000007fefefef000 	C:\Windows\SYSTEM32\sechost.dll
0x000007feff3b0000 - 0x000007feff4dd000 	C:\Windows\system32\RPCRT4.dll
0x0000000077370000 - 0x000000007746a000 	C:\Windows\system32\USER32.dll
0x000007feff790000 - 0x000007feff7f7000 	C:\Windows\system32\GDI32.dll
0x000007fefda30000 - 0x000007fefda3e000 	C:\Windows\system32\LPK.dll
0x000007fefef00000 - 0x000007fefefca000 	C:\Windows\system32\USP10.dll
0x000007fefbf00000 - 0x000007fefc0f4000 	C:\Windows\WinSxS\amd64_microsoft.windows.common-controls_6595b64144ccf1df_6.0.7601.18837_none_fa3b1e3d17594757\COMCTL32.dll
0x000007fefebc0000 - 0x000007fefec31000 	C:\Windows\system32\SHLWAPI.dll
0x000007fefda50000 - 0x000007fefda7e000 	C:\Windows\system32\IMM32.DLL
0x000007fefeff0000 - 0x000007feff0f9000 	C:\Windows\system32\MSCTF.dll
0x0000000068e20000 - 0x0000000068ef2000 	C:\Program Files\Java\jdk1.8.0_45\jre\bin\msvcr100.dll
0x00000000609b0000 - 0x0000000061233000 	C:\Program Files\Java\jdk1.8.0_45\jre\bin\server\jvm.dll
0x000007fef9d50000 - 0x000007fef9d59000 	C:\Windows\system32\WSOCK32.dll
0x000007feff740000 - 0x000007feff78d000 	C:\Windows\system32\WS2_32.dll
0x000007fefda40000 - 0x000007fefda48000 	C:\Windows\system32\NSI.dll
0x000007fefb4c0000 - 0x000007fefb4fb000 	C:\Windows\system32\WINMM.dll
0x000007fefc5f0000 - 0x000007fefc5fc000 	C:\Windows\system32\VERSION.dll
0x0000000077750000 - 0x0000000077757000 	C:\Windows\system32\PSAPI.DLL
0x000000006a770000 - 0x000000006a77f000 	C:\Program Files\Java\jdk1.8.0_45\jre\bin\verify.dll
0x000000006a740000 - 0x000000006a769000 	C:\Program Files\Java\jdk1.8.0_45\jre\bin\java.dll
0x000000006a720000 - 0x000000006a736000 	C:\Program Files\Java\jdk1.8.0_45\jre\bin\zip.dll
0x000007fefde30000 - 0x000007fefebb9000 	C:\Windows\system32\SHELL32.dll
0x000007feff1a0000 - 0x000007feff3a3000 	C:\Windows\system32\ole32.dll
0x000007fefd490000 - 0x000007fefd49f000 	C:\Windows\system32\profapi.dll

VM Arguments:
jvm_args: -Djava.awt.headless=true -Xmx1024M -Dfile.encoding=GBK -Duser.country=CN -Duser.language=zh -Duser.variant 
java_command: com.android.dx.command.Main --dex --force-jumbo --num-threads=4 --multi-dex --output E:\Download\Demo\xiaobai\app\build\intermediates\transforms\dex\debug\folders\1000\10\qiniu-android-sdk-7.2.0_7e98942380caabba074c1c20f4cb27147fc4a92b C:\Users\wangc\.gradle\caches\modules-2\files-2.1\com.qiniu\qiniu-android-sdk\7.2.0\ba77fe01918041e83a9e7e6bb41430f3f05b935\qiniu-android-sdk-7.2.0.jar
java_class_path (initial): C:\Users\wangc\AppData\Local\Android\sdk\build-tools\23.0.3\lib\dx.jar
Launcher Type: SUN_STANDARD

Environment Variables:
JAVA_HOME=C:\Program Files\Java\jdk1.8.0_45
CLASSPATH=.;C:\Program Files\Java\jdk1.8.0_45\lib;C:\Program Files\Java\jdk1.8.0_45\lib\tools.jar;D:\H5\apache-ant-1.8.1\apache-ant-1.8.1\lib
PATH=C:\ProgramData\Oracle\Java\javapath;C:\Windows\system32;C:\Windows;C:\Windows\System32\Wbem;C:\Windows\System32\WindowsPowerShell\v1.0\; C:\Program Files\Java\jdk1.8.0_45\bin;C:\Program Files\Java\jdk1.8.0_45\jre\bin;C:\Program Files\TortoiseSVN\bin;D:\adt-bundle-windows-x86_64-20140624\adt-bundle-windows-x86_64-20140624\sdk\sdk\platform-tools;D:\adt-bundle-windows-x86_64-20140624\adt-bundle-windows-x86_64-20140624\sdk\sdk\tools;C:\Program Files\nodejs;C:\ProgramData\chocolatey\bin;C:\Program Files\nodejs\;C:\Program Files\Git\cmd;C:\Users\wangc\AppData\Local\Android\sdk\tools;C:\Users\wangc\AppData\Local\Android\sdk\platform-tools;C:\Users\wangc\AppData\Roaming\npm
USERNAME=wangc
OS=Windows_NT
PROCESSOR_IDENTIFIER=Intel64 Family 6 Model 60 Stepping 3, GenuineIntel



---------------  S Y S T E M  ---------------

OS: Windows 7 , 64 bit Build 7601 (6.1.7601.23392)

CPU:total 4 (4 cores per cpu, 1 threads per core) family 6 model 60 stepping 3, cmov, cx8, fxsr, mmx, sse, sse2, sse3, ssse3, sse4.1, sse4.2, popcnt, avx, avx2, aes, clmul, erms, rtm, lzcnt, tsc, tscinvbit, bmi1, bmi2

Memory: 4k page, physical 8060540k(6320k free), swap 12252988k(5004k free)

vm_info: Java HotSpot(TM) 64-Bit Server VM (25.45-b02) for windows-amd64 JRE (1.8.0_45-b14), built on Apr 10 2015 10:34:15 by "java_re" with MS VC++ 10.0 (VS2010)

time: Wed Jun 08 14:46:35 2016
elapsed time: 1 seconds (0d 0h 0m 1s)

