#
# There is insufficient memory for the Java Runtime Environment to continue.
# Native memory allocation (malloc) failed to allocate 400496 bytes for Chunk::new
# Possible reasons:
#   The system is out of physical RAM or swap space
#   In 32 bit mode, the process size limit was hit
# Possible solutions:
#   Reduce memory load on the system
#   Increase physical memory or swap space
#   Check if swap backing store is full
#   Use 64 bit Java on a 64 bit OS
#   Decrease Java heap size (-Xmx/-Xms)
#   Decrease number of Java threads
#   Decrease Java thread stack sizes (-Xss)
#   Set larger code cache with -XX:ReservedCodeCacheSize=
# This output file may be truncated or incomplete.
#
#  Out of Memory Error (allocation.cpp:390), pid=29264, tid=29524
#
# JRE version: Java(TM) SE Runtime Environment (8.0_45-b14) (build 1.8.0_45-b14)
# Java VM: Java HotSpot(TM) 64-Bit Server VM (25.45-b02 mixed mode windows-amd64 compressed oops)
# Failed to write core dump. Minidumps are not enabled by default on client versions of Windows
#

---------------  T H R E A D  ---------------

Current thread (0x0000000056615000):  JavaThread "C2 CompilerThread1" daemon [_thread_in_native, id=29524, stack(0x0000000056e70000,0x0000000056f70000)]

Stack: [0x0000000056e70000,0x0000000056f70000]
Native frames: (J=compiled Java code, j=interpreted, Vv=VM code, C=native code)
V  [jvm.dll+0x32b57a]


Current CompileTask:
C2:    560  676       4       com.android.dx.ssa.NormalSsaInsn::accept (25 bytes)


---------------  P R O C E S S  ---------------

Java Threads: ( => current thread )
  0x00000000568bf000 JavaThread "pool-2-thread-4" [_thread_in_Java, id=29632, stack(0x00000000579b0000,0x0000000057ab0000)]
  0x00000000568c5800 JavaThread "pool-2-thread-3" [_thread_blocked, id=29628, stack(0x0000000057630000,0x0000000057730000)]
  0x00000000567e5000 JavaThread "pool-2-thread-2" [_thread_in_Java, id=29612, stack(0x0000000057740000,0x0000000057840000)]
  0x0000000056797800 JavaThread "pool-3-thread-1" [_thread_blocked, id=29600, stack(0x00000000571c0000,0x00000000572c0000)]
  0x000000005678d800 JavaThread "pool-2-thread-1" [_thread_in_vm, id=29596, stack(0x00000000574c0000,0x00000000575c0000)]
  0x000000005669d000 JavaThread "Service Thread" daemon [_thread_blocked, id=29532, stack(0x0000000056d20000,0x0000000056e20000)]
  0x0000000056615800 JavaThread "C1 CompilerThread2" daemon [_thread_in_vm, id=29528, stack(0x0000000057060000,0x0000000057160000)]
=>0x0000000056615000 JavaThread "C2 CompilerThread1" daemon [_thread_in_native, id=29524, stack(0x0000000056e70000,0x0000000056f70000)]
  0x000000005660b000 JavaThread "C2 CompilerThread0" daemon [_thread_in_native, id=29520, stack(0x0000000056bf0000,0x0000000056cf0000)]
  0x0000000056609800 JavaThread "Attach Listener" daemon [_thread_blocked, id=29516, stack(0x00000000562d0000,0x00000000563d0000)]
  0x0000000056608800 JavaThread "Signal Dispatcher" daemon [_thread_blocked, id=29512, stack(0x0000000056aa0000,0x0000000056ba0000)]
  0x0000000055207000 JavaThread "Finalizer" daemon [_thread_blocked, id=29448, stack(0x0000000056500000,0x0000000056600000)]
  0x0000000055200000 JavaThread "Reference Handler" daemon [_thread_blocked, id=29444, stack(0x00000000563f0000,0x00000000564f0000)]
  0x000000000262e000 JavaThread "main" [_thread_blocked, id=29376, stack(0x0000000002850000,0x0000000002950000)]

Other Threads:
  0x00000000551fa800 VMThread [stack: 0x0000000056150000,0x0000000056250000] [id=29432]
  0x00000000566a0800 WatcherThread [stack: 0x0000000057330000,0x0000000057430000] [id=29536]

VM state:not at safepoint (normal execution)

VM Mutex/Monitor currently owned by a thread: None

Heap:
 PSYoungGen      total 36864K, used 16156K [0x00000000eab00000, 0x00000000ed400000, 0x0000000100000000)
  eden space 31744K, 50% used [0x00000000eab00000,0x00000000ebac7188,0x00000000eca00000)
  from space 5120K, 0% used [0x00000000ecf00000,0x00000000ecf00000,0x00000000ed400000)
  to   space 5120K, 0% used [0x00000000eca00000,0x00000000eca00000,0x00000000ecf00000)
 ParOldGen       total 84992K, used 0K [0x00000000c0000000, 0x00000000c5300000, 0x00000000eab00000)
  object space 84992K, 0% used [0x00000000c0000000,0x00000000c0000000,0x00000000c5300000)
 Metaspace       used 5632K, capacity 6704K, committed 6784K, reserved 1056768K
  class space    used 582K, capacity 616K, committed 640K, reserved 1048576K

Card table byte_map: [0x0000000011d10000,0x0000000011f20000] byte_map_base: 0x0000000011710000

Marking Bits: (ParMarkBitMap*) 0x00000000611b4040
 Begin Bits: [0x0000000012670000, 0x0000000013670000)
 End Bits:   [0x0000000013670000, 0x0000000014670000)

Polling page: 0x0000000000230000

CodeCache: size=245760Kb used=2905Kb max_used=2905Kb free=242854Kb
 bounds [0x0000000002950000, 0x0000000002c30000, 0x0000000011950000]
 total_blobs=970 nmethods=700 adapters=183
 compilation: enabled

Compilation events (10 events):
Event: 0.554 Thread 0x000000005660b000  679       4       java.util.ArrayList::ensureExplicitCapacity (26 bytes)
Event: 0.554 Thread 0x0000000056615800  665       3       com.android.dx.ssa.SsaRenamer$BlockRenamer::visitNonMoveInsn (14 bytes)
Event: 0.554 Thread 0x0000000056615800 nmethod 665 0x0000000002c15790 code [0x0000000002c15900, 0x0000000002c15b58]
Event: 0.554 Thread 0x0000000056615800  660       3       com.android.dx.cf.code.Merger::isPossiblyAssignableFrom (202 bytes)
Event: 0.555 Thread 0x0000000056615800 nmethod 660 0x0000000002c161d0 code [0x0000000002c16520, 0x0000000002c18428]
Event: 0.555 Thread 0x0000000056615800  702       3       com.android.dx.ssa.LocalVariableExtractor::processBlock (383 bytes)
Event: 0.555 Thread 0x000000005660b000 nmethod 679 0x0000000002c11fd0 code [0x0000000002c12120, 0x0000000002c12358]
Event: 0.555 Thread 0x000000005660b000  700       4       com.android.dx.util.LabeledList::indexOfLabel (22 bytes)
Event: 0.556 Thread 0x000000005660b000 nmethod 700 0x0000000002c05710 code [0x0000000002c05860, 0x0000000002c05918]
Event: 0.556 Thread 0x000000005660b000  709       4       com.android.dx.ssa.SsaBasicBlock::forEachInsn (37 bytes)

GC Heap History (0 events):
No events

Deoptimization events (10 events):
Event: 0.405 Thread 0x000000005678d800 Uncommon trap: reason=class_check action=maybe_recompile pc=0x0000000002af7468 method=com.android.dx.rop.cst.Constant.compareTo(Ljava/lang/Object;)I @ 2
Event: 0.423 Thread 0x000000005678d800 Uncommon trap: reason=unstable_if action=reinterpret pc=0x0000000002b4ac2c method=java.util.HashMap.getNode(ILjava/lang/Object;)Ljava/util/HashMap$Node; @ 62
Event: 0.432 Thread 0x00000000568c5800 Uncommon trap: reason=class_check action=maybe_recompile pc=0x0000000002af7468 method=com.android.dx.rop.cst.Constant.compareTo(Ljava/lang/Object;)I @ 2
Event: 0.432 Thread 0x00000000568c5800 Uncommon trap: reason=class_check action=maybe_recompile pc=0x0000000002af7468 method=com.android.dx.rop.cst.Constant.compareTo(Ljava/lang/Object;)I @ 2
Event: 0.433 Thread 0x00000000568bf000 Uncommon trap: reason=class_check action=maybe_recompile pc=0x0000000002af7468 method=com.android.dx.rop.cst.Constant.compareTo(Ljava/lang/Object;)I @ 2
Event: 0.529 Thread 0x000000005678d800 Uncommon trap: reason=unstable_if action=reinterpret pc=0x0000000002afab64 method=com.android.dx.rop.cst.CstFieldRef.compareTo0(Lcom/android/dx/rop/cst/Constant;)I @ 7
Event: 0.552 Thread 0x00000000567e5000 Uncommon trap: reason=speculate_class_check action=maybe_recompile pc=0x0000000002c0ed70 method=com.android.dx.rop.cst.Constant.compareTo(Lcom/android/dx/rop/cst/Constant;)I @ 29
Event: 0.552 Thread 0x00000000567e5000 Uncommon trap: reason=speculate_class_check action=maybe_recompile pc=0x0000000002c0ed70 method=com.android.dx.rop.cst.Constant.compareTo(Lcom/android/dx/rop/cst/Constant;)I @ 29
Event: 0.552 Thread 0x00000000567e5000 Uncommon trap: reason=speculate_class_check action=maybe_recompile pc=0x0000000002c0ed70 method=com.android.dx.rop.cst.Constant.compareTo(Lcom/android/dx/rop/cst/Constant;)I @ 29
Event: 0.552 Thread 0x00000000567e5000 Uncommon trap: reason=speculate_class_check action=maybe_recompile pc=0x0000000002c0ed70 method=com.android.dx.rop.cst.Constant.compareTo(Lcom/android/dx/rop/cst/Constant;)I @ 29

Internal exceptions (2 events):
Event: 0.042 Thread 0x000000000262e000 Exception <a 'java/lang/NoSuchMethodError': Method sun.misc.Unsafe.defineClass(Ljava/lang/String;[BII)Ljava/lang/Class; name or signature does not match> (0x00000000eab12f08) thrown at [C:\re\workspace\8-2-build-windows-amd64-cygwin\jdk8u45\3457\hotspot\sr«-£á•?
Event: 0.042 Thread 0x000000000262e000 Exception <a 'java/lang/NoSuchMethodError': Method sun.misc.Unsafe.prefetchRead(Ljava/lang/Object;J)V name or signature does not match> (0x00000000eab13198) thrown at [C:\re\workspace\8-2-build-windows-amd64-cygwin\jdk8u45\3457\hotspot\src\share\vm\prims\j

Events (10 events):
Event: 0.552 Thread 0x00000000567e5000 DEOPT UNPACKING pc=0x000000000299582a sp=0x000000005783ec90 mode 2
Event: 0.552 Thread 0x00000000567e5000 Uncommon trap: trap_request=0xffffff76 fr.pc=0x0000000002c0ed70
Event: 0.552 Thread 0x00000000567e5000 DEOPT PACKING pc=0x0000000002c0ed70 sp=0x000000005783ed60
Event: 0.552 Thread 0x00000000567e5000 DEOPT UNPACKING pc=0x000000000299582a sp=0x000000005783ec90 mode 2
Event: 0.552 Thread 0x00000000567e5000 Uncommon trap: trap_request=0xffffff76 fr.pc=0x0000000002c0ed70
Event: 0.552 Thread 0x00000000567e5000 DEOPT PACKING pc=0x0000000002c0ed70 sp=0x000000005783ed60
Event: 0.552 Thread 0x00000000567e5000 DEOPT UNPACKING pc=0x000000000299582a sp=0x000000005783ec90 mode 2
Event: 0.552 Thread 0x00000000567e5000 Uncommon trap: trap_request=0xffffff76 fr.pc=0x0000000002c0ed70
Event: 0.552 Thread 0x00000000567e5000 DEOPT PACKING pc=0x0000000002c0ed70 sp=0x000000005783ed60
Event: 0.552 Thread 0x00000000567e5000 DEOPT UNPACKING pc=0x000000000299582a sp=0x000000005783ec90 mode 2


Dynamic libraries:
0x000000013f720000 - 0x000000013f757000 	C:\Program Files\Java\jdk1.8.0_45\bin\java.exe
0x0000000077590000 - 0x000000007773a000 	C:\Windows\SYSTEM32\ntdll.dll
0x0000000077470000 - 0x000000007758f000 	C:\Windows\system32\kernel32.dll
0x000007fefd810000 - 0x000007fefd87a000 	C:\Windows\system32\KERNELBASE.dll
0x000007fefdd50000 - 0x000007fefde2b000 	C:\Windows\system32\ADVAPI32.dll
0x000007fefdb60000 - 0x000007fefdbff000 	C:\Windows\system32\msvcrt.dll
0x000007fefefd0000 - 0x000007fefefef000 	C:\Windows\SYSTEM32\sechost.dll
0x000007feff3b0000 - 0x000007feff4dd000 	C:\Windows\system32\RPCRT4.dll
0x0000000077370000 - 0x000000007746a000 	C:\Windows\system32\USER32.dll
0x000007feff790000 - 0x000007feff7f7000 	C:\Windows\system32\GDI32.dll
0x000007fefda30000 - 0x000007fefda3e000 	C:\Windows\system32\LPK.dll
0x000007fefef00000 - 0x000007fefefca000 	C:\Windows\system32\USP10.dll
0x000007fefbf00000 - 0x000007fefc0f4000 	C:\Windows\WinSxS\amd64_microsoft.windows.common-controls_6595b64144ccf1df_6.0.7601.18837_none_fa3b1e3d17594757\COMCTL32.dll
0x000007fefebc0000 - 0x000007fefec31000 	C:\Windows\system32\SHLWAPI.dll
0x000007fefda50000 - 0x000007fefda7e000 	C:\Windows\system32\IMM32.DLL
0x000007fefeff0000 - 0x000007feff0f9000 	C:\Windows\system32\MSCTF.dll
0x0000000068e20000 - 0x0000000068ef2000 	C:\Program Files\Java\jdk1.8.0_45\jre\bin\msvcr100.dll
0x00000000609b0000 - 0x0000000061233000 	C:\Program Files\Java\jdk1.8.0_45\jre\bin\server\jvm.dll
0x000007fef9d50000 - 0x000007fef9d59000 	C:\Windows\system32\WSOCK32.dll
0x000007feff740000 - 0x000007feff78d000 	C:\Windows\system32\WS2_32.dll
0x000007fefda40000 - 0x000007fefda48000 	C:\Windows\system32\NSI.dll
0x000007fefb4c0000 - 0x000007fefb4fb000 	C:\Windows\system32\WINMM.dll
0x000007fefc5f0000 - 0x000007fefc5fc000 	C:\Windows\system32\VERSION.dll
0x0000000077750000 - 0x0000000077757000 	C:\Windows\system32\PSAPI.DLL
0x000000006a770000 - 0x000000006a77f000 	C:\Program Files\Java\jdk1.8.0_45\jre\bin\verify.dll
0x000000006a740000 - 0x000000006a769000 	C:\Program Files\Java\jdk1.8.0_45\jre\bin\java.dll
0x000000006a720000 - 0x000000006a736000 	C:\Program Files\Java\jdk1.8.0_45\jre\bin\zip.dll
0x000007fefde30000 - 0x000007fefebb9000 	C:\Windows\system32\SHELL32.dll
0x000007feff1a0000 - 0x000007feff3a3000 	C:\Windows\system32\ole32.dll
0x000007fefd490000 - 0x000007fefd49f000 	C:\Windows\system32\profapi.dll
0x000007feecda0000 - 0x000007feecec5000 	C:\Windows\system32\dbghelp.dll

VM Arguments:
jvm_args: -Djava.awt.headless=true -Xmx1024M -Dfile.encoding=GBK -Duser.country=CN -Duser.language=zh -Duser.variant 
java_command: com.android.dx.command.Main --dex --force-jumbo --num-threads=4 --multi-dex --output E:\Download\Demo\xiaobai\app\build\intermediates\transforms\dex\debug\folders\1000\5\slice_8 E:\Download\Demo\xiaobai\app\build\intermediates\transforms\instantRunSlicer\debug\folders\1\5\slice_8
java_class_path (initial): C:\Users\wangc\AppData\Local\Android\sdk\build-tools\23.0.3\lib\dx.jar
Launcher Type: SUN_STANDARD

Environment Variables:
JAVA_HOME=C:\Program Files\Java\jdk1.8.0_45
CLASSPATH=.;C:\Program Files\Java\jdk1.8.0_45\lib;C:\Program Files\Java\jdk1.8.0_45\lib\tools.jar;D:\H5\apache-ant-1.8.1\apache-ant-1.8.1\lib
PATH=C:\ProgramData\Oracle\Java\javapath;C:\Windows\system32;C:\Windows;C:\Windows\System32\Wbem;C:\Windows\System32\WindowsPowerShell\v1.0\; C:\Program Files\Java\jdk1.8.0_45\bin;C:\Program Files\Java\jdk1.8.0_45\jre\bin;C:\Program Files\TortoiseSVN\bin;D:\adt-bundle-windows-x86_64-20140624\adt-bundle-windows-x86_64-20140624\sdk\sdk\platform-tools;D:\adt-bundle-windows-x86_64-20140624\adt-bundle-windows-x86_64-20140624\sdk\sdk\tools;C:\Program Files\nodejs;C:\ProgramData\chocolatey\bin;C:\Program Files\nodejs\;C:\Program Files\Git\cmd;C:\Users\wangc\AppData\Local\Android\sdk\tools;C:\Users\wangc\AppData\Local\Android\sdk\platform-tools;C:\Users\wangc\AppData\Roaming\npm
USERNAME=wangc
OS=Windows_NT
PROCESSOR_IDENTIFIER=Intel64 Family 6 Model 60 Stepping 3, GenuineIntel



---------------  S Y S T E M  ---------------

OS: Windows 7 , 64 bit Build 7601 (6.1.7601.23392)

CPU:total 4 (4 cores per cpu, 1 threads per core) family 6 model 60 stepping 3, cmov, cx8, fxsr, mmx, sse, sse2, sse3, ssse3, sse4.1, sse4.2, popcnt, avx, avx2, aes, clmul, erms, rtm, lzcnt, tsc, tscinvbit, bmi1, bmi2

Memory: 4k page, physical 8060540k(150544k free), swap 12252988k(5124k free)

vm_info: Java HotSpot(TM) 64-Bit Server VM (25.45-b02) for windows-amd64 JRE (1.8.0_45-b14), built on Apr 10 2015 10:34:15 by "java_re" with MS VC++ 10.0 (VS2010)

time: Wed Jun 08 15:30:47 2016
elapsed time: 0 seconds (0d 0h 0m 0s)

