#
# There is insufficient memory for the Java Runtime Environment to continue.
# Native memory allocation (malloc) failed to allocate 1153360 bytes for Chunk::new
# Possible reasons:
#   The system is out of physical RAM or swap space
#   In 32 bit mode, the process size limit was hit
# Possible solutions:
#   Reduce memory load on the system
#   Increase physical memory or swap space
#   Check if swap backing store is full
#   Use 64 bit Java on a 64 bit OS
#   Decrease Java heap size (-Xmx/-Xms)
#   Decrease number of Java threads
#   Decrease Java thread stack sizes (-Xss)
#   Set larger code cache with -XX:ReservedCodeCacheSize=
# This output file may be truncated or incomplete.
#
#  Out of Memory Error (allocation.cpp:390), pid=25572, tid=25388
#
# JRE version: Java(TM) SE Runtime Environment (8.0_45-b14) (build 1.8.0_45-b14)
# Java VM: Java HotSpot(TM) 64-Bit Server VM (25.45-b02 mixed mode windows-amd64 compressed oops)
# Failed to write core dump. Minidumps are not enabled by default on client versions of Windows
#

---------------  T H R E A D  ---------------

Current thread (0x00000000565db000):  JavaThread "C2 CompilerThread0" daemon [_thread_in_native, id=25388, stack(0x0000000056b40000,0x0000000056c40000)]

Stack: [0x0000000056b40000,0x0000000056c40000]
Native frames: (J=compiled Java code, j=interpreted, Vv=VM code, C=native code)
V  [jvm.dll+0x32b57a]
V  [jvm.dll+0x279873]
V  [jvm.dll+0x27a509]
V  [jvm.dll+0x271825]
V  [jvm.dll+0xcb9e2]
V  [jvm.dll+0xcbeac]
V  [jvm.dll+0x464342]
V  [jvm.dll+0x4db685]
V  [jvm.dll+0x4dc287]
V  [jvm.dll+0x46a551]
V  [jvm.dll+0x46cd52]
V  [jvm.dll+0x4500f2]
V  [jvm.dll+0xa4352]
V  [jvm.dll+0xa4c8f]
V  [jvm.dll+0x241984]
V  [jvm.dll+0x29853a]
C  [msvcr100.dll+0x21d9f]
C  [msvcr100.dll+0x21e3b]
C  [kernel32.dll+0x159bd]
C  [ntdll.dll+0x2a2e1]


Current CompileTask:
C2:   1117 1099   !   4       com.android.dx.cf.code.BytecodeArray::parseInstruction (2764 bytes)


---------------  P R O C E S S  ---------------

Java Threads: ( => current thread )
  0x0000000056958800 JavaThread "pool-2-thread-4" [_thread_in_Java, id=23760, stack(0x0000000057770000,0x0000000057870000)]
  0x0000000056954800 JavaThread "pool-2-thread-3" [_thread_blocked, id=25024, stack(0x00000000575b0000,0x00000000576b0000)]
  0x000000005693f000 JavaThread "pool-2-thread-2" [_thread_in_Java, id=25512, stack(0x0000000057460000,0x0000000057560000)]
  0x000000005693d800 JavaThread "pool-3-thread-1" [_thread_blocked, id=25488, stack(0x0000000057260000,0x0000000057360000)]
  0x000000005693d000 JavaThread "pool-2-thread-1" [_thread_in_vm, id=22744, stack(0x00000000570d0000,0x00000000571d0000)]
  0x00000000565f1800 JavaThread "Service Thread" daemon [_thread_blocked, id=24648, stack(0x0000000056190000,0x0000000056290000)]
  0x00000000565e5000 JavaThread "C1 CompilerThread2" daemon [_thread_blocked, id=24688, stack(0x0000000056e80000,0x0000000056f80000)]
  0x00000000565e4000 JavaThread "C2 CompilerThread1" daemon [_thread_blocked, id=25248, stack(0x0000000056d10000,0x0000000056e10000)]
=>0x00000000565db000 JavaThread "C2 CompilerThread0" daemon [_thread_in_native, id=25388, stack(0x0000000056b40000,0x0000000056c40000)]
  0x00000000565d9800 JavaThread "Attach Listener" daemon [_thread_blocked, id=23608, stack(0x00000000563a0000,0x00000000564a0000)]
  0x00000000565d8800 JavaThread "Signal Dispatcher" daemon [_thread_blocked, id=25412, stack(0x00000000569d0000,0x0000000056ad0000)]
  0x0000000054fd7000 JavaThread "Finalizer" daemon [_thread_blocked, id=24684, stack(0x00000000564d0000,0x00000000565d0000)]
  0x0000000054fd0000 JavaThread "Reference Handler" daemon [_thread_blocked, id=23780, stack(0x0000000056290000,0x0000000056390000)]
  0x0000000001bee000 JavaThread "main" [_thread_in_Java, id=25016, stack(0x0000000002790000,0x0000000002890000)]

Other Threads:
  0x0000000054fca800 VMThread [stack: 0x0000000056030000,0x0000000056130000] [id=24044]
  0x00000000565f7800 WatcherThread [stack: 0x0000000056f90000,0x0000000057090000] [id=25244]

VM state:not at safepoint (normal execution)

VM Mutex/Monitor currently owned by a thread: None

Heap:
 PSYoungGen      total 36864K, used 26722K [0x00000000eab00000, 0x00000000ed400000, 0x0000000100000000)
  eden space 31744K, 84% used [0x00000000eab00000,0x00000000ec518800,0x00000000eca00000)
  from space 5120K, 0% used [0x00000000ecf00000,0x00000000ecf00000,0x00000000ed400000)
  to   space 5120K, 0% used [0x00000000eca00000,0x00000000eca00000,0x00000000ecf00000)
 ParOldGen       total 84992K, used 0K [0x00000000c0000000, 0x00000000c5300000, 0x00000000eab00000)
  object space 84992K, 0% used [0x00000000c0000000,0x00000000c0000000,0x00000000c5300000)
 Metaspace       used 5882K, capacity 6832K, committed 7040K, reserved 1056768K
  class space    used 590K, capacity 616K, committed 640K, reserved 1048576K

Card table byte_map: [0x0000000011c50000,0x0000000011e60000] byte_map_base: 0x0000000011650000

Marking Bits: (ParMarkBitMap*) 0x0000000060404040
 Begin Bits: [0x0000000012440000, 0x0000000013440000)
 End Bits:   [0x0000000013440000, 0x0000000014440000)

Polling page: 0x0000000000340000

CodeCache: size=245760Kb used=4487Kb max_used=4487Kb free=241272Kb
 bounds [0x0000000002890000, 0x0000000002d00000, 0x0000000011890000]
 total_blobs=1406 nmethods=1133 adapters=184
 compilation: disabled (not enough contiguous free space left)

Compilation events (10 events):
Event: 1.083 Thread 0x00000000565e5000 nmethod 1124 0x0000000002ce9190 code [0x0000000002ce9420, 0x0000000002cea568]
Event: 1.083 Thread 0x00000000565e5000 1125       3       java.util.TreeMap::<init> (20 bytes)
Event: 1.083 Thread 0x00000000565e5000 nmethod 1125 0x0000000002ce1410 code [0x0000000002ce1580, 0x0000000002ce17b0]
Event: 1.084 Thread 0x00000000565e4000 nmethod 1127 0x0000000002ce0dd0 code [0x0000000002ce0f20, 0x0000000002ce10d8]
Event: 1.084 Thread 0x00000000565e4000 1123       4       java.util.ArrayList::<init> (67 bytes)
Event: 1.086 Thread 0x00000000565e4000 nmethod 1123 0x0000000002ce0810 code [0x0000000002ce0960, 0x0000000002ce0bf8]
Event: 1.086 Thread 0x00000000565e4000 1121       4       java.util.ArrayList::grow (45 bytes)
Event: 1.087 Thread 0x00000000565e4000 nmethod 1121 0x0000000002cec210 code [0x0000000002cec360, 0x0000000002cec598]
Event: 1.088 Thread 0x00000000565e5000 1129       3       com.android.dx.ssa.back.InterferenceGraph::<init> (42 bytes)
Event: 1.089 Thread 0x00000000565e5000 nmethod 1129 0x0000000002ceaed0 code [0x0000000002ceb0e0, 0x0000000002cebb88]

GC Heap History (0 events):
No events

Deoptimization events (5 events):
Event: 0.763 Thread 0x000000005693d000 Uncommon trap: reason=unstable_if action=reinterpret pc=0x0000000002a9c4f4 method=java.util.HashMap.getNode(ILjava/lang/Object;)Ljava/util/HashMap$Node; @ 62
Event: 0.885 Thread 0x0000000001bee000 Uncommon trap: reason=bimorphic action=maybe_recompile pc=0x0000000002abac8c method=java.util.HashMap.getNode(ILjava/lang/Object;)Ljava/util/HashMap$Node; @ 126
Event: 0.903 Thread 0x0000000056954800 Uncommon trap: reason=null_check action=make_not_entrant pc=0x0000000002b89218 method=com.android.dx.ssa.SsaRenamer.getLocalForNewReg(I)Lcom/android/dx/rop/code/LocalItem; @ 19
Event: 0.912 Thread 0x0000000056954800 Uncommon trap: reason=null_check action=make_not_entrant pc=0x0000000002b9e9c4 method=com.android.dx.ssa.SsaRenamer.getLocalForNewReg(I)Lcom/android/dx/rop/code/LocalItem; @ 19
Event: 0.979 Thread 0x0000000056954800 Uncommon trap: reason=unstable_if action=reinterpret pc=0x0000000002c134a4 method=com.android.dx.ssa.SsaRenamer$BlockRenamer.addMapping(ILcom/android/dx/rop/code/RegisterSpec;)V @ 120

Internal exceptions (4 events):
Event: 0.177 Thread 0x0000000001bee000 Exception <a 'java/lang/NoSuchMethodError': Method sun.misc.Unsafe.defineClass(Ljava/lang/String;[BII)Ljava/lang/Class; name or signature does not match> (0x00000000eab12f08) thrown at [C:\re\workspace\8-2-build-windows-amd64-cygwin\jdk8u45\3457\hotspot\srë!#PŸÆ?
Event: 0.177 Thread 0x0000000001bee000 Exception <a 'java/lang/NoSuchMethodError': Method sun.misc.Unsafe.prefetchRead(Ljava/lang/Object;J)V name or signature does not match> (0x00000000eab13198) thrown at [C:\re\workspace\8-2-build-windows-amd64-cygwin\jdk8u45\3457\hotspot\src\share\vm\prims\jsžý0Gâì?
Event: 0.903 Thread 0x0000000056954800 Implicit null exception at 0x0000000002b86fc0 to 0x0000000002b891cd
Event: 0.912 Thread 0x0000000056954800 Implicit null exception at 0x0000000002b9bf7a to 0x0000000002b9e99d

Events (10 events):
Event: 0.912 Thread 0x0000000056954800 Uncommon trap: trap_request=0xfffffff4 fr.pc=0x0000000002b9e9c4
Event: 0.912 Thread 0x0000000056954800 DEOPT PACKING pc=0x0000000002b9e9c4 sp=0x00000000576ae7d0
Event: 0.912 Thread 0x0000000056954800 DEOPT UNPACKING pc=0x00000000028d582a sp=0x00000000576ae698 mode 2
Event: 0.978 loading class com/android/dx/cf/attrib/AttDeprecated
Event: 0.978 loading class com/android/dx/cf/attrib/AttDeprecated done
Event: 0.979 Thread 0x0000000056954800 Uncommon trap: trap_request=0xffffff65 fr.pc=0x0000000002c134a4
Event: 0.979 Thread 0x0000000056954800 DEOPT PACKING pc=0x0000000002c134a4 sp=0x00000000576ae7f0
Event: 0.979 Thread 0x0000000056954800 DEOPT UNPACKING pc=0x00000000028d582a sp=0x00000000576ae780 mode 2
Event: 1.012 Executing VM operation: ForceSafepoint
Event: 1.072 Executing VM operation: ForceSafepoint done


Dynamic libraries:
0x000000013f8c0000 - 0x000000013f8f7000 	C:\Program Files\Java\jdk1.8.0_45\bin\java.exe
0x0000000077770000 - 0x000000007791a000 	C:\Windows\SYSTEM32\ntdll.dll
0x0000000077650000 - 0x000000007776f000 	C:\Windows\system32\kernel32.dll
0x000007fefd930000 - 0x000007fefd99a000 	C:\Windows\system32\KERNELBASE.dll
0x000007fefe760000 - 0x000007fefe83b000 	C:\Windows\system32\ADVAPI32.dll
0x000007fefde20000 - 0x000007fefdebf000 	C:\Windows\system32\msvcrt.dll
0x000007feff930000 - 0x000007feff94f000 	C:\Windows\SYSTEM32\sechost.dll
0x000007feff800000 - 0x000007feff92d000 	C:\Windows\system32\RPCRT4.dll
0x0000000077550000 - 0x000000007764a000 	C:\Windows\system32\USER32.dll
0x000007fefe130000 - 0x000007fefe197000 	C:\Windows\system32\GDI32.dll
0x000007fefdec0000 - 0x000007fefdece000 	C:\Windows\system32\LPK.dll
0x000007fefe630000 - 0x000007fefe6fa000 	C:\Windows\system32\USP10.dll
0x000007fefc140000 - 0x000007fefc334000 	C:\Windows\WinSxS\amd64_microsoft.windows.common-controls_6595b64144ccf1df_6.0.7601.18837_none_fa3b1e3d17594757\COMCTL32.dll
0x000007fefe940000 - 0x000007fefe9b1000 	C:\Windows\system32\SHLWAPI.dll
0x000007fefda80000 - 0x000007fefdaae000 	C:\Windows\system32\IMM32.DLL
0x000007fefdab0000 - 0x000007fefdbb9000 	C:\Windows\system32\MSCTF.dll
0x0000000065240000 - 0x0000000065312000 	C:\Program Files\Java\jdk1.8.0_45\jre\bin\msvcr100.dll
0x000000005fc00000 - 0x0000000060483000 	C:\Program Files\Java\jdk1.8.0_45\jre\bin\server\jvm.dll
0x000007fefa4a0000 - 0x000007fefa4a9000 	C:\Windows\system32\WSOCK32.dll
0x000007fefe060000 - 0x000007fefe0ad000 	C:\Windows\system32\WS2_32.dll
0x000007fefea60000 - 0x000007fefea68000 	C:\Windows\system32\NSI.dll
0x000007fefb6a0000 - 0x000007fefb6db000 	C:\Windows\system32\WINMM.dll
0x000007fefc7d0000 - 0x000007fefc7dc000 	C:\Windows\system32\VERSION.dll
0x0000000077930000 - 0x0000000077937000 	C:\Windows\system32\PSAPI.DLL
0x0000000068e10000 - 0x0000000068e1f000 	C:\Program Files\Java\jdk1.8.0_45\jre\bin\verify.dll
0x0000000068b00000 - 0x0000000068b29000 	C:\Program Files\Java\jdk1.8.0_45\jre\bin\java.dll
0x0000000068900000 - 0x0000000068916000 	C:\Program Files\Java\jdk1.8.0_45\jre\bin\zip.dll
0x000007fefea70000 - 0x000007feff7f9000 	C:\Windows\system32\SHELL32.dll
0x000007fefe1a0000 - 0x000007fefe3a3000 	C:\Windows\system32\ole32.dll
0x000007fefd670000 - 0x000007fefd67f000 	C:\Windows\system32\profapi.dll
0x000007feecf80000 - 0x000007feed0a5000 	C:\Windows\system32\dbghelp.dll

VM Arguments:
jvm_args: -Djava.awt.headless=true -Xmx1024M -Dfile.encoding=GBK -Duser.country=CN -Duser.language=zh -Duser.variant 
java_command: com.android.dx.command.Main --dex --force-jumbo --num-threads=4 --multi-dex --output E:\Download\Demo\xiaobai\app\build\intermediates\transforms\dex\debug\folders\1000\10\okhttp-2.5.0_88bf88334a1d51071feecbf166705ed4ca35b8bb C:\Users\wangc\.gradle\caches\modules-2\files-2.1\com.squareup.okhttp\okhttp\2.5.0\4de2b4ed3445c37ec1720a7d214712e845a24636\okhttp-2.5.0.jar
java_class_path (initial): C:\Users\wangc\AppData\Local\Android\sdk\build-tools\23.0.3\lib\dx.jar
Launcher Type: SUN_STANDARD

Environment Variables:
JAVA_HOME=C:\Program Files\Java\jdk1.8.0_45
CLASSPATH=.;C:\Program Files\Java\jdk1.8.0_45\lib;C:\Program Files\Java\jdk1.8.0_45\lib\tools.jar;D:\H5\apache-ant-1.8.1\apache-ant-1.8.1\lib
PATH=C:\ProgramData\Oracle\Java\javapath;C:\Windows\system32;C:\Windows;C:\Windows\System32\Wbem;C:\Windows\System32\WindowsPowerShell\v1.0\; C:\Program Files\Java\jdk1.8.0_45\bin;C:\Program Files\Java\jdk1.8.0_45\jre\bin;C:\Program Files\TortoiseSVN\bin;D:\adt-bundle-windows-x86_64-20140624\adt-bundle-windows-x86_64-20140624\sdk\sdk\platform-tools;D:\adt-bundle-windows-x86_64-20140624\adt-bundle-windows-x86_64-20140624\sdk\sdk\tools;C:\Program Files\nodejs;C:\ProgramData\chocolatey\bin;C:\Program Files\nodejs\;C:\Program Files\Git\cmd;C:\Users\wangc\AppData\Local\Android\sdk\tools;C:\Users\wangc\AppData\Local\Android\sdk\platform-tools;C:\Users\wangc\AppData\Roaming\npm
USERNAME=wangc
OS=Windows_NT
PROCESSOR_IDENTIFIER=Intel64 Family 6 Model 60 Stepping 3, GenuineIntel



---------------  S Y S T E M  ---------------

OS: Windows 7 , 64 bit Build 7601 (6.1.7601.23392)

CPU:total 4 (4 cores per cpu, 1 threads per core) family 6 model 60 stepping 3, cmov, cx8, fxsr, mmx, sse, sse2, sse3, ssse3, sse4.1, sse4.2, popcnt, avx, avx2, aes, clmul, erms, rtm, lzcnt, tsc, tscinvbit, bmi1, bmi2

Memory: 4k page, physical 8060540k(4708k free), swap 12252988k(5056k free)

vm_info: Java HotSpot(TM) 64-Bit Server VM (25.45-b02) for windows-amd64 JRE (1.8.0_45-b14), built on Apr 10 2015 10:34:15 by "java_re" with MS VC++ 10.0 (VS2010)

time: Mon Jun 13 15:25:31 2016
elapsed time: 1 seconds (0d 0h 0m 1s)

