#
# There is insufficient memory for the Java Runtime Environment to continue.
# Native memory allocation (malloc) failed to allocate 1395216 bytes for Chunk::new
# Possible reasons:
#   The system is out of physical RAM or swap space
#   In 32 bit mode, the process size limit was hit
# Possible solutions:
#   Reduce memory load on the system
#   Increase physical memory or swap space
#   Check if swap backing store is full
#   Use 64 bit Java on a 64 bit OS
#   Decrease Java heap size (-Xmx/-Xms)
#   Decrease number of Java threads
#   Decrease Java thread stack sizes (-Xss)
#   Set larger code cache with -XX:ReservedCodeCacheSize=
# This output file may be truncated or incomplete.
#
#  Out of Memory Error (allocation.cpp:390), pid=23700, tid=25188
#
# JRE version: Java(TM) SE Runtime Environment (8.0_45-b14) (build 1.8.0_45-b14)
# Java VM: Java HotSpot(TM) 64-Bit Server VM (25.45-b02 mixed mode windows-amd64 compressed oops)
# Failed to write core dump. Minidumps are not enabled by default on client versions of Windows
#

---------------  T H R E A D  ---------------

Current thread (0x000000005654a800):  JavaThread "C2 CompilerThread0" daemon [_thread_in_native, id=25188, stack(0x0000000056e40000,0x0000000056f40000)]

Stack: [0x0000000056e40000,0x0000000056f40000]
Native frames: (J=compiled Java code, j=interpreted, Vv=VM code, C=native code)
V  [jvm.dll+0x32b57a]


Current CompileTask:
C2:   4412 1912   !   4       com.android.dx.cf.code.BytecodeArray::parseInstruction (2764 bytes)


---------------  P R O C E S S  ---------------

Java Threads: ( => current thread )
  0x0000000056735800 JavaThread "pool-2-thread-4" [_thread_blocked, id=24180, stack(0x0000000057650000,0x0000000057750000)]
  0x0000000056807000 JavaThread "pool-2-thread-3" [_thread_blocked, id=24088, stack(0x0000000057060000,0x0000000057160000)]
  0x000000005673b000 JavaThread "pool-2-thread-2" [_thread_blocked, id=24076, stack(0x0000000057520000,0x0000000057620000)]
  0x000000005671f000 JavaThread "pool-3-thread-1" [_thread_blocked, id=21092, stack(0x0000000056090000,0x0000000056190000)]
  0x0000000056700000 JavaThread "pool-2-thread-1" [_thread_blocked, id=24960, stack(0x00000000573a0000,0x00000000574a0000)]
  0x00000000565c3000 JavaThread "Service Thread" daemon [_thread_blocked, id=25172, stack(0x00000000571c0000,0x00000000572c0000)]
  0x00000000565a7000 JavaThread "C1 CompilerThread2" daemon [_thread_blocked, id=21812, stack(0x0000000056990000,0x0000000056a90000)]
  0x0000000056557000 JavaThread "C2 CompilerThread1" daemon [_thread_in_native, id=24956, stack(0x0000000056f50000,0x0000000057050000)]
=>0x000000005654a800 JavaThread "C2 CompilerThread0" daemon [_thread_in_native, id=25188, stack(0x0000000056e40000,0x0000000056f40000)]
  0x0000000055081000 JavaThread "Attach Listener" daemon [_thread_blocked, id=25304, stack(0x0000000056c20000,0x0000000056d20000)]
  0x0000000055080000 JavaThread "Signal Dispatcher" daemon [_thread_blocked, id=23692, stack(0x0000000056aa0000,0x0000000056ba0000)]
  0x0000000055024800 JavaThread "Finalizer" daemon [_thread_blocked, id=22672, stack(0x0000000056300000,0x0000000056400000)]
  0x0000000055023800 JavaThread "Reference Handler" daemon [_thread_blocked, id=23912, stack(0x0000000056440000,0x0000000056540000)]
  0x000000000008e000 JavaThread "main" [_thread_blocked, id=22268, stack(0x0000000002880000,0x0000000002980000)]

Other Threads:
  0x000000005501e000 VMThread [stack: 0x00000000561b0000,0x00000000562b0000] [id=24548]
  0x00000000565c6800 WatcherThread [stack: 0x0000000056d20000,0x0000000056e20000] [id=22248]

VM state:not at safepoint (normal execution)

VM Mutex/Monitor currently owned by a thread: None

Heap:
 PSYoungGen      total 254464K, used 64049K [0x00000000eab00000, 0x00000000fea00000, 0x0000000100000000)
  eden space 212480K, 10% used [0x00000000eab00000,0x00000000ec18d668,0x00000000f7a80000)
  from space 41984K, 97% used [0x00000000faa80000,0x00000000fd27ef80,0x00000000fd380000)
  to   space 49152K, 0% used [0x00000000f7a80000,0x00000000f7a80000,0x00000000faa80000)
 ParOldGen       total 105472K, used 66651K [0x00000000c0000000, 0x00000000c6700000, 0x00000000eab00000)
  object space 105472K, 63% used [0x00000000c0000000,0x00000000c4116e18,0x00000000c6700000)
 Metaspace       used 6061K, capacity 7024K, committed 7296K, reserved 1056768K
  class space    used 597K, capacity 616K, committed 640K, reserved 1048576K

Card table byte_map: [0x0000000011d40000,0x0000000011f50000] byte_map_base: 0x0000000011740000

Marking Bits: (ParMarkBitMap*) 0x0000000060404040
 Begin Bits: [0x0000000012490000, 0x0000000013490000)
 End Bits:   [0x0000000013490000, 0x0000000014490000)

Polling page: 0x0000000000240000

CodeCache: size=245760Kb used=8208Kb max_used=8227Kb free=237551Kb
 bounds [0x0000000002980000, 0x00000000031a0000, 0x0000000011980000]
 total_blobs=2104 nmethods=1832 adapters=184
 compilation: enabled

Compilation events (10 events):
Event: 4.374 Thread 0x00000000565a7000 1909       3       com.android.dx.cf.code.BasicBlocker::visitNoArgs (298 bytes)
Event: 4.375 Thread 0x00000000565a7000 nmethod 1909 0x0000000003164a10 code [0x0000000003164c80, 0x0000000003165a38]
Event: 4.376 Thread 0x00000000565a7000 1910       3       com.android.dx.util.LabeledList::getMaxLabel (47 bytes)
Event: 4.376 Thread 0x00000000565a7000 nmethod 1910 0x0000000003164290 code [0x0000000003164420, 0x0000000003164898]
Event: 4.377 Thread 0x00000000565a7000 1911       3       com.android.dx.cf.code.Simulator$SimVisitor::visitNoArgs (2108 bytes)
Event: 4.381 Thread 0x000000005654a800 nmethod 1894 0x0000000003175750 code [0x0000000003175940, 0x0000000003176c18]
Event: 4.381 Thread 0x000000005654a800 1912   !   4       com.android.dx.cf.code.BytecodeArray::parseInstruction (2764 bytes)
Event: 4.381 Thread 0x00000000565a7000 nmethod 1911 0x0000000003178c50 code [0x0000000003179b20, 0x0000000003185368]
Event: 4.403 Thread 0x0000000056557000 nmethod 1891 0x000000000318ee90 code [0x000000000318f100, 0x0000000003191080]
Event: 4.403 Thread 0x0000000056557000 1913       4       com.android.dx.ssa.SsaMethod::forEachBlockDepthFirstDom (128 bytes)

GC Heap History (10 events):
Event: 2.144 GC heap before
{Heap before GC invocations=3 (full 0):
 PSYoungGen      total 68608K, used 68598K [0x00000000eab00000, 0x00000000ef300000, 0x0000000100000000)
  eden space 63488K, 100% used [0x00000000eab00000,0x00000000ee900000,0x00000000ee900000)
  from space 5120K, 99% used [0x00000000eee00000,0x00000000ef2fd900,0x00000000ef300000)
  to   space 5120K, 0% used [0x00000000ee900000,0x00000000ee900000,0x00000000eee00000)
 ParOldGen       total 84992K, used 16802K [0x00000000c0000000, 0x00000000c5300000, 0x00000000eab00000)
  object space 84992K, 19% used [0x00000000c0000000,0x00000000c10688f8,0x00000000c5300000)
 Metaspace       used 5853K, capacity 6896K, committed 7040K, reserved 1056768K
  class space    used 592K, capacity 616K, committed 640K, reserved 1048576K
Event: 2.250 GC heap after
Heap after GC invocations=3 (full 0):
 PSYoungGen      total 68608K, used 5103K [0x00000000eab00000, 0x00000000f3100000, 0x0000000100000000)
  eden space 63488K, 0% used [0x00000000eab00000,0x00000000eab00000,0x00000000ee900000)
  from space 5120K, 99% used [0x00000000ee900000,0x00000000eedfbcc8,0x00000000eee00000)
  to   space 5120K, 0% used [0x00000000f2c00000,0x00000000f2c00000,0x00000000f3100000)
 ParOldGen       total 84992K, used 33679K [0x00000000c0000000, 0x00000000c5300000, 0x00000000eab00000)
  object space 84992K, 39% used [0x00000000c0000000,0x00000000c20e3d60,0x00000000c5300000)
 Metaspace       used 5853K, capacity 6896K, committed 7040K, reserved 1056768K
  class space    used 592K, capacity 616K, committed 640K, reserved 1048576K
}
Event: 2.686 GC heap before
{Heap before GC invocations=4 (full 0):
 PSYoungGen      total 68608K, used 68591K [0x00000000eab00000, 0x00000000f3100000, 0x0000000100000000)
  eden space 63488K, 100% used [0x00000000eab00000,0x00000000ee900000,0x00000000ee900000)
  from space 5120K, 99% used [0x00000000ee900000,0x00000000eedfbcc8,0x00000000eee00000)
  to   space 5120K, 0% used [0x00000000f2c00000,0x00000000f2c00000,0x00000000f3100000)
 ParOldGen       total 84992K, used 33679K [0x00000000c0000000, 0x00000000c5300000, 0x00000000eab00000)
  object space 84992K, 39% used [0x00000000c0000000,0x00000000c20e3d60,0x00000000c5300000)
 Metaspace       used 5944K, capacity 6960K, committed 7040K, reserved 1056768K
  class space    used 592K, capacity 616K, committed 640K, reserved 1048576K
Event: 2.772 GC heap after
Heap after GC invocations=4 (full 0):
 PSYoungGen      total 132096K, used 5108K [0x00000000eab00000, 0x00000000f3100000, 0x0000000100000000)
  eden space 126976K, 0% used [0x00000000eab00000,0x00000000eab00000,0x00000000f2700000)
  from space 5120K, 99% used [0x00000000f2c00000,0x00000000f30fd278,0x00000000f3100000)
  to   space 5120K, 0% used [0x00000000f2700000,0x00000000f2700000,0x00000000f2c00000)
 ParOldGen       total 84992K, used 58084K [0x00000000c0000000, 0x00000000c5300000, 0x00000000eab00000)
  object space 84992K, 68% used [0x00000000c0000000,0x00000000c38b9188,0x00000000c5300000)
 Metaspace       used 5944K, capacity 6960K, committed 7040K, reserved 1056768K
  class space    used 592K, capacity 616K, committed 640K, reserved 1048576K
}
Event: 2.772 GC heap before
{Heap before GC invocations=5 (full 1):
 PSYoungGen      total 132096K, used 5108K [0x00000000eab00000, 0x00000000f3100000, 0x0000000100000000)
  eden space 126976K, 0% used [0x00000000eab00000,0x00000000eab00000,0x00000000f2700000)
  from space 5120K, 99% used [0x00000000f2c00000,0x00000000f30fd278,0x00000000f3100000)
  to   space 5120K, 0% used [0x00000000f2700000,0x00000000f2700000,0x00000000f2c00000)
 ParOldGen       total 84992K, used 58084K [0x00000000c0000000, 0x00000000c5300000, 0x00000000eab00000)
  object space 84992K, 68% used [0x00000000c0000000,0x00000000c38b9188,0x00000000c5300000)
 Metaspace       used 5944K, capacity 6960K, committed 7040K, reserved 1056768K
  class space    used 592K, capacity 616K, committed 640K, reserved 1048576K
Event: 2.947 GC heap after
Heap after GC invocations=5 (full 1):
 PSYoungGen      total 132096K, used 0K [0x00000000eab00000, 0x00000000f3100000, 0x0000000100000000)
  eden space 126976K, 0% used [0x00000000eab00000,0x00000000eab00000,0x00000000f2700000)
  from space 5120K, 0% used [0x00000000f2c00000,0x00000000f2c00000,0x00000000f3100000)
  to   space 5120K, 0% used [0x00000000f2700000,0x00000000f2700000,0x00000000f2c00000)
 ParOldGen       total 105472K, used 36725K [0x00000000c0000000, 0x00000000c6700000, 0x00000000eab00000)
  object space 105472K, 34% used [0x00000000c0000000,0x00000000c23dd6e0,0x00000000c6700000)
 Metaspace       used 5944K, capacity 6960K, committed 7040K, reserved 1056768K
  class space    used 592K, capacity 616K, committed 640K, reserved 1048576K
}
Event: 3.433 GC heap before
{Heap before GC invocations=6 (full 1):
 PSYoungGen      total 132096K, used 126976K [0x00000000eab00000, 0x00000000f3100000, 0x0000000100000000)
  eden space 126976K, 100% used [0x00000000eab00000,0x00000000f2700000,0x00000000f2700000)
  from space 5120K, 0% used [0x00000000f2c00000,0x00000000f2c00000,0x00000000f3100000)
  to   space 5120K, 0% used [0x00000000f2700000,0x00000000f2700000,0x00000000f2c00000)
 ParOldGen       total 105472K, used 36725K [0x00000000c0000000, 0x00000000c6700000, 0x00000000eab00000)
  object space 105472K, 34% used [0x00000000c0000000,0x00000000c23dd6e0,0x00000000c6700000)
 Metaspace       used 5956K, capacity 6960K, committed 7040K, reserved 1056768K
  class space    used 592K, capacity 616K, committed 640K, reserved 1048576K
Event: 3.473 GC heap after
Heap after GC invocations=6 (full 1):
 PSYoungGen      total 132096K, used 5119K [0x00000000eab00000, 0x00000000fd380000, 0x0000000100000000)
  eden space 126976K, 0% used [0x00000000eab00000,0x00000000eab00000,0x00000000f2700000)
  from space 5120K, 99% used [0x00000000f2700000,0x00000000f2bffd88,0x00000000f2c00000)
  to   space 41984K, 0% used [0x00000000faa80000,0x00000000faa80000,0x00000000fd380000)
 ParOldGen       total 105472K, used 66651K [0x00000000c0000000, 0x00000000c6700000, 0x00000000eab00000)
  object space 105472K, 63% used [0x00000000c0000000,0x00000000c4116e18,0x00000000c6700000)
 Metaspace       used 5956K, capacity 6960K, committed 7040K, reserved 1056768K
  class space    used 592K, capacity 616K, committed 640K, reserved 1048576K
}
Event: 3.927 GC heap before
{Heap before GC invocations=7 (full 1):
 PSYoungGen      total 132096K, used 132095K [0x00000000eab00000, 0x00000000fd380000, 0x0000000100000000)
  eden space 126976K, 100% used [0x00000000eab00000,0x00000000f2700000,0x00000000f2700000)
  from space 5120K, 99% used [0x00000000f2700000,0x00000000f2bffd88,0x00000000f2c00000)
  to   space 41984K, 0% used [0x00000000faa80000,0x00000000faa80000,0x00000000fd380000)
 ParOldGen       total 105472K, used 66651K [0x00000000c0000000, 0x00000000c6700000, 0x00000000eab00000)
  object space 105472K, 63% used [0x00000000c0000000,0x00000000c4116e18,0x00000000c6700000)
 Metaspace       used 6051K, capacity 7024K, committed 7296K, reserved 1056768K
  class space    used 597K, capacity 616K, committed 640K, reserved 1048576K
Event: 4.319 GC heap after
Heap after GC invocations=7 (full 1):
 PSYoungGen      total 254464K, used 40955K [0x00000000eab00000, 0x00000000fea00000, 0x0000000100000000)
  eden space 212480K, 0% used [0x00000000eab00000,0x00000000eab00000,0x00000000f7a80000)
  from space 41984K, 97% used [0x00000000faa80000,0x00000000fd27ef80,0x00000000fd380000)
  to   space 49152K, 0% used [0x00000000f7a80000,0x00000000f7a80000,0x00000000faa80000)
 ParOldGen       total 105472K, used 66651K [0x00000000c0000000, 0x00000000c6700000, 0x00000000eab00000)
  object space 105472K, 63% used [0x00000000c0000000,0x00000000c4116e18,0x00000000c6700000)
 Metaspace       used 6051K, capacity 7024K, committed 7296K, reserved 1056768K
  class space    used 597K, capacity 616K, committed 640K, reserved 1048576K
}

Deoptimization events (10 events):
Event: 3.537 Thread 0x000000005673b000 Uncommon trap: reason=class_check action=maybe_recompile pc=0x0000000002f6b430 method=com.android.dx.cf.code.RopperMachine.run(Lcom/android/dx/cf/code/Frame;II)V @ 310
Event: 3.553 Thread 0x000000005673b000 Uncommon trap: reason=unstable_if action=reinterpret pc=0x0000000002d745a4 method=com.android.dx.ssa.SsaRenamer$BlockRenamer.visitMoveInsn(Lcom/android/dx/ssa/NormalSsaInsn;)V @ 104
Event: 3.553 Thread 0x000000005673b000 Uncommon trap: reason=unstable_if action=reinterpret pc=0x0000000002e7eb6c method=com.android.dx.ssa.SsaRenamer$BlockRenamer.process()V @ 90
Event: 3.553 Thread 0x000000005673b000 Uncommon trap: reason=unstable_if action=reinterpret pc=0x0000000002f24ec4 method=com.android.dx.ssa.LiteralOpUpgrader$1.visitNonMoveInsn(Lcom/android/dx/ssa/NormalSsaInsn;)V @ 151
Event: 3.571 Thread 0x000000005673b000 Uncommon trap: reason=bimorphic action=maybe_recompile pc=0x0000000002f6bf18 method=com.android.dx.cf.code.RopperMachine.run(Lcom/android/dx/cf/code/Frame;II)V @ 978
Event: 3.571 Thread 0x000000005673b000 Uncommon trap: reason=bimorphic action=maybe_recompile pc=0x0000000002f6bf18 method=com.android.dx.cf.code.RopperMachine.run(Lcom/android/dx/cf/code/Frame;II)V @ 978
Event: 3.571 Thread 0x000000005673b000 Uncommon trap: reason=class_check action=maybe_recompile pc=0x0000000002f6bf58 method=com.android.dx.cf.code.RopperMachine.run(Lcom/android/dx/cf/code/Frame;II)V @ 988
Event: 3.572 Thread 0x000000005673b000 Uncommon trap: reason=unstable_if action=reinterpret pc=0x0000000002f827a8 method=com.android.dx.util.MutabilityControl.isImmutable()Z @ 4
Event: 3.595 Thread 0x000000005673b000 Uncommon trap: reason=unstable_if action=reinterpret pc=0x0000000002d10bd4 method=com.android.dx.ssa.SCCP.simulateBranch(Lcom/android/dx/ssa/SsaInsn;)V @ 64
Event: 3.704 Thread 0x000000005673b000 Uncommon trap: reason=unstable_if action=reinterpret pc=0x0000000002f988e0 method=com.android.dx.util.BitIntSet.has(I)Z @ 8

Internal exceptions (2 events):
Event: 0.031 Thread 0x000000000008e000 Exception <a 'java/lang/NoSuchMethodError': Method sun.misc.Unsafe.defineClass(Ljava/lang/String;[BII)Ljava/lang/Class; name or signature does not match> (0x00000000eab12f08) thrown at [C:\re\workspace\8-2-build-windows-amd64-cygwin\jdk8u45\3457\hotspot\srt_Ì“¯ ?
Event: 0.031 Thread 0x000000000008e000 Exception <a 'java/lang/NoSuchMethodError': Method sun.misc.Unsafe.prefetchRead(Ljava/lang/Object;J)V name or signature does not match> (0x00000000eab13198) thrown at [C:\re\workspace\8-2-build-windows-amd64-cygwin\jdk8u45\3457\hotspot\src\share\vm\prims\j

Events (10 events):
Event: 3.919 Thread 0x000000005673b000 DEOPT PACKING pc=0x0000000002f3cbc5 sp=0x000000005761e840
Event: 3.919 Thread 0x000000005673b000 DEOPT UNPACKING pc=0x00000000029c787f sp=0x000000005761e5a8 mode 0
Event: 3.924 Executing VM operation: ParallelGCFailedAllocation
Event: 4.319 Executing VM operation: ParallelGCFailedAllocation done
Event: 4.350 Thread 0x000000005673b000 DEOPT PACKING pc=0x0000000002fd22e4 sp=0x000000005761e800
Event: 4.350 Thread 0x000000005673b000 DEOPT UNPACKING pc=0x00000000029c787f sp=0x000000005761e5c8 mode 0
Event: 4.364 Thread 0x0000000056700000 DEOPT PACKING pc=0x0000000002eff4bc sp=0x000000005749ec70
Event: 4.364 Thread 0x0000000056700000 DEOPT UNPACKING pc=0x00000000029c787f sp=0x000000005749e990 mode 0
Event: 4.380 Thread 0x000000005673b000 DEOPT PACKING pc=0x0000000002e481d9 sp=0x000000005761e7c0
Event: 4.380 Thread 0x000000005673b000 DEOPT UNPACKING pc=0x00000000029c787f sp=0x000000005761e5a0 mode 0


Dynamic libraries:
0x000000013f8c0000 - 0x000000013f8f7000 	C:\Program Files\Java\jdk1.8.0_45\bin\java.exe
0x0000000077770000 - 0x000000007791a000 	C:\Windows\SYSTEM32\ntdll.dll
0x0000000077650000 - 0x000000007776f000 	C:\Windows\system32\kernel32.dll
0x000007fefd930000 - 0x000007fefd99a000 	C:\Windows\system32\KERNELBASE.dll
0x000007fefe760000 - 0x000007fefe83b000 	C:\Windows\system32\ADVAPI32.dll
0x000007fefde20000 - 0x000007fefdebf000 	C:\Windows\system32\msvcrt.dll
0x000007feff930000 - 0x000007feff94f000 	C:\Windows\SYSTEM32\sechost.dll
0x000007feff800000 - 0x000007feff92d000 	C:\Windows\system32\RPCRT4.dll
0x0000000077550000 - 0x000000007764a000 	C:\Windows\system32\USER32.dll
0x000007fefe130000 - 0x000007fefe197000 	C:\Windows\system32\GDI32.dll
0x000007fefdec0000 - 0x000007fefdece000 	C:\Windows\system32\LPK.dll
0x000007fefe630000 - 0x000007fefe6fa000 	C:\Windows\system32\USP10.dll
0x000007fefc140000 - 0x000007fefc334000 	C:\Windows\WinSxS\amd64_microsoft.windows.common-controls_6595b64144ccf1df_6.0.7601.18837_none_fa3b1e3d17594757\COMCTL32.dll
0x000007fefe940000 - 0x000007fefe9b1000 	C:\Windows\system32\SHLWAPI.dll
0x000007fefda80000 - 0x000007fefdaae000 	C:\Windows\system32\IMM32.DLL
0x000007fefdab0000 - 0x000007fefdbb9000 	C:\Windows\system32\MSCTF.dll
0x0000000065240000 - 0x0000000065312000 	C:\Program Files\Java\jdk1.8.0_45\jre\bin\msvcr100.dll
0x000000005fc00000 - 0x0000000060483000 	C:\Program Files\Java\jdk1.8.0_45\jre\bin\server\jvm.dll
0x000007fefa4a0000 - 0x000007fefa4a9000 	C:\Windows\system32\WSOCK32.dll
0x000007fefe060000 - 0x000007fefe0ad000 	C:\Windows\system32\WS2_32.dll
0x000007fefea60000 - 0x000007fefea68000 	C:\Windows\system32\NSI.dll
0x000007fefb6a0000 - 0x000007fefb6db000 	C:\Windows\system32\WINMM.dll
0x000007fefc7d0000 - 0x000007fefc7dc000 	C:\Windows\system32\VERSION.dll
0x0000000077930000 - 0x0000000077937000 	C:\Windows\system32\PSAPI.DLL
0x0000000068e10000 - 0x0000000068e1f000 	C:\Program Files\Java\jdk1.8.0_45\jre\bin\verify.dll
0x0000000068b00000 - 0x0000000068b29000 	C:\Program Files\Java\jdk1.8.0_45\jre\bin\java.dll
0x0000000068900000 - 0x0000000068916000 	C:\Program Files\Java\jdk1.8.0_45\jre\bin\zip.dll
0x000007fefea70000 - 0x000007feff7f9000 	C:\Windows\system32\SHELL32.dll
0x000007fefe1a0000 - 0x000007fefe3a3000 	C:\Windows\system32\ole32.dll
0x000007fefd670000 - 0x000007fefd67f000 	C:\Windows\system32\profapi.dll

VM Arguments:
jvm_args: -Djava.awt.headless=true -Xmx1024M -Dfile.encoding=GBK -Duser.country=CN -Duser.language=zh -Duser.variant 
java_command: com.android.dx.command.Main --dex --force-jumbo --num-threads=4 --multi-dex --output E:\Download\Demo\xiaobai\app\build\intermediates\transforms\dex\debug\folders\1000\5\slice_1 E:\Download\Demo\xiaobai\app\build\intermediates\transforms\instantRunSlicer\debug\folders\1\5\slice_1
java_class_path (initial): C:\Users\wangc\AppData\Local\Android\sdk\build-tools\23.0.3\lib\dx.jar
Launcher Type: SUN_STANDARD

Environment Variables:
JAVA_HOME=C:\Program Files\Java\jdk1.8.0_45
CLASSPATH=.;C:\Program Files\Java\jdk1.8.0_45\lib;C:\Program Files\Java\jdk1.8.0_45\lib\tools.jar;D:\H5\apache-ant-1.8.1\apache-ant-1.8.1\lib
PATH=C:\ProgramData\Oracle\Java\javapath;C:\Windows\system32;C:\Windows;C:\Windows\System32\Wbem;C:\Windows\System32\WindowsPowerShell\v1.0\; C:\Program Files\Java\jdk1.8.0_45\bin;C:\Program Files\Java\jdk1.8.0_45\jre\bin;C:\Program Files\TortoiseSVN\bin;D:\adt-bundle-windows-x86_64-20140624\adt-bundle-windows-x86_64-20140624\sdk\sdk\platform-tools;D:\adt-bundle-windows-x86_64-20140624\adt-bundle-windows-x86_64-20140624\sdk\sdk\tools;C:\Program Files\nodejs;C:\ProgramData\chocolatey\bin;C:\Program Files\nodejs\;C:\Program Files\Git\cmd;C:\Users\wangc\AppData\Local\Android\sdk\tools;C:\Users\wangc\AppData\Local\Android\sdk\platform-tools;C:\Users\wangc\AppData\Roaming\npm
USERNAME=wangc
OS=Windows_NT
PROCESSOR_IDENTIFIER=Intel64 Family 6 Model 60 Stepping 3, GenuineIntel



---------------  S Y S T E M  ---------------

OS: Windows 7 , 64 bit Build 7601 (6.1.7601.23392)

CPU:total 4 (4 cores per cpu, 1 threads per core) family 6 model 60 stepping 3, cmov, cx8, fxsr, mmx, sse, sse2, sse3, ssse3, sse4.1, sse4.2, popcnt, avx, avx2, aes, clmul, erms, rtm, lzcnt, tsc, tscinvbit, bmi1, bmi2

Memory: 4k page, physical 8060540k(6784k free), swap 12252988k(5120k free)

vm_info: Java HotSpot(TM) 64-Bit Server VM (25.45-b02) for windows-amd64 JRE (1.8.0_45-b14), built on Apr 10 2015 10:34:15 by "java_re" with MS VC++ 10.0 (VS2010)

time: Mon Jun 13 15:25:31 2016
elapsed time: 4 seconds (0d 0h 0m 4s)

