#
# There is insufficient memory for the Java Runtime Environment to continue.
# Native memory allocation (malloc) failed to allocate 1338416 bytes for Chunk::new
# Possible reasons:
#   The system is out of physical RAM or swap space
#   In 32 bit mode, the process size limit was hit
# Possible solutions:
#   Reduce memory load on the system
#   Increase physical memory or swap space
#   Check if swap backing store is full
#   Use 64 bit Java on a 64 bit OS
#   Decrease Java heap size (-Xmx/-Xms)
#   Decrease number of Java threads
#   Decrease Java thread stack sizes (-Xss)
#   Set larger code cache with -XX:ReservedCodeCacheSize=
# This output file may be truncated or incomplete.
#
#  Out of Memory Error (allocation.cpp:390), pid=23400, tid=24988
#
# JRE version: Java(TM) SE Runtime Environment (8.0_45-b14) (build 1.8.0_45-b14)
# Java VM: Java HotSpot(TM) 64-Bit Server VM (25.45-b02 mixed mode windows-amd64 compressed oops)
# Failed to write core dump. Minidumps are not enabled by default on client versions of Windows
#

---------------  T H R E A D  ---------------

Current thread (0x000000005646d000):  JavaThread "C2 CompilerThread0" daemon [_thread_in_native, id=24988, stack(0x0000000056d10000,0x0000000056e10000)]

Stack: [0x0000000056d10000,0x0000000056e10000],  sp=0x0000000056e0b2c0,  free space=1004k
Native frames: (J=compiled Java code, j=interpreted, Vv=VM code, C=native code)
V  [jvm.dll+0x32b57a]


Current CompileTask:
C2:   1711 1139       4       com.android.dx.dex.code.OutputFinisher::addConstants (93 bytes)


---------------  P R O C E S S  ---------------

Java Threads: ( => current thread )
  0x0000000056686000 JavaThread "pool-1-thread-1" [_thread_in_native, id=24280, stack(0x0000000057520000,0x0000000057620000)]
  0x00000000564e8800 JavaThread "Service Thread" daemon [_thread_blocked, id=25028, stack(0x0000000057210000,0x0000000057310000)]
  0x00000000564ca800 JavaThread "C1 CompilerThread2" daemon [_thread_blocked, id=25024, stack(0x00000000570b0000,0x00000000571b0000)]
  0x000000005520b000 JavaThread "C2 CompilerThread1" daemon [_thread_blocked, id=25020, stack(0x0000000056ed0000,0x0000000056fd0000)]
=>0x000000005646d000 JavaThread "C2 CompilerThread0" daemon [_thread_in_native, id=24988, stack(0x0000000056d10000,0x0000000056e10000)]
  0x000000005646b800 JavaThread "Attach Listener" daemon [_thread_blocked, id=22576, stack(0x0000000056ba0000,0x0000000056ca0000)]
  0x000000005646a800 JavaThread "Signal Dispatcher" daemon [_thread_blocked, id=24172, stack(0x00000000569d0000,0x0000000056ad0000)]
  0x00000000551a1800 JavaThread "Finalizer" daemon [_thread_blocked, id=24156, stack(0x0000000056360000,0x0000000056460000)]
  0x00000000551a0000 JavaThread "Reference Handler" daemon [_thread_blocked, id=23828, stack(0x00000000561f0000,0x00000000562f0000)]
  0x00000000025be000 JavaThread "main" [_thread_blocked, id=23488, stack(0x0000000002760000,0x0000000002860000)]

Other Threads:
  0x000000005519a800 VMThread [stack: 0x0000000056050000,0x0000000056150000] [id=22252]
  0x00000000564ed000 WatcherThread [stack: 0x0000000057340000,0x0000000057440000] [id=25076]

VM state:not at safepoint (normal execution)

VM Mutex/Monitor currently owned by a thread: None

Heap:
 PSYoungGen      total 36864K, used 30117K [0x00000000eab00000, 0x00000000ed400000, 0x0000000100000000)
  eden space 31744K, 94% used [0x00000000eab00000,0x00000000ec8696f8,0x00000000eca00000)
  from space 5120K, 0% used [0x00000000ecf00000,0x00000000ecf00000,0x00000000ed400000)
  to   space 5120K, 0% used [0x00000000eca00000,0x00000000eca00000,0x00000000ecf00000)
 ParOldGen       total 84992K, used 0K [0x00000000c0000000, 0x00000000c5300000, 0x00000000eab00000)
  object space 84992K, 0% used [0x00000000c0000000,0x00000000c0000000,0x00000000c5300000)
 Metaspace       used 6227K, capacity 7092K, committed 7296K, reserved 1056768K
  class space    used 615K, capacity 620K, committed 640K, reserved 1048576K

Card table byte_map: [0x0000000011c20000,0x0000000011e30000] byte_map_base: 0x0000000011620000

Marking Bits: (ParMarkBitMap*) 0x00000000611b4040
 Begin Bits: [0x0000000012610000, 0x0000000013610000)
 End Bits:   [0x0000000013610000, 0x0000000014610000)

Polling page: 0x0000000000330000

CodeCache: size=245760Kb used=4999Kb max_used=4999Kb free=240760Kb
 bounds [0x0000000002860000, 0x0000000002d50000, 0x0000000011860000]
 total_blobs=1647 nmethods=1375 adapters=185
 compilation: enabled

Compilation events (10 events):
Event: 1.686 Thread 0x000000005520b000 nmethod 1372 0x0000000002d426d0 code [0x0000000002d42820, 0x0000000002d42938]
Event: 1.686 Thread 0x00000000564ca800 nmethod 1374 0x0000000002d42ad0 code [0x0000000002d42e00, 0x0000000002d44728]
Event: 1.686 Thread 0x00000000564ca800 1375       3       com.android.dx.util.ByteArray::getBytes (39 bytes)
Event: 1.687 Thread 0x00000000564ca800 nmethod 1375 0x0000000002d3d1d0 code [0x0000000002d3d360, 0x0000000002d3d698]
Event: 1.687 Thread 0x00000000564ca800 1376       3       com.android.dx.util.ByteArrayAnnotatedOutput::write (61 bytes)
Event: 1.687 Thread 0x00000000564ca800 nmethod 1376 0x0000000002d3c950 code [0x0000000002d3cb00, 0x0000000002d3cfc8]
Event: 1.688 Thread 0x00000000564ca800 1377       3       com.android.dx.util.ByteArrayAnnotatedOutput::write (9 bytes)
Event: 1.688 Thread 0x00000000564ca800 nmethod 1377 0x0000000002d3c510 code [0x0000000002d3c680, 0x0000000002d3c888]
Event: 1.688 Thread 0x00000000564ca800 1378       3       com.android.dx.util.ByteArrayAnnotatedOutput::write (129 bytes)
Event: 1.688 Thread 0x00000000564ca800 nmethod 1378 0x0000000002d45490 code [0x0000000002d45720, 0x0000000002d46728]

GC Heap History (0 events):
No events

Deoptimization events (10 events):
Event: 1.524 Thread 0x0000000056686000 Uncommon trap: reason=bimorphic action=maybe_recompile pc=0x0000000002abf308 method=java.util.HashMap.getNode(ILjava/lang/Object;)Ljava/util/HashMap$Node; @ 126
Event: 1.527 Thread 0x0000000056686000 Uncommon trap: reason=unstable_if action=reinterpret pc=0x0000000002b939a4 method=java.util.HashMap.putVal(ILjava/lang/Object;Ljava/lang/Object;ZZ)Ljava/lang/Object; @ 94
Event: 1.563 Thread 0x0000000056686000 Uncommon trap: reason=speculate_class_check action=maybe_recompile pc=0x0000000002b65e4c method=com.android.dx.util.FixedSizeList.equals(Ljava/lang/Object;)Z @ 25
Event: 1.563 Thread 0x0000000056686000 Uncommon trap: reason=class_check action=maybe_recompile pc=0x0000000002af6cc0 method=java.util.Arrays.equals([Ljava/lang/Object;[Ljava/lang/Object;)Z @ 62
Event: 1.563 Thread 0x0000000056686000 Uncommon trap: reason=speculate_class_check action=maybe_recompile pc=0x0000000002b65e4c method=com.android.dx.util.FixedSizeList.equals(Ljava/lang/Object;)Z @ 25
Event: 1.563 Thread 0x0000000056686000 Uncommon trap: reason=class_check action=maybe_recompile pc=0x0000000002af6cc0 method=java.util.Arrays.equals([Ljava/lang/Object;[Ljava/lang/Object;)Z @ 62
Event: 1.563 Thread 0x0000000056686000 Uncommon trap: reason=speculate_class_check action=maybe_recompile pc=0x0000000002b65e4c method=com.android.dx.util.FixedSizeList.equals(Ljava/lang/Object;)Z @ 25
Event: 1.563 Thread 0x0000000056686000 Uncommon trap: reason=class_check action=maybe_recompile pc=0x0000000002af6cc0 method=java.util.Arrays.equals([Ljava/lang/Object;[Ljava/lang/Object;)Z @ 62
Event: 1.563 Thread 0x0000000056686000 Uncommon trap: reason=speculate_class_check action=maybe_recompile pc=0x0000000002b65e4c method=com.android.dx.util.FixedSizeList.equals(Ljava/lang/Object;)Z @ 25
Event: 1.563 Thread 0x0000000056686000 Uncommon trap: reason=class_check action=maybe_recompile pc=0x0000000002af6cc0 method=java.util.Arrays.equals([Ljava/lang/Object;[Ljava/lang/Object;)Z @ 62

Internal exceptions (4 events):
Event: 0.047 Thread 0x00000000025be000 Exception <a 'java/lang/NoSuchMethodError': Method sun.misc.Unsafe.defineClass(Ljava/lang/String;[BII)Ljava/lang/Class; name or signature does not match> (0x00000000eab12f08) thrown at [C:\re\workspace\8-2-build-windows-amd64-cygwin\jdk8u45\3457\hotspot\sr=ìxŒ…Íß?
Event: 0.047 Thread 0x00000000025be000 Exception <a 'java/lang/NoSuchMethodError': Method sun.misc.Unsafe.prefetchRead(Ljava/lang/Object;J)V name or signature does not match> (0x00000000eab13198) thrown at [C:\re\workspace\8-2-build-windows-amd64-cygwin\jdk8u45\3457\hotspot\src\share\vm\prims\jDõE\√Ë?
Event: 0.774 Thread 0x0000000056680000 Implicit null exception at 0x0000000002a7b3bc to 0x0000000002a7d815
Event: 1.210 Thread 0x0000000056687000 Implicit null exception at 0x0000000002a94552 to 0x0000000002a94645

Events (10 events):
Event: 1.688 loading class java/security/MessageDigest
Event: 1.689 loading class java/security/MessageDigestSpi
Event: 1.689 loading class java/security/MessageDigestSpi done
Event: 1.689 loading class java/security/MessageDigest done
Event: 1.689 loading class java/security/Security
Event: 1.690 loading class java/security/Security done
Event: 1.690 loading class java/security/Security$1
Event: 1.691 loading class java/security/Security$1 done
Event: 1.691 loading class java/util/Properties$LineReader
Event: 1.692 loading class java/util/Properties$LineReader done


Dynamic libraries:
0x000000013f720000 - 0x000000013f757000 	C:\Program Files\Java\jdk1.8.0_45\bin\java.exe
0x0000000077590000 - 0x000000007773a000 	C:\Windows\SYSTEM32\ntdll.dll
0x0000000077470000 - 0x000000007758f000 	C:\Windows\system32\kernel32.dll
0x000007fefd810000 - 0x000007fefd87a000 	C:\Windows\system32\KERNELBASE.dll
0x000007fefdd50000 - 0x000007fefde2b000 	C:\Windows\system32\ADVAPI32.dll
0x000007fefdb60000 - 0x000007fefdbff000 	C:\Windows\system32\msvcrt.dll
0x000007fefefd0000 - 0x000007fefefef000 	C:\Windows\SYSTEM32\sechost.dll
0x000007feff3b0000 - 0x000007feff4dd000 	C:\Windows\system32\RPCRT4.dll
0x0000000077370000 - 0x000000007746a000 	C:\Windows\system32\USER32.dll
0x000007feff790000 - 0x000007feff7f7000 	C:\Windows\system32\GDI32.dll
0x000007fefda30000 - 0x000007fefda3e000 	C:\Windows\system32\LPK.dll
0x000007fefef00000 - 0x000007fefefca000 	C:\Windows\system32\USP10.dll
0x000007fefbf00000 - 0x000007fefc0f4000 	C:\Windows\WinSxS\amd64_microsoft.windows.common-controls_6595b64144ccf1df_6.0.7601.18837_none_fa3b1e3d17594757\COMCTL32.dll
0x000007fefebc0000 - 0x000007fefec31000 	C:\Windows\system32\SHLWAPI.dll
0x000007fefda50000 - 0x000007fefda7e000 	C:\Windows\system32\IMM32.DLL
0x000007fefeff0000 - 0x000007feff0f9000 	C:\Windows\system32\MSCTF.dll
0x0000000068e20000 - 0x0000000068ef2000 	C:\Program Files\Java\jdk1.8.0_45\jre\bin\msvcr100.dll
0x00000000609b0000 - 0x0000000061233000 	C:\Program Files\Java\jdk1.8.0_45\jre\bin\server\jvm.dll
0x000007fef9d50000 - 0x000007fef9d59000 	C:\Windows\system32\WSOCK32.dll
0x000007feff740000 - 0x000007feff78d000 	C:\Windows\system32\WS2_32.dll
0x000007fefda40000 - 0x000007fefda48000 	C:\Windows\system32\NSI.dll
0x000007fefb4c0000 - 0x000007fefb4fb000 	C:\Windows\system32\WINMM.dll
0x000007fefc5f0000 - 0x000007fefc5fc000 	C:\Windows\system32\VERSION.dll
0x0000000077750000 - 0x0000000077757000 	C:\Windows\system32\PSAPI.DLL
0x000000006a770000 - 0x000000006a77f000 	C:\Program Files\Java\jdk1.8.0_45\jre\bin\verify.dll
0x000000006a740000 - 0x000000006a769000 	C:\Program Files\Java\jdk1.8.0_45\jre\bin\java.dll
0x000000006a720000 - 0x000000006a736000 	C:\Program Files\Java\jdk1.8.0_45\jre\bin\zip.dll
0x000007fefde30000 - 0x000007fefebb9000 	C:\Windows\system32\SHELL32.dll
0x000007feff1a0000 - 0x000007feff3a3000 	C:\Windows\system32\ole32.dll
0x000007fefd490000 - 0x000007fefd49f000 	C:\Windows\system32\profapi.dll

VM Arguments:
jvm_args: -Djava.awt.headless=true -Xmx1024M -Dfile.encoding=GBK -Duser.country=CN -Duser.language=zh -Duser.variant 
java_command: com.android.dx.command.Main --dex --force-jumbo --num-threads=4 --multi-dex --output E:\Download\Demo\xiaobai\app\build\intermediates\transforms\dex\debug\folders\1000\10\com.zhy-okhttputils-2.0.0_3ef956258fdd36d6bb72fe54420863354c0fe5cd E:\Download\Demo\xiaobai\app\build\intermediates\exploded-aar\com.zhy\okhttputils\2.0.0\jars\classes.jar
java_class_path (initial): C:\Users\wangc\AppData\Local\Android\sdk\build-tools\23.0.3\lib\dx.jar
Launcher Type: SUN_STANDARD

Environment Variables:
JAVA_HOME=C:\Program Files\Java\jdk1.8.0_45
CLASSPATH=.;C:\Program Files\Java\jdk1.8.0_45\lib;C:\Program Files\Java\jdk1.8.0_45\lib\tools.jar;D:\H5\apache-ant-1.8.1\apache-ant-1.8.1\lib
PATH=C:\ProgramData\Oracle\Java\javapath;C:\Windows\system32;C:\Windows;C:\Windows\System32\Wbem;C:\Windows\System32\WindowsPowerShell\v1.0\; C:\Program Files\Java\jdk1.8.0_45\bin;C:\Program Files\Java\jdk1.8.0_45\jre\bin;C:\Program Files\TortoiseSVN\bin;D:\adt-bundle-windows-x86_64-20140624\adt-bundle-windows-x86_64-20140624\sdk\sdk\platform-tools;D:\adt-bundle-windows-x86_64-20140624\adt-bundle-windows-x86_64-20140624\sdk\sdk\tools;C:\Program Files\nodejs;C:\ProgramData\chocolatey\bin;C:\Program Files\nodejs\;C:\Program Files\Git\cmd;C:\Users\wangc\AppData\Local\Android\sdk\tools;C:\Users\wangc\AppData\Local\Android\sdk\platform-tools;C:\Users\wangc\AppData\Roaming\npm
USERNAME=wangc
OS=Windows_NT
PROCESSOR_IDENTIFIER=Intel64 Family 6 Model 60 Stepping 3, GenuineIntel



---------------  S Y S T E M  ---------------

OS: Windows 7 , 64 bit Build 7601 (6.1.7601.23392)

CPU:total 4 (4 cores per cpu, 1 threads per core) family 6 model 60 stepping 3, cmov, cx8, fxsr, mmx, sse, sse2, sse3, ssse3, sse4.1, sse4.2, popcnt, avx, avx2, aes, clmul, erms, rtm, lzcnt, tsc, tscinvbit, bmi1, bmi2

Memory: 4k page, physical 8060540k(3700k free), swap 12252988k(5108k free)

vm_info: Java HotSpot(TM) 64-Bit Server VM (25.45-b02) for windows-amd64 JRE (1.8.0_45-b14), built on Apr 10 2015 10:34:15 by "java_re" with MS VC++ 10.0 (VS2010)

time: Wed Jun 08 14:46:35 2016
elapsed time: 1 seconds (0d 0h 0m 1s)

