#
# There is insufficient memory for the Java Runtime Environment to continue.
# Native memory allocation (malloc) failed to allocate 1101904 bytes for Chunk::new
# Possible reasons:
#   The system is out of physical RAM or swap space
#   In 32 bit mode, the process size limit was hit
# Possible solutions:
#   Reduce memory load on the system
#   Increase physical memory or swap space
#   Check if swap backing store is full
#   Use 64 bit Java on a 64 bit OS
#   Decrease Java heap size (-Xmx/-Xms)
#   Decrease number of Java threads
#   Decrease Java thread stack sizes (-Xss)
#   Set larger code cache with -XX:ReservedCodeCacheSize=
# This output file may be truncated or incomplete.
#
#  Out of Memory Error (allocation.cpp:390), pid=24508, tid=24684
#
# JRE version: Java(TM) SE Runtime Environment (8.0_45-b14) (build 1.8.0_45-b14)
# Java VM: Java HotSpot(TM) 64-Bit Server VM (25.45-b02 mixed mode windows-amd64 compressed oops)
# Failed to write core dump. Minidumps are not enabled by default on client versions of Windows
#

---------------  T H R E A D  ---------------

Current thread (0x0000000056658000):  JavaThread "C2 CompilerThread1" daemon [_thread_in_native, id=24684, stack(0x0000000056e10000,0x0000000056f10000)]

Stack: [0x0000000056e10000,0x0000000056f10000]
Native frames: (J=compiled Java code, j=interpreted, Vv=VM code, C=native code)
V  [jvm.dll+0x32b57a]


Current CompileTask:
C2:   1642 1155   !   4       com.android.dx.cf.code.BytecodeArray::parseInstruction (2764 bytes)


---------------  P R O C E S S  ---------------

Java Threads: ( => current thread )
  0x0000000056837000 JavaThread "pool-2-thread-4" [_thread_blocked, id=22996, stack(0x0000000057980000,0x0000000057a80000)]
  0x000000005681b800 JavaThread "pool-2-thread-3" [_thread_blocked, id=24060, stack(0x0000000056f70000,0x0000000057070000)]
  0x000000005681a800 JavaThread "pool-2-thread-2" [_thread_in_Java, id=25252, stack(0x0000000057820000,0x0000000057920000)]
  0x0000000056818000 JavaThread "pool-3-thread-1" [_thread_blocked, id=23480, stack(0x0000000057710000,0x0000000057810000)]
  0x0000000056815000 JavaThread "pool-2-thread-1" [_thread_blocked, id=23712, stack(0x00000000575a0000,0x00000000576a0000)]
  0x000000005666d000 JavaThread "Service Thread" daemon [_thread_blocked, id=24704, stack(0x0000000057170000,0x0000000057270000)]
  0x0000000056661800 JavaThread "C1 CompilerThread2" daemon [_thread_in_native, id=25180, stack(0x0000000057070000,0x0000000057170000)]
=>0x0000000056658000 JavaThread "C2 CompilerThread1" daemon [_thread_in_native, id=24684, stack(0x0000000056e10000,0x0000000056f10000)]
  0x000000005531c000 JavaThread "C2 CompilerThread0" daemon [_thread_in_native, id=24432, stack(0x0000000056c10000,0x0000000056d10000)]
  0x00000000565f9000 JavaThread "Attach Listener" daemon [_thread_blocked, id=16656, stack(0x00000000563a0000,0x00000000564a0000)]
  0x00000000565f8800 JavaThread "Signal Dispatcher" daemon [_thread_blocked, id=24008, stack(0x0000000056aa0000,0x0000000056ba0000)]
  0x00000000552b1800 JavaThread "Finalizer" daemon [_thread_blocked, id=24988, stack(0x00000000564f0000,0x00000000565f0000)]
  0x00000000552b0000 JavaThread "Reference Handler" daemon [_thread_blocked, id=24280, stack(0x0000000056100000,0x0000000056200000)]
  0x000000000265e000 JavaThread "main" [_thread_blocked, id=24680, stack(0x0000000002870000,0x0000000002970000)]

Other Threads:
  0x00000000552aa800 VMThread [stack: 0x00000000562a0000,0x00000000563a0000] [id=25028]
  0x0000000056667000 WatcherThread [stack: 0x00000000573e0000,0x00000000574e0000] [id=25592]

VM state:not at safepoint (normal execution)

VM Mutex/Monitor currently owned by a thread: None

Heap:
 PSYoungGen      total 36864K, used 29217K [0x00000000eab00000, 0x00000000ed400000, 0x0000000100000000)
  eden space 31744K, 92% used [0x00000000eab00000,0x00000000ec788480,0x00000000eca00000)
  from space 5120K, 0% used [0x00000000ecf00000,0x00000000ecf00000,0x00000000ed400000)
  to   space 5120K, 0% used [0x00000000eca00000,0x00000000eca00000,0x00000000ecf00000)
 ParOldGen       total 84992K, used 0K [0x00000000c0000000, 0x00000000c5300000, 0x00000000eab00000)
  object space 84992K, 0% used [0x00000000c0000000,0x00000000c0000000,0x00000000c5300000)
 Metaspace       used 5930K, capacity 6896K, committed 7040K, reserved 1056768K
  class space    used 591K, capacity 616K, committed 640K, reserved 1048576K

Card table byte_map: [0x0000000011d30000,0x0000000011f40000] byte_map_base: 0x0000000011730000

Marking Bits: (ParMarkBitMap*) 0x00000000611b4040
 Begin Bits: [0x0000000012720000, 0x0000000013720000)
 End Bits:   [0x0000000013720000, 0x0000000014720000)

Polling page: 0x0000000000130000

CodeCache: size=245760Kb used=4779Kb max_used=4779Kb free=240980Kb
 bounds [0x0000000002970000, 0x0000000002e20000, 0x0000000011970000]
 total_blobs=1482 nmethods=1210 adapters=184
 compilation: disabled (not enough contiguous free space left)

Compilation events (10 events):
Event: 1.637 Thread 0x0000000056661800 nmethod 1198 0x0000000002e0fad0 code [0x0000000002e0fc40, 0x0000000002e0fdc8]
Event: 1.637 Thread 0x0000000056661800 1201       3       com.android.dx.rop.cst.CstString::equals (24 bytes)
Event: 1.637 Thread 0x0000000056661800 nmethod 1201 0x0000000002e0fe50 code [0x0000000002e0ffc0, 0x0000000002e103e8]
Event: 1.637 Thread 0x0000000056661800 1205       3       com.android.dx.rop.code.Rops::opMoveParam (69 bytes)
Event: 1.637 Thread 0x0000000056661800 nmethod 1205 0x0000000002e10510 code [0x0000000002e10740, 0x0000000002e112f8]
Event: 1.637 Thread 0x0000000056661800 1206       3       com.android.dx.ssa.SsaMethod::makeNewGotoBlock (52 bytes)
Event: 1.638 Thread 0x0000000056661800 nmethod 1206 0x0000000002e11890 code [0x0000000002e11ae0, 0x0000000002e128e8]
Event: 1.638 Thread 0x0000000056661800 1208       3       com.android.dx.ssa.back.InterferenceGraph::<init> (42 bytes)
Event: 1.638 Thread 0x0000000056661800 nmethod 1208 0x0000000002e130d0 code [0x0000000002e132e0, 0x0000000002e13d88]
Event: 1.638 Thread 0x0000000056661800 1212       3       com.android.dx.ssa.SsaMethod::forEachBlockDepthFirstDom (128 bytes)

GC Heap History (0 events):
No events

Deoptimization events (4 events):
Event: 1.147 Thread 0x000000005681b800 Uncommon trap: reason=unstable_if action=reinterpret pc=0x0000000002b55048 method=java.util.HashMap.getNode(ILjava/lang/Object;)Ljava/util/HashMap$Node; @ 129
Event: 1.163 Thread 0x000000005681b800 Uncommon trap: reason=unstable_if action=reinterpret pc=0x0000000002b614e0 method=java.util.BitSet.nextSetBit(I)I @ 87
Event: 1.395 Thread 0x000000005681b800 Uncommon trap: reason=unstable_if action=reinterpret pc=0x0000000002b968f0 method=java.util.HashMap.getNode(ILjava/lang/Object;)Ljava/util/HashMap$Node; @ 129
Event: 1.634 Thread 0x000000005681a800 Uncommon trap: reason=unstable_if action=reinterpret pc=0x0000000002d957cc method=com.android.dx.ssa.SsaMethod.updateOneDefinition(Lcom/android/dx/ssa/SsaInsn;Lcom/android/dx/rop/code/RegisterSpec;)V @ 4

Internal exceptions (2 events):
Event: 0.096 Thread 0x000000000265e000 Exception <a 'java/lang/NoSuchMethodError': Method sun.misc.Unsafe.defineClass(Ljava/lang/String;[BII)Ljava/lang/Class; name or signature does not match> (0x00000000eab12f08) thrown at [C:\re\workspace\8-2-build-windows-amd64-cygwin\jdk8u45\3457\hotspot\srU%—Pµ¸?
Event: 0.097 Thread 0x000000000265e000 Exception <a 'java/lang/NoSuchMethodError': Method sun.misc.Unsafe.prefetchRead(Ljava/lang/Object;J)V name or signature does not match> (0x00000000eab13198) thrown at [C:\re\workspace\8-2-build-windows-amd64-cygwin\jdk8u45\3457\hotspot\src\share\vm\prims\j

Events (10 events):
Event: 1.612 loading class com/android/dx/cf/direct/AnnotationParser done
Event: 1.613 loading class com/android/dx/cf/attrib/AttRuntimeVisibleAnnotations
Event: 1.613 loading class com/android/dx/cf/attrib/AttRuntimeVisibleAnnotations done
Event: 1.613 loading class com/android/dx/cf/attrib/BaseAnnotations
Event: 1.613 loading class com/android/dx/cf/attrib/BaseAnnotations done
Event: 1.633 loading class com/android/dx/rop/code/RegOps
Event: 1.633 loading class com/android/dx/rop/code/RegOps done
Event: 1.634 Thread 0x000000005681a800 Uncommon trap: trap_request=0xffffff65 fr.pc=0x0000000002d957cc
Event: 1.634 Thread 0x000000005681a800 DEOPT PACKING pc=0x0000000002d957cc sp=0x000000005791e570
Event: 1.634 Thread 0x000000005681a800 DEOPT UNPACKING pc=0x00000000029b582a sp=0x000000005791e518 mode 2


Dynamic libraries:
0x000000013f720000 - 0x000000013f757000 	C:\Program Files\Java\jdk1.8.0_45\bin\java.exe
0x0000000077590000 - 0x000000007773a000 	C:\Windows\SYSTEM32\ntdll.dll
0x0000000077470000 - 0x000000007758f000 	C:\Windows\system32\kernel32.dll
0x000007fefd810000 - 0x000007fefd87a000 	C:\Windows\system32\KERNELBASE.dll
0x000007fefdd50000 - 0x000007fefde2b000 	C:\Windows\system32\ADVAPI32.dll
0x000007fefdb60000 - 0x000007fefdbff000 	C:\Windows\system32\msvcrt.dll
0x000007fefefd0000 - 0x000007fefefef000 	C:\Windows\SYSTEM32\sechost.dll
0x000007feff3b0000 - 0x000007feff4dd000 	C:\Windows\system32\RPCRT4.dll
0x0000000077370000 - 0x000000007746a000 	C:\Windows\system32\USER32.dll
0x000007feff790000 - 0x000007feff7f7000 	C:\Windows\system32\GDI32.dll
0x000007fefda30000 - 0x000007fefda3e000 	C:\Windows\system32\LPK.dll
0x000007fefef00000 - 0x000007fefefca000 	C:\Windows\system32\USP10.dll
0x000007fefbf00000 - 0x000007fefc0f4000 	C:\Windows\WinSxS\amd64_microsoft.windows.common-controls_6595b64144ccf1df_6.0.7601.18837_none_fa3b1e3d17594757\COMCTL32.dll
0x000007fefebc0000 - 0x000007fefec31000 	C:\Windows\system32\SHLWAPI.dll
0x000007fefda50000 - 0x000007fefda7e000 	C:\Windows\system32\IMM32.DLL
0x000007fefeff0000 - 0x000007feff0f9000 	C:\Windows\system32\MSCTF.dll
0x0000000068e20000 - 0x0000000068ef2000 	C:\Program Files\Java\jdk1.8.0_45\jre\bin\msvcr100.dll
0x00000000609b0000 - 0x0000000061233000 	C:\Program Files\Java\jdk1.8.0_45\jre\bin\server\jvm.dll
0x000007fef9d50000 - 0x000007fef9d59000 	C:\Windows\system32\WSOCK32.dll
0x000007feff740000 - 0x000007feff78d000 	C:\Windows\system32\WS2_32.dll
0x000007fefda40000 - 0x000007fefda48000 	C:\Windows\system32\NSI.dll
0x000007fefb4c0000 - 0x000007fefb4fb000 	C:\Windows\system32\WINMM.dll
0x000007fefc5f0000 - 0x000007fefc5fc000 	C:\Windows\system32\VERSION.dll
0x0000000077750000 - 0x0000000077757000 	C:\Windows\system32\PSAPI.DLL
0x000000006a770000 - 0x000000006a77f000 	C:\Program Files\Java\jdk1.8.0_45\jre\bin\verify.dll
0x000000006a740000 - 0x000000006a769000 	C:\Program Files\Java\jdk1.8.0_45\jre\bin\java.dll
0x000000006a720000 - 0x000000006a736000 	C:\Program Files\Java\jdk1.8.0_45\jre\bin\zip.dll
0x000007fefde30000 - 0x000007fefebb9000 	C:\Windows\system32\SHELL32.dll
0x000007feff1a0000 - 0x000007feff3a3000 	C:\Windows\system32\ole32.dll
0x000007fefd490000 - 0x000007fefd49f000 	C:\Windows\system32\profapi.dll
0x000007feecda0000 - 0x000007feecec5000 	C:\Windows\system32\dbghelp.dll

VM Arguments:
jvm_args: -Djava.awt.headless=true -Xmx1024M -Dfile.encoding=GBK -Duser.country=CN -Duser.language=zh -Duser.variant 
java_command: com.android.dx.command.Main --dex --force-jumbo --num-threads=4 --multi-dex --output E:\Download\Demo\xiaobai\app\build\intermediates\transforms\dex\debug\folders\1000\10\com.google.android.gms-play-services-appindexing-8.1.0_7de44f0160b11b15bf6f52ab83a7af05adf11a7f E:\Download\Demo\xiaobai\app\build\intermediates\exploded-aar\com.google.android.gms\play-services-appindexing\8.1.0\jars\classes.jar
java_class_path (initial): C:\Users\wangc\AppData\Local\Android\sdk\build-tools\23.0.3\lib\dx.jar
Launcher Type: SUN_STANDARD

Environment Variables:
JAVA_HOME=C:\Program Files\Java\jdk1.8.0_45
CLASSPATH=.;C:\Program Files\Java\jdk1.8.0_45\lib;C:\Program Files\Java\jdk1.8.0_45\lib\tools.jar;D:\H5\apache-ant-1.8.1\apache-ant-1.8.1\lib
PATH=C:\ProgramData\Oracle\Java\javapath;C:\Windows\system32;C:\Windows;C:\Windows\System32\Wbem;C:\Windows\System32\WindowsPowerShell\v1.0\; C:\Program Files\Java\jdk1.8.0_45\bin;C:\Program Files\Java\jdk1.8.0_45\jre\bin;C:\Program Files\TortoiseSVN\bin;D:\adt-bundle-windows-x86_64-20140624\adt-bundle-windows-x86_64-20140624\sdk\sdk\platform-tools;D:\adt-bundle-windows-x86_64-20140624\adt-bundle-windows-x86_64-20140624\sdk\sdk\tools;C:\Program Files\nodejs;C:\ProgramData\chocolatey\bin;C:\Program Files\nodejs\;C:\Program Files\Git\cmd;C:\Users\wangc\AppData\Local\Android\sdk\tools;C:\Users\wangc\AppData\Local\Android\sdk\platform-tools;C:\Users\wangc\AppData\Roaming\npm
USERNAME=wangc
OS=Windows_NT
PROCESSOR_IDENTIFIER=Intel64 Family 6 Model 60 Stepping 3, GenuineIntel



---------------  S Y S T E M  ---------------

OS: Windows 7 , 64 bit Build 7601 (6.1.7601.23392)

CPU:total 4 (4 cores per cpu, 1 threads per core) family 6 model 60 stepping 3, cmov, cx8, fxsr, mmx, sse, sse2, sse3, ssse3, sse4.1, sse4.2, popcnt, avx, avx2, aes, clmul, erms, rtm, lzcnt, tsc, tscinvbit, bmi1, bmi2

Memory: 4k page, physical 8060540k(135172k free), swap 12252988k(5064k free)

vm_info: Java HotSpot(TM) 64-Bit Server VM (25.45-b02) for windows-amd64 JRE (1.8.0_45-b14), built on Apr 10 2015 10:34:15 by "java_re" with MS VC++ 10.0 (VS2010)

time: Wed Jun 08 14:46:42 2016
elapsed time: 1 seconds (0d 0h 0m 1s)

